[0.617s] Invoking command in '/workspace/build/panda_ros2_gazebo': CMAKE_PREFIX_PATH=${CMAKE_PREFIX_PATH}:/workspace/install/srvcli:/workspace/install/pubsub:/workspace/install/my_py_pkg:/workspace/install/inverse_kinematics:/opt/ros/humble /usr/bin/cmake /workspace/src/ros2_RobotSimulation/PandaRobot/panda_ros2_gazebo -DCMAKE_INSTALL_PREFIX=/workspace/install/panda_ros2_gazebo
[0.782s] -- The C compiler identification is GNU 11.3.0
[0.937s] -- The CXX compiler identification is GNU 11.3.0
[0.956s] -- Detecting C compiler ABI info
[1.174s] -- Detecting C compiler ABI info - done
[1.197s] -- Check for working C compiler: /usr/bin/cc - skipped
[1.197s] -- Detecting C compile features
[1.198s] -- Detecting C compile features - done
[1.205s] -- Detecting CXX compiler ABI info
[1.388s] -- Detecting CXX compiler ABI info - done
[1.427s] -- Check for working CXX compiler: /usr/bin/c++ - skipped
[1.427s] -- Detecting CXX compile features
[1.431s] -- Detecting CXX compile features - done
[1.442s] -- Found ament_cmake: 1.3.4 (/opt/ros/humble/share/ament_cmake/cmake)
[1.866s] -- Found Python3: /usr/bin/python3.10 (found version "3.10.6") found components: Interpreter 
[2.131s] -- Found ament_lint_auto: 0.12.6 (/opt/ros/humble/share/ament_lint_auto/cmake)
[2.376s] -- Added test 'copyright' to check source files copyright and LICENSE
[2.385s] -- Added test 'flake8' to check Python code syntax and style conventions
[2.387s] -- Added test 'lint_cmake' to check CMake code style
[2.389s] -- Added test 'pep257' to check Python code against some of the docstring style conventions in PEP 257
[2.401s] -- Added test 'xmllint' to check XML markup files
[2.407s] -- Configuring done
[2.410s] -- Generating done
[2.411s] -- Build files have been written to: /workspace/build/panda_ros2_gazebo
[2.450s] Invoked command in '/workspace/build/panda_ros2_gazebo' returned '0': CMAKE_PREFIX_PATH=${CMAKE_PREFIX_PATH}:/workspace/install/srvcli:/workspace/install/pubsub:/workspace/install/my_py_pkg:/workspace/install/inverse_kinematics:/opt/ros/humble /usr/bin/cmake /workspace/src/ros2_RobotSimulation/PandaRobot/panda_ros2_gazebo -DCMAKE_INSTALL_PREFIX=/workspace/install/panda_ros2_gazebo
[2.456s] Invoking command in '/workspace/build/panda_ros2_gazebo': CMAKE_PREFIX_PATH=${CMAKE_PREFIX_PATH}:/workspace/install/srvcli:/workspace/install/pubsub:/workspace/install/my_py_pkg:/workspace/install/inverse_kinematics:/opt/ros/humble /usr/bin/cmake --build /workspace/build/panda_ros2_gazebo -- -j12 -l12
[2.540s] Invoked command in '/workspace/build/panda_ros2_gazebo' returned '0': CMAKE_PREFIX_PATH=${CMAKE_PREFIX_PATH}:/workspace/install/srvcli:/workspace/install/pubsub:/workspace/install/my_py_pkg:/workspace/install/inverse_kinematics:/opt/ros/humble /usr/bin/cmake --build /workspace/build/panda_ros2_gazebo -- -j12 -l12
[2.627s] Invoking command in '/workspace/build/panda_ros2_gazebo': CMAKE_PREFIX_PATH=${CMAKE_PREFIX_PATH}:/workspace/install/srvcli:/workspace/install/pubsub:/workspace/install/my_py_pkg:/workspace/install/inverse_kinematics:/opt/ros/humble /usr/bin/cmake --install /workspace/build/panda_ros2_gazebo
[2.646s] -- Install configuration: ""
[2.647s] -- Installing: /workspace/install/panda_ros2_gazebo/share/panda_ros2_gazebo/config
[2.648s] -- Installing: /workspace/install/panda_ros2_gazebo/share/panda_ros2_gazebo/config/panda_controller.yaml
[2.648s] -- Installing: /workspace/install/panda_ros2_gazebo/share/panda_ros2_gazebo/launch
[2.649s] -- Installing: /workspace/install/panda_ros2_gazebo/share/panda_ros2_gazebo/launch/panda_simulation.launch.py
[2.649s] -- Installing: /workspace/install/panda_ros2_gazebo/share/panda_ros2_gazebo/urdf
[2.649s] -- Installing: /workspace/install/panda_ros2_gazebo/share/panda_ros2_gazebo/urdf/panda_macro.urdf.xacro
[2.649s] -- Installing: /workspace/install/panda_ros2_gazebo/share/panda_ros2_gazebo/urdf/panda_transmission.xacro
[2.649s] -- Installing: /workspace/install/panda_ros2_gazebo/share/panda_ros2_gazebo/urdf/panda_ros2control.xacro
[2.649s] -- Installing: /workspace/install/panda_ros2_gazebo/share/panda_ros2_gazebo/urdf/panda.urdf.xacro
[2.649s] -- Installing: /workspace/install/panda_ros2_gazebo/share/panda_ros2_gazebo/worlds
[2.650s] -- Installing: /workspace/install/panda_ros2_gazebo/share/panda_ros2_gazebo/worlds/panda.world
[2.650s] -- Installing: /workspace/install/panda_ros2_gazebo/share/panda_ros2_gazebo/meshes
[2.650s] -- Installing: /workspace/install/panda_ros2_gazebo/share/panda_ros2_gazebo/meshes/collision
[2.650s] -- Installing: /workspace/install/panda_ros2_gazebo/share/panda_ros2_gazebo/meshes/collision/link7.stl
[2.650s] -- Installing: /workspace/install/panda_ros2_gazebo/share/panda_ros2_gazebo/meshes/collision/link5.stl
[2.650s] -- Installing: /workspace/install/panda_ros2_gazebo/share/panda_ros2_gazebo/meshes/collision/link1.stl
[2.651s] -- Installing: /workspace/install/panda_ros2_gazebo/share/panda_ros2_gazebo/meshes/collision/link2.stl
[2.651s] -- Installing: /workspace/install/panda_ros2_gazebo/share/panda_ros2_gazebo/meshes/collision/link3.stl
[2.651s] -- Installing: /workspace/install/panda_ros2_gazebo/share/panda_ros2_gazebo/meshes/collision/link4.stl
[2.651s] -- Installing: /workspace/install/panda_ros2_gazebo/share/panda_ros2_gazebo/meshes/collision/finger.stl
[2.651s] -- Installing: /workspace/install/panda_ros2_gazebo/share/panda_ros2_gazebo/meshes/collision/link6.stl
[2.651s] -- Installing: /workspace/install/panda_ros2_gazebo/share/panda_ros2_gazebo/meshes/collision/link0.stl
[2.652s] -- Installing: /workspace/install/panda_ros2_gazebo/share/panda_ros2_gazebo/meshes/collision/hand.stl
[2.652s] -- Installing: /workspace/install/panda_ros2_gazebo/share/panda_ros2_gazebo/meshes/visual
[2.652s] -- Installing: /workspace/install/panda_ros2_gazebo/share/panda_ros2_gazebo/meshes/visual/hand.dae
[2.653s] -- Installing: /workspace/install/panda_ros2_gazebo/share/panda_ros2_gazebo/meshes/visual/link4.dae
[2.653s] -- Installing: /workspace/install/panda_ros2_gazebo/share/panda_ros2_gazebo/meshes/visual/link0.dae
[2.657s] -- Installing: /workspace/install/panda_ros2_gazebo/share/panda_ros2_gazebo/meshes/visual/finger.dae
[2.658s] -- Installing: /workspace/install/panda_ros2_gazebo/share/panda_ros2_gazebo/meshes/visual/link7.dae
[2.675s] -- Installing: /workspace/install/panda_ros2_gazebo/share/panda_ros2_gazebo/meshes/visual/link2.dae
[2.675s] -- Installing: /workspace/install/panda_ros2_gazebo/share/panda_ros2_gazebo/meshes/visual/link5.dae
[2.676s] -- Installing: /workspace/install/panda_ros2_gazebo/share/panda_ros2_gazebo/meshes/visual/link1.dae
[2.676s] -- Installing: /workspace/install/panda_ros2_gazebo/share/panda_ros2_gazebo/meshes/visual/link3.dae
[2.677s] -- Installing: /workspace/install/panda_ros2_gazebo/share/panda_ros2_gazebo/meshes/visual/link6.dae
[2.677s] -- Installing: /workspace/install/panda_ros2_gazebo/share/ament_index/resource_index/package_run_dependencies/panda_ros2_gazebo
[2.677s] -- Installing: /workspace/install/panda_ros2_gazebo/share/ament_index/resource_index/parent_prefix_path/panda_ros2_gazebo
[2.677s] -- Installing: /workspace/install/panda_ros2_gazebo/share/panda_ros2_gazebo/environment/ament_prefix_path.sh
[2.678s] -- Installing: /workspace/install/panda_ros2_gazebo/share/panda_ros2_gazebo/environment/ament_prefix_path.dsv
[2.682s] -- Installing: /workspace/install/panda_ros2_gazebo/share/panda_ros2_gazebo/environment/path.sh
[2.682s] -- Installing: /workspace/install/panda_ros2_gazebo/share/panda_ros2_gazebo/environment/path.dsv
[2.682s] -- Installing: /workspace/install/panda_ros2_gazebo/share/panda_ros2_gazebo/local_setup.bash
[2.682s] -- Installing: /workspace/install/panda_ros2_gazebo/share/panda_ros2_gazebo/local_setup.sh
[2.683s] -- Installing: /workspace/install/panda_ros2_gazebo/share/panda_ros2_gazebo/local_setup.zsh
[2.683s] -- Installing: /workspace/install/panda_ros2_gazebo/share/panda_ros2_gazebo/local_setup.dsv
[2.683s] -- Installing: /workspace/install/panda_ros2_gazebo/share/panda_ros2_gazebo/package.dsv
[2.683s] -- Installing: /workspace/install/panda_ros2_gazebo/share/ament_index/resource_index/packages/panda_ros2_gazebo
[2.683s] -- Installing: /workspace/install/panda_ros2_gazebo/share/panda_ros2_gazebo/cmake/panda_ros2_gazeboConfig.cmake
[2.683s] -- Installing: /workspace/install/panda_ros2_gazebo/share/panda_ros2_gazebo/cmake/panda_ros2_gazeboConfig-version.cmake
[2.684s] -- Installing: /workspace/install/panda_ros2_gazebo/share/panda_ros2_gazebo/package.xml
[2.700s] Invoked command in '/workspace/build/panda_ros2_gazebo' returned '0': CMAKE_PREFIX_PATH=${CMAKE_PREFIX_PATH}:/workspace/install/srvcli:/workspace/install/pubsub:/workspace/install/my_py_pkg:/workspace/install/inverse_kinematics:/opt/ros/humble /usr/bin/cmake --install /workspace/build/panda_ros2_gazebo
