[0.605s] Invoking command in '/workspace/build/ros2_grasping': CMAKE_PREFIX_PATH=${CMAKE_PREFIX_PATH}:/workspace/install/srvcli:/workspace/install/pubsub:/workspace/install/my_py_pkg:/workspace/install/inverse_kinematics:/opt/ros/humble /usr/bin/cmake /workspace/src/ros2_RobotSimulation/ros2_grasping -DCMAKE_INSTALL_PREFIX=/workspace/install/ros2_grasping
[1.801s] -- The C compiler identification is GNU 11.3.0
[1.802s] -- The CXX compiler identification is GNU 11.3.0
[1.804s] -- Detecting C compiler ABI info
[1.804s] -- Detecting C compiler ABI info - done
[1.804s] -- Check for working C compiler: /usr/bin/cc - skipped
[1.804s] -- Detecting C compile features
[1.804s] -- Detecting C compile features - done
[1.805s] -- Detecting CXX compiler ABI info
[1.805s] -- Detecting CXX compiler ABI info - done
[1.805s] -- Check for working CXX compiler: /usr/bin/c++ - skipped
[1.805s] -- Detecting CXX compile features
[1.805s] -- Detecting CXX compile features - done
[1.806s] -- Found ament_cmake: 1.3.4 (/opt/ros/humble/share/ament_cmake/cmake)
[1.900s] -- Found Python3: /usr/bin/python3.10 (found version "3.10.6") found components: Interpreter 
[2.158s] -- Found ament_lint_auto: 0.12.6 (/opt/ros/humble/share/ament_lint_auto/cmake)
[2.411s] -- Found rosidl_default_generators: 1.2.0 (/opt/ros/humble/share/rosidl_default_generators/cmake)
[2.436s] -- Using all available rosidl_typesupport_c: rosidl_typesupport_fastrtps_c;rosidl_typesupport_introspection_c
[2.464s] -- Found rosidl_adapter: 3.1.4 (/opt/ros/humble/share/rosidl_adapter/cmake)
[2.610s] -- Using all available rosidl_typesupport_cpp: rosidl_typesupport_fastrtps_cpp;rosidl_typesupport_introspection_cpp
[3.115s] -- Found ament_cmake_ros: 0.10.0 (/opt/ros/humble/share/ament_cmake_ros/cmake)
[3.392s] -- Using all available rosidl_typesupport_c: rosidl_typesupport_fastrtps_c;rosidl_typesupport_introspection_c
[3.694s] -- Using all available rosidl_typesupport_cpp: rosidl_typesupport_fastrtps_cpp;rosidl_typesupport_introspection_cpp
[3.716s] -- Found PythonInterp: /usr/bin/python3 (found suitable version "3.10.6", minimum required is "3.6") 
[3.720s] -- Found python_cmake_module: 0.10.0 (/opt/ros/humble/share/python_cmake_module/cmake)
[3.744s] -- Found PythonLibs: /usr/lib/x86_64-linux-gnu/libpython3.10.so (found suitable version "3.10.6", minimum required is "3.5") 
[3.744s] -- Using PYTHON_EXECUTABLE: /usr/bin/python3
[3.745s] -- Using PYTHON_INCLUDE_DIRS: /usr/include/python3.10
[3.745s] -- Using PYTHON_LIBRARIES: /usr/lib/x86_64-linux-gnu/libpython3.10.so
[3.765s] -- Found PythonExtra: .so  
[3.834s] -- Added test 'copyright' to check source files copyright and LICENSE
[3.837s] -- Added test 'flake8' to check Python code syntax and style conventions
[3.838s] -- Added test 'lint_cmake' to check CMake code style
[3.839s] -- Added test 'pep257' to check Python code against some of the docstring style conventions in PEP 257
[3.841s] -- Added test 'xmllint' to check XML markup files
[3.848s] -- Configuring done
[3.890s] -- Generating done
[3.894s] -- Build files have been written to: /workspace/build/ros2_grasping
[3.904s] Invoked command in '/workspace/build/ros2_grasping' returned '0': CMAKE_PREFIX_PATH=${CMAKE_PREFIX_PATH}:/workspace/install/srvcli:/workspace/install/pubsub:/workspace/install/my_py_pkg:/workspace/install/inverse_kinematics:/opt/ros/humble /usr/bin/cmake /workspace/src/ros2_RobotSimulation/ros2_grasping -DCMAKE_INSTALL_PREFIX=/workspace/install/ros2_grasping
[3.906s] Invoking command in '/workspace/build/ros2_grasping': CMAKE_PREFIX_PATH=${CMAKE_PREFIX_PATH}:/workspace/install/srvcli:/workspace/install/pubsub:/workspace/install/my_py_pkg:/workspace/install/inverse_kinematics:/opt/ros/humble /usr/bin/cmake --build /workspace/build/ros2_grasping -- -j12 -l12
[3.950s] [  3%] [34m[1mGenerating C code for ROS interfaces[0m
[3.963s] [  6%] [34m[1mGenerating C++ code for ROS interfaces[0m
[3.974s] [  6%] Built target ament_cmake_python_copy_ros2_grasping
[4.306s] running egg_info
[4.307s] creating ros2_grasping.egg-info
[4.307s] writing ros2_grasping.egg-info/PKG-INFO
[4.308s] writing dependency_links to ros2_grasping.egg-info/dependency_links.txt
[4.308s] writing top-level names to ros2_grasping.egg-info/top_level.txt
[4.308s] writing manifest file 'ros2_grasping.egg-info/SOURCES.txt'
[4.310s] reading manifest file 'ros2_grasping.egg-info/SOURCES.txt'
[4.311s] writing manifest file 'ros2_grasping.egg-info/SOURCES.txt'
[4.345s] [  6%] Built target ament_cmake_python_build_ros2_grasping_egg
[4.541s] [  6%] Built target ros2_grasping__cpp
[4.555s] [  9%] [34m[1mGenerating C++ type support for eProsima Fast-RTPS[0m
[4.555s] [ 12%] [34m[1mGenerating C++ type support dispatch for ROS interfaces[0m
[4.558s] [ 16%] [34m[1mGenerating C++ introspection for ROS interfaces[0m
[4.589s] [ 19%] [32mBuilding C object CMakeFiles/ros2_grasping__rosidl_generator_c.dir/rosidl_generator_c/ros2_grasping/action/detail/attacher__functions.c.o[0m
[4.774s] [ 22%] [32m[1mLinking C shared library libros2_grasping__rosidl_generator_c.so[0m
[4.823s] [ 22%] Built target ros2_grasping__rosidl_generator_c
[4.840s] [ 25%] [34m[1mGenerating C type support for eProsima Fast-RTPS[0m
[4.840s] [ 29%] [34m[1mGenerating C introspection for ROS interfaces[0m
[4.841s] [ 32%] [34m[1mGenerating C type support dispatch for ROS interfaces[0m
[4.957s] [ 35%] [32mBuilding CXX object CMakeFiles/ros2_grasping__rosidl_typesupport_cpp.dir/rosidl_typesupport_cpp/ros2_grasping/action/attacher__type_support.cpp.o[0m
[5.118s] [ 38%] [32mBuilding CXX object CMakeFiles/ros2_grasping__rosidl_typesupport_fastrtps_cpp.dir/rosidl_typesupport_fastrtps_cpp/ros2_grasping/action/detail/dds_fastrtps/attacher__type_support.cpp.o[0m
[5.157s] [ 41%] [32mBuilding CXX object CMakeFiles/ros2_grasping__rosidl_typesupport_introspection_cpp.dir/rosidl_typesupport_introspection_cpp/ros2_grasping/action/detail/attacher__type_support.cpp.o[0m
[5.478s] [ 45%] [32mBuilding CXX object CMakeFiles/ros2_grasping__rosidl_typesupport_c.dir/rosidl_typesupport_c/ros2_grasping/action/attacher__type_support.cpp.o[0m
[5.568s] [ 48%] [32m[1mLinking CXX shared library libros2_grasping__rosidl_typesupport_c.so[0m
[5.581s] [ 51%] [32mBuilding CXX object CMakeFiles/ros2_grasping__rosidl_typesupport_fastrtps_c.dir/rosidl_typesupport_fastrtps_c/ros2_grasping/action/detail/attacher__type_support_c.cpp.o[0m
[5.647s] [ 51%] Built target ros2_grasping__rosidl_typesupport_c
[5.672s] [ 54%] [32mBuilding C object CMakeFiles/ros2_grasping__rosidl_typesupport_introspection_c.dir/rosidl_typesupport_introspection_c/ros2_grasping/action/detail/attacher__type_support.c.o[0m
[5.745s] [ 58%] [32m[1mLinking C shared library libros2_grasping__rosidl_typesupport_introspection_c.so[0m
[5.787s] [ 58%] Built target ros2_grasping__rosidl_typesupport_introspection_c
[5.863s] [ 61%] [32m[1mLinking CXX shared library libros2_grasping__rosidl_typesupport_cpp.so[0m
[5.905s] [ 64%] [32m[1mLinking CXX shared library libros2_grasping__rosidl_typesupport_fastrtps_cpp.so[0m
[5.920s] [ 64%] Built target ros2_grasping__rosidl_typesupport_cpp
[5.965s] [ 67%] [32m[1mLinking CXX shared library libros2_grasping__rosidl_typesupport_introspection_cpp.so[0m
[5.995s] [ 67%] Built target ros2_grasping__rosidl_typesupport_fastrtps_cpp
[6.048s] [ 67%] Built target ros2_grasping__rosidl_typesupport_introspection_cpp
[6.110s] [ 70%] [32m[1mLinking CXX shared library libros2_grasping__rosidl_typesupport_fastrtps_c.so[0m
[6.179s] [ 70%] Built target ros2_grasping__rosidl_typesupport_fastrtps_c
[6.201s] [ 70%] Built target ros2_grasping
[6.223s] [ 74%] [34m[1mGenerating Python code for ROS interfaces[0m
[7.038s] [ 74%] Built target ros2_grasping__py
[7.061s] [ 77%] [32mBuilding C object CMakeFiles/ros2_grasping__rosidl_generator_py.dir/rosidl_generator_py/ros2_grasping/action/_attacher_s.c.o[0m
[7.234s] [ 80%] [32m[1mLinking C shared library rosidl_generator_py/ros2_grasping/libros2_grasping__rosidl_generator_py.so[0m
[7.316s] [ 80%] Built target ros2_grasping__rosidl_generator_py
[7.341s] [ 83%] [32mBuilding C object CMakeFiles/ros2_grasping__rosidl_typesupport_introspection_c__pyext.dir/rosidl_generator_py/ros2_grasping/_ros2_grasping_s.ep.rosidl_typesupport_introspection_c.c.o[0m
[7.341s] [ 87%] [32mBuilding C object CMakeFiles/ros2_grasping__rosidl_typesupport_fastrtps_c__pyext.dir/rosidl_generator_py/ros2_grasping/_ros2_grasping_s.ep.rosidl_typesupport_fastrtps_c.c.o[0m
[7.345s] [ 90%] [32mBuilding C object CMakeFiles/ros2_grasping__rosidl_typesupport_c__pyext.dir/rosidl_generator_py/ros2_grasping/_ros2_grasping_s.ep.rosidl_typesupport_c.c.o[0m
[7.557s] [ 93%] [32m[1mLinking C shared library rosidl_generator_py/ros2_grasping/ros2_grasping_s__rosidl_typesupport_fastrtps_c.cpython-310-x86_64-linux-gnu.so[0m
[7.561s] [ 96%] [32m[1mLinking C shared library rosidl_generator_py/ros2_grasping/ros2_grasping_s__rosidl_typesupport_introspection_c.cpython-310-x86_64-linux-gnu.so[0m
[7.641s] [100%] [32m[1mLinking C shared library rosidl_generator_py/ros2_grasping/ros2_grasping_s__rosidl_typesupport_c.cpython-310-x86_64-linux-gnu.so[0m
[7.645s] [100%] Built target ros2_grasping__rosidl_typesupport_fastrtps_c__pyext
[7.648s] [100%] Built target ros2_grasping__rosidl_typesupport_introspection_c__pyext
[7.731s] [100%] Built target ros2_grasping__rosidl_typesupport_c__pyext
[7.763s] Invoked command in '/workspace/build/ros2_grasping' returned '0': CMAKE_PREFIX_PATH=${CMAKE_PREFIX_PATH}:/workspace/install/srvcli:/workspace/install/pubsub:/workspace/install/my_py_pkg:/workspace/install/inverse_kinematics:/opt/ros/humble /usr/bin/cmake --build /workspace/build/ros2_grasping -- -j12 -l12
[7.986s] Invoking command in '/workspace/build/ros2_grasping': CMAKE_PREFIX_PATH=${CMAKE_PREFIX_PATH}:/workspace/install/srvcli:/workspace/install/pubsub:/workspace/install/my_py_pkg:/workspace/install/inverse_kinematics:/opt/ros/humble /usr/bin/cmake --install /workspace/build/ros2_grasping
[8.000s] -- Install configuration: ""
[8.000s] -- Installing: /workspace/install/ros2_grasping/share/ros2_grasping/urdf
[8.000s] -- Installing: /workspace/install/ros2_grasping/share/ros2_grasping/urdf/box.urdf
[8.001s] -- Installing: /workspace/install/ros2_grasping/share/ament_index/resource_index/rosidl_interfaces/ros2_grasping
[8.001s] -- Installing: /workspace/install/ros2_grasping/include/ros2_grasping/ros2_grasping
[8.001s] -- Installing: /workspace/install/ros2_grasping/include/ros2_grasping/ros2_grasping/action
[8.002s] -- Installing: /workspace/install/ros2_grasping/include/ros2_grasping/ros2_grasping/action/detail
[8.002s] -- Installing: /workspace/install/ros2_grasping/include/ros2_grasping/ros2_grasping/action/detail/attacher__struct.h
[8.002s] -- Installing: /workspace/install/ros2_grasping/include/ros2_grasping/ros2_grasping/action/detail/attacher__type_support.h
[8.002s] -- Installing: /workspace/install/ros2_grasping/include/ros2_grasping/ros2_grasping/action/detail/attacher__functions.h
[8.002s] -- Installing: /workspace/install/ros2_grasping/include/ros2_grasping/ros2_grasping/action/detail/attacher__functions.c
[8.003s] -- Installing: /workspace/install/ros2_grasping/include/ros2_grasping/ros2_grasping/action/attacher.h
[8.003s] -- Installing: /workspace/install/ros2_grasping/include/ros2_grasping/ros2_grasping/msg
[8.003s] -- Installing: /workspace/install/ros2_grasping/include/ros2_grasping/ros2_grasping/msg/rosidl_generator_c__visibility_control.h
[8.003s] -- Installing: /workspace/install/ros2_grasping/share/ros2_grasping/environment/library_path.sh
[8.003s] -- Installing: /workspace/install/ros2_grasping/share/ros2_grasping/environment/library_path.dsv
[8.004s] -- Installing: /workspace/install/ros2_grasping/lib/libros2_grasping__rosidl_generator_c.so
[8.006s] -- Set runtime path of "/workspace/install/ros2_grasping/lib/libros2_grasping__rosidl_generator_c.so" to ""
[8.006s] -- Up-to-date: /workspace/install/ros2_grasping/include/ros2_grasping/ros2_grasping
[8.006s] -- Up-to-date: /workspace/install/ros2_grasping/include/ros2_grasping/ros2_grasping/action
[8.006s] -- Up-to-date: /workspace/install/ros2_grasping/include/ros2_grasping/ros2_grasping/action/detail
[8.007s] -- Installing: /workspace/install/ros2_grasping/include/ros2_grasping/ros2_grasping/action/detail/attacher__rosidl_typesupport_fastrtps_c.h
[8.007s] -- Up-to-date: /workspace/install/ros2_grasping/include/ros2_grasping/ros2_grasping/msg
[8.008s] -- Installing: /workspace/install/ros2_grasping/include/ros2_grasping/ros2_grasping/msg/rosidl_typesupport_fastrtps_c__visibility_control.h
[8.008s] -- Installing: /workspace/install/ros2_grasping/lib/libros2_grasping__rosidl_typesupport_fastrtps_c.so
[8.008s] -- Set runtime path of "/workspace/install/ros2_grasping/lib/libros2_grasping__rosidl_typesupport_fastrtps_c.so" to ""
[8.008s] -- Up-to-date: /workspace/install/ros2_grasping/include/ros2_grasping/ros2_grasping
[8.008s] -- Up-to-date: /workspace/install/ros2_grasping/include/ros2_grasping/ros2_grasping/action
[8.009s] -- Up-to-date: /workspace/install/ros2_grasping/include/ros2_grasping/ros2_grasping/action/detail
[8.009s] -- Installing: /workspace/install/ros2_grasping/include/ros2_grasping/ros2_grasping/action/detail/attacher__rosidl_typesupport_introspection_c.h
[8.009s] -- Installing: /workspace/install/ros2_grasping/include/ros2_grasping/ros2_grasping/action/detail/attacher__type_support.c
[8.009s] -- Up-to-date: /workspace/install/ros2_grasping/include/ros2_grasping/ros2_grasping/msg
[8.009s] -- Installing: /workspace/install/ros2_grasping/include/ros2_grasping/ros2_grasping/msg/rosidl_typesupport_introspection_c__visibility_control.h
[8.009s] -- Installing: /workspace/install/ros2_grasping/lib/libros2_grasping__rosidl_typesupport_introspection_c.so
[8.009s] -- Set runtime path of "/workspace/install/ros2_grasping/lib/libros2_grasping__rosidl_typesupport_introspection_c.so" to ""
[8.010s] -- Installing: /workspace/install/ros2_grasping/lib/libros2_grasping__rosidl_typesupport_c.so
[8.010s] -- Set runtime path of "/workspace/install/ros2_grasping/lib/libros2_grasping__rosidl_typesupport_c.so" to ""
[8.010s] -- Up-to-date: /workspace/install/ros2_grasping/include/ros2_grasping/ros2_grasping
[8.011s] -- Up-to-date: /workspace/install/ros2_grasping/include/ros2_grasping/ros2_grasping/action
[8.011s] -- Up-to-date: /workspace/install/ros2_grasping/include/ros2_grasping/ros2_grasping/action/detail
[8.011s] -- Installing: /workspace/install/ros2_grasping/include/ros2_grasping/ros2_grasping/action/detail/attacher__builder.hpp
[8.011s] -- Installing: /workspace/install/ros2_grasping/include/ros2_grasping/ros2_grasping/action/detail/attacher__struct.hpp
[8.011s] -- Installing: /workspace/install/ros2_grasping/include/ros2_grasping/ros2_grasping/action/detail/attacher__traits.hpp
[8.011s] -- Installing: /workspace/install/ros2_grasping/include/ros2_grasping/ros2_grasping/action/attacher.hpp
[8.012s] -- Up-to-date: /workspace/install/ros2_grasping/include/ros2_grasping/ros2_grasping
[8.012s] -- Up-to-date: /workspace/install/ros2_grasping/include/ros2_grasping/ros2_grasping/action
[8.012s] -- Up-to-date: /workspace/install/ros2_grasping/include/ros2_grasping/ros2_grasping/action/detail
[8.012s] -- Installing: /workspace/install/ros2_grasping/include/ros2_grasping/ros2_grasping/action/detail/attacher__rosidl_typesupport_fastrtps_cpp.hpp
[8.013s] -- Installing: /workspace/install/ros2_grasping/include/ros2_grasping/ros2_grasping/action/detail/dds_fastrtps
[8.013s] -- Up-to-date: /workspace/install/ros2_grasping/include/ros2_grasping/ros2_grasping/msg
[8.013s] -- Installing: /workspace/install/ros2_grasping/include/ros2_grasping/ros2_grasping/msg/rosidl_typesupport_fastrtps_cpp__visibility_control.h
[8.013s] -- Installing: /workspace/install/ros2_grasping/lib/libros2_grasping__rosidl_typesupport_fastrtps_cpp.so
[8.013s] -- Set runtime path of "/workspace/install/ros2_grasping/lib/libros2_grasping__rosidl_typesupport_fastrtps_cpp.so" to ""
[8.013s] -- Up-to-date: /workspace/install/ros2_grasping/include/ros2_grasping/ros2_grasping
[8.014s] -- Up-to-date: /workspace/install/ros2_grasping/include/ros2_grasping/ros2_grasping/action
[8.014s] -- Up-to-date: /workspace/install/ros2_grasping/include/ros2_grasping/ros2_grasping/action/detail
[8.014s] -- Installing: /workspace/install/ros2_grasping/include/ros2_grasping/ros2_grasping/action/detail/attacher__rosidl_typesupport_introspection_cpp.hpp
[8.014s] -- Installing: /workspace/install/ros2_grasping/include/ros2_grasping/ros2_grasping/action/detail/attacher__type_support.cpp
[8.014s] -- Installing: /workspace/install/ros2_grasping/lib/libros2_grasping__rosidl_typesupport_introspection_cpp.so
[8.015s] -- Set runtime path of "/workspace/install/ros2_grasping/lib/libros2_grasping__rosidl_typesupport_introspection_cpp.so" to ""
[8.015s] -- Installing: /workspace/install/ros2_grasping/lib/libros2_grasping__rosidl_typesupport_cpp.so
[8.016s] -- Set runtime path of "/workspace/install/ros2_grasping/lib/libros2_grasping__rosidl_typesupport_cpp.so" to ""
[8.016s] -- Installing: /workspace/install/ros2_grasping/share/ros2_grasping/environment/pythonpath.sh
[8.016s] -- Installing: /workspace/install/ros2_grasping/share/ros2_grasping/environment/pythonpath.dsv
[8.016s] -- Installing: /workspace/install/ros2_grasping/local/lib/python3.10/dist-packages/ros2_grasping-0.0.0-py3.10.egg-info
[8.016s] -- Installing: /workspace/install/ros2_grasping/local/lib/python3.10/dist-packages/ros2_grasping-0.0.0-py3.10.egg-info/SOURCES.txt
[8.017s] -- Installing: /workspace/install/ros2_grasping/local/lib/python3.10/dist-packages/ros2_grasping-0.0.0-py3.10.egg-info/dependency_links.txt
[8.017s] -- Installing: /workspace/install/ros2_grasping/local/lib/python3.10/dist-packages/ros2_grasping-0.0.0-py3.10.egg-info/top_level.txt
[8.017s] -- Installing: /workspace/install/ros2_grasping/local/lib/python3.10/dist-packages/ros2_grasping-0.0.0-py3.10.egg-info/PKG-INFO
[8.017s] -- Installing: /workspace/install/ros2_grasping/local/lib/python3.10/dist-packages/ros2_grasping
[8.017s] -- Installing: /workspace/install/ros2_grasping/local/lib/python3.10/dist-packages/ros2_grasping/action
[8.018s] -- Installing: /workspace/install/ros2_grasping/local/lib/python3.10/dist-packages/ros2_grasping/action/_attacher_s.c
[8.018s] -- Installing: /workspace/install/ros2_grasping/local/lib/python3.10/dist-packages/ros2_grasping/action/_attacher.py
[8.018s] -- Installing: /workspace/install/ros2_grasping/local/lib/python3.10/dist-packages/ros2_grasping/action/__init__.py
[8.018s] -- Installing: /workspace/install/ros2_grasping/local/lib/python3.10/dist-packages/ros2_grasping/ros2_grasping_s__rosidl_typesupport_c.cpython-310-x86_64-linux-gnu.so
[8.018s] -- Installing: /workspace/install/ros2_grasping/local/lib/python3.10/dist-packages/ros2_grasping/ros2_grasping_s__rosidl_typesupport_introspection_c.cpython-310-x86_64-linux-gnu.so
[8.019s] -- Installing: /workspace/install/ros2_grasping/local/lib/python3.10/dist-packages/ros2_grasping/_ros2_grasping_s.ep.rosidl_typesupport_c.c
[8.019s] -- Installing: /workspace/install/ros2_grasping/local/lib/python3.10/dist-packages/ros2_grasping/_ros2_grasping_s.ep.rosidl_typesupport_introspection_c.c
[8.019s] -- Installing: /workspace/install/ros2_grasping/local/lib/python3.10/dist-packages/ros2_grasping/libros2_grasping__rosidl_generator_py.so
[8.019s] -- Installing: /workspace/install/ros2_grasping/local/lib/python3.10/dist-packages/ros2_grasping/ros2_grasping_s__rosidl_typesupport_fastrtps_c.cpython-310-x86_64-linux-gnu.so
[8.020s] -- Installing: /workspace/install/ros2_grasping/local/lib/python3.10/dist-packages/ros2_grasping/_ros2_grasping_s.ep.rosidl_typesupport_fastrtps_c.c
[8.020s] -- Installing: /workspace/install/ros2_grasping/local/lib/python3.10/dist-packages/ros2_grasping/__init__.py
[8.078s] Listing '/workspace/install/ros2_grasping/local/lib/python3.10/dist-packages/ros2_grasping'...
[8.078s] Compiling '/workspace/install/ros2_grasping/local/lib/python3.10/dist-packages/ros2_grasping/__init__.py'...
[8.078s] Listing '/workspace/install/ros2_grasping/local/lib/python3.10/dist-packages/ros2_grasping/action'...
[8.078s] Compiling '/workspace/install/ros2_grasping/local/lib/python3.10/dist-packages/ros2_grasping/action/__init__.py'...
[8.079s] Compiling '/workspace/install/ros2_grasping/local/lib/python3.10/dist-packages/ros2_grasping/action/_attacher.py'...
[8.087s] -- Installing: /workspace/install/ros2_grasping/local/lib/python3.10/dist-packages/ros2_grasping/ros2_grasping_s__rosidl_typesupport_fastrtps_c.cpython-310-x86_64-linux-gnu.so
[8.087s] -- Set runtime path of "/workspace/install/ros2_grasping/local/lib/python3.10/dist-packages/ros2_grasping/ros2_grasping_s__rosidl_typesupport_fastrtps_c.cpython-310-x86_64-linux-gnu.so" to ""
[8.087s] -- Installing: /workspace/install/ros2_grasping/local/lib/python3.10/dist-packages/ros2_grasping/ros2_grasping_s__rosidl_typesupport_introspection_c.cpython-310-x86_64-linux-gnu.so
[8.088s] -- Set runtime path of "/workspace/install/ros2_grasping/local/lib/python3.10/dist-packages/ros2_grasping/ros2_grasping_s__rosidl_typesupport_introspection_c.cpython-310-x86_64-linux-gnu.so" to ""
[8.088s] -- Installing: /workspace/install/ros2_grasping/local/lib/python3.10/dist-packages/ros2_grasping/ros2_grasping_s__rosidl_typesupport_c.cpython-310-x86_64-linux-gnu.so
[8.089s] -- Set runtime path of "/workspace/install/ros2_grasping/local/lib/python3.10/dist-packages/ros2_grasping/ros2_grasping_s__rosidl_typesupport_c.cpython-310-x86_64-linux-gnu.so" to ""
[8.089s] -- Installing: /workspace/install/ros2_grasping/lib/libros2_grasping__rosidl_generator_py.so
[8.090s] -- Set runtime path of "/workspace/install/ros2_grasping/lib/libros2_grasping__rosidl_generator_py.so" to ""
[8.090s] -- Installing: /workspace/install/ros2_grasping/share/ros2_grasping/action/Attacher.idl
[8.090s] -- Installing: /workspace/install/ros2_grasping/share/ros2_grasping/action/Attacher.action
[8.090s] -- Installing: /workspace/install/ros2_grasping/lib/ros2_grasping/attacher_action.py
[8.090s] -- Installing: /workspace/install/ros2_grasping/lib/ros2_grasping/spawn_object.py
[8.090s] -- Installing: /workspace/install/ros2_grasping/share/ament_index/resource_index/package_run_dependencies/ros2_grasping
[8.091s] -- Installing: /workspace/install/ros2_grasping/share/ament_index/resource_index/parent_prefix_path/ros2_grasping
[8.091s] -- Installing: /workspace/install/ros2_grasping/share/ros2_grasping/environment/ament_prefix_path.sh
[8.091s] -- Installing: /workspace/install/ros2_grasping/share/ros2_grasping/environment/ament_prefix_path.dsv
[8.091s] -- Installing: /workspace/install/ros2_grasping/share/ros2_grasping/environment/path.sh
[8.091s] -- Installing: /workspace/install/ros2_grasping/share/ros2_grasping/environment/path.dsv
[8.091s] -- Installing: /workspace/install/ros2_grasping/share/ros2_grasping/local_setup.bash
[8.092s] -- Installing: /workspace/install/ros2_grasping/share/ros2_grasping/local_setup.sh
[8.092s] -- Installing: /workspace/install/ros2_grasping/share/ros2_grasping/local_setup.zsh
[8.092s] -- Installing: /workspace/install/ros2_grasping/share/ros2_grasping/local_setup.dsv
[8.092s] -- Installing: /workspace/install/ros2_grasping/share/ros2_grasping/package.dsv
[8.092s] -- Installing: /workspace/install/ros2_grasping/share/ament_index/resource_index/packages/ros2_grasping
[8.092s] -- Installing: /workspace/install/ros2_grasping/share/ros2_grasping/cmake/export_ros2_grasping__rosidl_generator_cExport.cmake
[8.092s] -- Installing: /workspace/install/ros2_grasping/share/ros2_grasping/cmake/export_ros2_grasping__rosidl_generator_cExport-noconfig.cmake
[8.093s] -- Installing: /workspace/install/ros2_grasping/share/ros2_grasping/cmake/export_ros2_grasping__rosidl_typesupport_fastrtps_cExport.cmake
[8.093s] -- Installing: /workspace/install/ros2_grasping/share/ros2_grasping/cmake/export_ros2_grasping__rosidl_typesupport_fastrtps_cExport-noconfig.cmake
[8.093s] -- Installing: /workspace/install/ros2_grasping/share/ros2_grasping/cmake/ros2_grasping__rosidl_typesupport_introspection_cExport.cmake
[8.093s] -- Installing: /workspace/install/ros2_grasping/share/ros2_grasping/cmake/ros2_grasping__rosidl_typesupport_introspection_cExport-noconfig.cmake
[8.093s] -- Installing: /workspace/install/ros2_grasping/share/ros2_grasping/cmake/ros2_grasping__rosidl_typesupport_cExport.cmake
[8.094s] -- Installing: /workspace/install/ros2_grasping/share/ros2_grasping/cmake/ros2_grasping__rosidl_typesupport_cExport-noconfig.cmake
[8.094s] -- Installing: /workspace/install/ros2_grasping/share/ros2_grasping/cmake/export_ros2_grasping__rosidl_generator_cppExport.cmake
[8.094s] -- Installing: /workspace/install/ros2_grasping/share/ros2_grasping/cmake/export_ros2_grasping__rosidl_typesupport_fastrtps_cppExport.cmake
[8.094s] -- Installing: /workspace/install/ros2_grasping/share/ros2_grasping/cmake/export_ros2_grasping__rosidl_typesupport_fastrtps_cppExport-noconfig.cmake
[8.094s] -- Installing: /workspace/install/ros2_grasping/share/ros2_grasping/cmake/ros2_grasping__rosidl_typesupport_introspection_cppExport.cmake
[8.094s] -- Installing: /workspace/install/ros2_grasping/share/ros2_grasping/cmake/ros2_grasping__rosidl_typesupport_introspection_cppExport-noconfig.cmake
[8.094s] -- Installing: /workspace/install/ros2_grasping/share/ros2_grasping/cmake/ros2_grasping__rosidl_typesupport_cppExport.cmake
[8.095s] -- Installing: /workspace/install/ros2_grasping/share/ros2_grasping/cmake/ros2_grasping__rosidl_typesupport_cppExport-noconfig.cmake
[8.095s] -- Installing: /workspace/install/ros2_grasping/share/ros2_grasping/cmake/export_ros2_grasping__rosidl_generator_pyExport.cmake
[8.095s] -- Installing: /workspace/install/ros2_grasping/share/ros2_grasping/cmake/export_ros2_grasping__rosidl_generator_pyExport-noconfig.cmake
[8.095s] -- Installing: /workspace/install/ros2_grasping/share/ros2_grasping/cmake/rosidl_cmake-extras.cmake
[8.095s] -- Installing: /workspace/install/ros2_grasping/share/ros2_grasping/cmake/ament_cmake_export_dependencies-extras.cmake
[8.095s] -- Installing: /workspace/install/ros2_grasping/share/ros2_grasping/cmake/ament_cmake_export_include_directories-extras.cmake
[8.095s] -- Installing: /workspace/install/ros2_grasping/share/ros2_grasping/cmake/ament_cmake_export_libraries-extras.cmake
[8.096s] -- Installing: /workspace/install/ros2_grasping/share/ros2_grasping/cmake/ament_cmake_export_targets-extras.cmake
[8.096s] -- Installing: /workspace/install/ros2_grasping/share/ros2_grasping/cmake/rosidl_cmake_export_typesupport_targets-extras.cmake
[8.096s] -- Installing: /workspace/install/ros2_grasping/share/ros2_grasping/cmake/rosidl_cmake_export_typesupport_libraries-extras.cmake
[8.096s] -- Installing: /workspace/install/ros2_grasping/share/ros2_grasping/cmake/ros2_graspingConfig.cmake
[8.096s] -- Installing: /workspace/install/ros2_grasping/share/ros2_grasping/cmake/ros2_graspingConfig-version.cmake
[8.096s] -- Installing: /workspace/install/ros2_grasping/share/ros2_grasping/package.xml
[8.104s] Invoked command in '/workspace/build/ros2_grasping' returned '0': CMAKE_PREFIX_PATH=${CMAKE_PREFIX_PATH}:/workspace/install/srvcli:/workspace/install/pubsub:/workspace/install/my_py_pkg:/workspace/install/inverse_kinematics:/opt/ros/humble /usr/bin/cmake --install /workspace/build/ros2_grasping
