[0.094s] Invoking command in '/workspace/build/irb1200_ros2_gazebo': CMAKE_PREFIX_PATH=${CMAKE_PREFIX_PATH}:/workspace/install/srvcli:/workspace/install/pubsub:/workspace/install/my_py_pkg:/workspace/install/inverse_kinematics:/opt/ros/humble /usr/bin/cmake /workspace/src/ros2_RobotSimulation/ABBRobots/IRB1200/irb1200_ros2_gazebo -DCMAKE_INSTALL_PREFIX=/workspace/install/irb1200_ros2_gazebo
[0.675s] -- The C compiler identification is GNU 11.3.0
[0.675s] -- The CXX compiler identification is GNU 11.3.0
[0.675s] -- Detecting C compiler ABI info
[0.676s] -- Detecting C compiler ABI info - done
[0.676s] -- Check for working C compiler: /usr/bin/cc - skipped
[0.676s] -- Detecting C compile features
[0.676s] -- Detecting C compile features - done
[0.676s] -- Detecting CXX compiler ABI info
[0.805s] -- Detecting CXX compiler ABI info - done
[0.836s] -- Check for working CXX compiler: /usr/bin/c++ - skipped
[0.836s] -- Detecting CXX compile features
[0.837s] -- Detecting CXX compile features - done
[0.848s] -- Found ament_cmake: 1.3.4 (/opt/ros/humble/share/ament_cmake/cmake)
[1.363s] -- Found Python3: /usr/bin/python3.10 (found version "3.10.6") found components: Interpreter 
[1.609s] -- Found ament_lint_auto: 0.12.6 (/opt/ros/humble/share/ament_lint_auto/cmake)
[1.856s] -- Added test 'copyright' to check source files copyright and LICENSE
[1.866s] -- Added test 'flake8' to check Python code syntax and style conventions
[1.869s] -- Added test 'lint_cmake' to check CMake code style
[1.871s] -- Added test 'pep257' to check Python code against some of the docstring style conventions in PEP 257
[1.877s] -- Added test 'xmllint' to check XML markup files
[1.883s] -- Configuring done
[1.891s] -- Generating done
[1.893s] -- Build files have been written to: /workspace/build/irb1200_ros2_gazebo
[1.912s] Invoked command in '/workspace/build/irb1200_ros2_gazebo' returned '0': CMAKE_PREFIX_PATH=${CMAKE_PREFIX_PATH}:/workspace/install/srvcli:/workspace/install/pubsub:/workspace/install/my_py_pkg:/workspace/install/inverse_kinematics:/opt/ros/humble /usr/bin/cmake /workspace/src/ros2_RobotSimulation/ABBRobots/IRB1200/irb1200_ros2_gazebo -DCMAKE_INSTALL_PREFIX=/workspace/install/irb1200_ros2_gazebo
[1.914s] Invoking command in '/workspace/build/irb1200_ros2_gazebo': CMAKE_PREFIX_PATH=${CMAKE_PREFIX_PATH}:/workspace/install/srvcli:/workspace/install/pubsub:/workspace/install/my_py_pkg:/workspace/install/inverse_kinematics:/opt/ros/humble /usr/bin/cmake --build /workspace/build/irb1200_ros2_gazebo -- -j12 -l12
[2.035s] Invoked command in '/workspace/build/irb1200_ros2_gazebo' returned '0': CMAKE_PREFIX_PATH=${CMAKE_PREFIX_PATH}:/workspace/install/srvcli:/workspace/install/pubsub:/workspace/install/my_py_pkg:/workspace/install/inverse_kinematics:/opt/ros/humble /usr/bin/cmake --build /workspace/build/irb1200_ros2_gazebo -- -j12 -l12
[2.137s] Invoking command in '/workspace/build/irb1200_ros2_gazebo': CMAKE_PREFIX_PATH=${CMAKE_PREFIX_PATH}:/workspace/install/srvcli:/workspace/install/pubsub:/workspace/install/my_py_pkg:/workspace/install/inverse_kinematics:/opt/ros/humble /usr/bin/cmake --install /workspace/build/irb1200_ros2_gazebo
[2.160s] -- Install configuration: ""
[2.161s] -- Installing: /workspace/install/irb1200_ros2_gazebo/share/irb1200_ros2_gazebo/config
[2.161s] -- Installing: /workspace/install/irb1200_ros2_gazebo/share/irb1200_ros2_gazebo/config/irb1200_controller.yaml
[2.161s] -- Installing: /workspace/install/irb1200_ros2_gazebo/share/irb1200_ros2_gazebo/launch
[2.161s] -- Installing: /workspace/install/irb1200_ros2_gazebo/share/irb1200_ros2_gazebo/launch/irb1200_simulation.launch.py
[2.161s] -- Installing: /workspace/install/irb1200_ros2_gazebo/share/irb1200_ros2_gazebo/urdf
[2.161s] -- Installing: /workspace/install/irb1200_ros2_gazebo/share/irb1200_ros2_gazebo/urdf/abb_resources
[2.161s] -- Installing: /workspace/install/irb1200_ros2_gazebo/share/irb1200_ros2_gazebo/urdf/abb_resources/common_materials.xacro
[2.161s] -- Installing: /workspace/install/irb1200_ros2_gazebo/share/irb1200_ros2_gazebo/urdf/abb_resources/common_colours.xacro
[2.162s] -- Installing: /workspace/install/irb1200_ros2_gazebo/share/irb1200_ros2_gazebo/urdf/irb1200_ros2control.xacro
[2.162s] -- Installing: /workspace/install/irb1200_ros2_gazebo/share/irb1200_ros2_gazebo/urdf/irb1200_macro.urdf.xacro
[2.162s] -- Installing: /workspace/install/irb1200_ros2_gazebo/share/irb1200_ros2_gazebo/urdf/irb1200_transmission.xacro
[2.162s] -- Installing: /workspace/install/irb1200_ros2_gazebo/share/irb1200_ros2_gazebo/urdf/irb1200.urdf.xacro
[2.162s] -- Installing: /workspace/install/irb1200_ros2_gazebo/share/irb1200_ros2_gazebo/worlds
[2.162s] -- Installing: /workspace/install/irb1200_ros2_gazebo/share/irb1200_ros2_gazebo/worlds/irb1200.world
[2.163s] -- Installing: /workspace/install/irb1200_ros2_gazebo/share/irb1200_ros2_gazebo/meshes
[2.163s] -- Installing: /workspace/install/irb1200_ros2_gazebo/share/irb1200_ros2_gazebo/meshes/collision
[2.163s] -- Installing: /workspace/install/irb1200_ros2_gazebo/share/irb1200_ros2_gazebo/meshes/collision/link_4.stl
[2.163s] -- Installing: /workspace/install/irb1200_ros2_gazebo/share/irb1200_ros2_gazebo/meshes/collision/link_2.stl
[2.163s] -- Installing: /workspace/install/irb1200_ros2_gazebo/share/irb1200_ros2_gazebo/meshes/collision/link_1.stl
[2.163s] -- Installing: /workspace/install/irb1200_ros2_gazebo/share/irb1200_ros2_gazebo/meshes/collision/base_link.stl
[2.163s] -- Installing: /workspace/install/irb1200_ros2_gazebo/share/irb1200_ros2_gazebo/meshes/collision/link_3.stl
[2.163s] -- Installing: /workspace/install/irb1200_ros2_gazebo/share/irb1200_ros2_gazebo/meshes/collision/link_6.stl
[2.164s] -- Installing: /workspace/install/irb1200_ros2_gazebo/share/irb1200_ros2_gazebo/meshes/collision/link_5.stl
[2.164s] -- Installing: /workspace/install/irb1200_ros2_gazebo/share/irb1200_ros2_gazebo/meshes/visual
[2.164s] -- Installing: /workspace/install/irb1200_ros2_gazebo/share/irb1200_ros2_gazebo/meshes/visual/base_link.dae
[2.164s] -- Installing: /workspace/install/irb1200_ros2_gazebo/share/irb1200_ros2_gazebo/meshes/visual/link_2.dae
[2.164s] -- Installing: /workspace/install/irb1200_ros2_gazebo/share/irb1200_ros2_gazebo/meshes/visual/link_1.dae
[2.165s] -- Installing: /workspace/install/irb1200_ros2_gazebo/share/irb1200_ros2_gazebo/meshes/visual/link_4.dae
[2.167s] -- Installing: /workspace/install/irb1200_ros2_gazebo/share/irb1200_ros2_gazebo/meshes/visual/link_6.dae
[2.172s] -- Installing: /workspace/install/irb1200_ros2_gazebo/share/irb1200_ros2_gazebo/meshes/visual/link_5.dae
[2.172s] -- Installing: /workspace/install/irb1200_ros2_gazebo/share/irb1200_ros2_gazebo/meshes/visual/link_3.dae
[2.174s] -- Installing: /workspace/install/irb1200_ros2_gazebo/share/ament_index/resource_index/package_run_dependencies/irb1200_ros2_gazebo
[2.175s] -- Installing: /workspace/install/irb1200_ros2_gazebo/share/ament_index/resource_index/parent_prefix_path/irb1200_ros2_gazebo
[2.184s] -- Installing: /workspace/install/irb1200_ros2_gazebo/share/irb1200_ros2_gazebo/environment/ament_prefix_path.sh
[2.185s] -- Installing: /workspace/install/irb1200_ros2_gazebo/share/irb1200_ros2_gazebo/environment/ament_prefix_path.dsv
[2.185s] -- Installing: /workspace/install/irb1200_ros2_gazebo/share/irb1200_ros2_gazebo/environment/path.sh
[2.186s] -- Installing: /workspace/install/irb1200_ros2_gazebo/share/irb1200_ros2_gazebo/environment/path.dsv
[2.187s] -- Installing: /workspace/install/irb1200_ros2_gazebo/share/irb1200_ros2_gazebo/local_setup.bash
[2.187s] -- Installing: /workspace/install/irb1200_ros2_gazebo/share/irb1200_ros2_gazebo/local_setup.sh
[2.187s] -- Installing: /workspace/install/irb1200_ros2_gazebo/share/irb1200_ros2_gazebo/local_setup.zsh
[2.187s] -- Installing: /workspace/install/irb1200_ros2_gazebo/share/irb1200_ros2_gazebo/local_setup.dsv
[2.188s] -- Installing: /workspace/install/irb1200_ros2_gazebo/share/irb1200_ros2_gazebo/package.dsv
[2.188s] -- Installing: /workspace/install/irb1200_ros2_gazebo/share/ament_index/resource_index/packages/irb1200_ros2_gazebo
[2.188s] -- Installing: /workspace/install/irb1200_ros2_gazebo/share/irb1200_ros2_gazebo/cmake/irb1200_ros2_gazeboConfig.cmake
[2.189s] -- Installing: /workspace/install/irb1200_ros2_gazebo/share/irb1200_ros2_gazebo/cmake/irb1200_ros2_gazeboConfig-version.cmake
[2.189s] -- Installing: /workspace/install/irb1200_ros2_gazebo/share/irb1200_ros2_gazebo/package.xml
[2.246s] Invoked command in '/workspace/build/irb1200_ros2_gazebo' returned '0': CMAKE_PREFIX_PATH=${CMAKE_PREFIX_PATH}:/workspace/install/srvcli:/workspace/install/pubsub:/workspace/install/my_py_pkg:/workspace/install/inverse_kinematics:/opt/ros/humble /usr/bin/cmake --install /workspace/build/irb1200_ros2_gazebo
