[0.096s] Invoking command in '/workspace/build/iiwa_ros2_gazebo': CMAKE_PREFIX_PATH=${CMAKE_PREFIX_PATH}:/workspace/install/srvcli:/workspace/install/pubsub:/workspace/install/my_py_pkg:/workspace/install/inverse_kinematics:/opt/ros/humble /usr/bin/cmake /workspace/src/ros2_RobotSimulation/Kuka/LBRiiwa/iiwa_ros2_gazebo -DCMAKE_INSTALL_PREFIX=/workspace/install/iiwa_ros2_gazebo
[0.677s] -- The C compiler identification is GNU 11.3.0
[0.677s] -- The CXX compiler identification is GNU 11.3.0
[0.677s] -- Detecting C compiler ABI info
[0.677s] -- Detecting C compiler ABI info - done
[0.678s] -- Check for working C compiler: /usr/bin/cc - skipped
[0.678s] -- Detecting C compile features
[0.678s] -- Detecting C compile features - done
[0.678s] -- Detecting CXX compiler ABI info
[0.802s] -- Detecting CXX compiler ABI info - done
[0.827s] -- Check for working CXX compiler: /usr/bin/c++ - skipped
[0.827s] -- Detecting CXX compile features
[0.828s] -- Detecting CXX compile features - done
[0.847s] -- Found ament_cmake: 1.3.4 (/opt/ros/humble/share/ament_cmake/cmake)
[1.328s] -- Found Python3: /usr/bin/python3.10 (found version "3.10.6") found components: Interpreter 
[1.574s] -- Found ament_lint_auto: 0.12.6 (/opt/ros/humble/share/ament_lint_auto/cmake)
[1.798s] -- Added test 'copyright' to check source files copyright and LICENSE
[1.809s] -- Added test 'flake8' to check Python code syntax and style conventions
[1.816s] -- Added test 'lint_cmake' to check CMake code style
[1.822s] -- Added test 'pep257' to check Python code against some of the docstring style conventions in PEP 257
[1.828s] -- Added test 'xmllint' to check XML markup files
[1.835s] -- Configuring done
[1.843s] -- Generating done
[1.845s] -- Build files have been written to: /workspace/build/iiwa_ros2_gazebo
[1.853s] Invoked command in '/workspace/build/iiwa_ros2_gazebo' returned '0': CMAKE_PREFIX_PATH=${CMAKE_PREFIX_PATH}:/workspace/install/srvcli:/workspace/install/pubsub:/workspace/install/my_py_pkg:/workspace/install/inverse_kinematics:/opt/ros/humble /usr/bin/cmake /workspace/src/ros2_RobotSimulation/Kuka/LBRiiwa/iiwa_ros2_gazebo -DCMAKE_INSTALL_PREFIX=/workspace/install/iiwa_ros2_gazebo
[1.859s] Invoking command in '/workspace/build/iiwa_ros2_gazebo': CMAKE_PREFIX_PATH=${CMAKE_PREFIX_PATH}:/workspace/install/srvcli:/workspace/install/pubsub:/workspace/install/my_py_pkg:/workspace/install/inverse_kinematics:/opt/ros/humble /usr/bin/cmake --build /workspace/build/iiwa_ros2_gazebo -- -j12 -l12
[1.969s] Invoked command in '/workspace/build/iiwa_ros2_gazebo' returned '0': CMAKE_PREFIX_PATH=${CMAKE_PREFIX_PATH}:/workspace/install/srvcli:/workspace/install/pubsub:/workspace/install/my_py_pkg:/workspace/install/inverse_kinematics:/opt/ros/humble /usr/bin/cmake --build /workspace/build/iiwa_ros2_gazebo -- -j12 -l12
[2.039s] Invoking command in '/workspace/build/iiwa_ros2_gazebo': CMAKE_PREFIX_PATH=${CMAKE_PREFIX_PATH}:/workspace/install/srvcli:/workspace/install/pubsub:/workspace/install/my_py_pkg:/workspace/install/inverse_kinematics:/opt/ros/humble /usr/bin/cmake --install /workspace/build/iiwa_ros2_gazebo
[2.076s] -- Install configuration: ""
[2.076s] -- Installing: /workspace/install/iiwa_ros2_gazebo/share/iiwa_ros2_gazebo/config
[2.076s] -- Installing: /workspace/install/iiwa_ros2_gazebo/share/iiwa_ros2_gazebo/config/iiwa_controller.yaml
[2.076s] -- Installing: /workspace/install/iiwa_ros2_gazebo/share/iiwa_ros2_gazebo/launch
[2.077s] -- Installing: /workspace/install/iiwa_ros2_gazebo/share/iiwa_ros2_gazebo/launch/iiwa_simulation.launch.py
[2.077s] -- Installing: /workspace/install/iiwa_ros2_gazebo/share/iiwa_ros2_gazebo/urdf
[2.077s] -- Installing: /workspace/install/iiwa_ros2_gazebo/share/iiwa_ros2_gazebo/urdf/iiwa.urdf.xacro
[2.077s] -- Installing: /workspace/install/iiwa_ros2_gazebo/share/iiwa_ros2_gazebo/urdf/iiwa_macro.urdf.xacro
[2.077s] -- Installing: /workspace/install/iiwa_ros2_gazebo/share/iiwa_ros2_gazebo/urdf/iiwa_ros2control.xacro
[2.077s] -- Installing: /workspace/install/iiwa_ros2_gazebo/share/iiwa_ros2_gazebo/urdf/iiwa_transmission.xacro
[2.077s] -- Installing: /workspace/install/iiwa_ros2_gazebo/share/iiwa_ros2_gazebo/worlds
[2.078s] -- Installing: /workspace/install/iiwa_ros2_gazebo/share/iiwa_ros2_gazebo/worlds/iiwa.world
[2.078s] -- Installing: /workspace/install/iiwa_ros2_gazebo/share/iiwa_ros2_gazebo/meshes
[2.078s] -- Installing: /workspace/install/iiwa_ros2_gazebo/share/iiwa_ros2_gazebo/meshes/collision
[2.078s] -- Installing: /workspace/install/iiwa_ros2_gazebo/share/iiwa_ros2_gazebo/meshes/collision/link_4.stl
[2.078s] -- Installing: /workspace/install/iiwa_ros2_gazebo/share/iiwa_ros2_gazebo/meshes/collision/link_2.stl
[2.078s] -- Installing: /workspace/install/iiwa_ros2_gazebo/share/iiwa_ros2_gazebo/meshes/collision/link_1.stl
[2.079s] -- Installing: /workspace/install/iiwa_ros2_gazebo/share/iiwa_ros2_gazebo/meshes/collision/link_7.stl
[2.079s] -- Installing: /workspace/install/iiwa_ros2_gazebo/share/iiwa_ros2_gazebo/meshes/collision/base_link.stl
[2.079s] -- Installing: /workspace/install/iiwa_ros2_gazebo/share/iiwa_ros2_gazebo/meshes/collision/link_3.stl
[2.079s] -- Installing: /workspace/install/iiwa_ros2_gazebo/share/iiwa_ros2_gazebo/meshes/collision/link_6.stl
[2.079s] -- Installing: /workspace/install/iiwa_ros2_gazebo/share/iiwa_ros2_gazebo/meshes/collision/link_5.stl
[2.079s] -- Installing: /workspace/install/iiwa_ros2_gazebo/share/iiwa_ros2_gazebo/meshes/visual
[2.079s] -- Installing: /workspace/install/iiwa_ros2_gazebo/share/iiwa_ros2_gazebo/meshes/visual/base_link.dae
[2.080s] -- Installing: /workspace/install/iiwa_ros2_gazebo/share/iiwa_ros2_gazebo/meshes/visual/link_2.dae
[2.080s] -- Installing: /workspace/install/iiwa_ros2_gazebo/share/iiwa_ros2_gazebo/meshes/visual/link_1.dae
[2.080s] -- Installing: /workspace/install/iiwa_ros2_gazebo/share/iiwa_ros2_gazebo/meshes/visual/link_4.dae
[2.080s] -- Installing: /workspace/install/iiwa_ros2_gazebo/share/iiwa_ros2_gazebo/meshes/visual/link_6.dae
[2.080s] -- Installing: /workspace/install/iiwa_ros2_gazebo/share/iiwa_ros2_gazebo/meshes/visual/link_7.dae
[2.082s] -- Installing: /workspace/install/iiwa_ros2_gazebo/share/iiwa_ros2_gazebo/meshes/visual/link_5.dae
[2.083s] -- Installing: /workspace/install/iiwa_ros2_gazebo/share/iiwa_ros2_gazebo/meshes/visual/link_3.dae
[2.084s] -- Installing: /workspace/install/iiwa_ros2_gazebo/share/ament_index/resource_index/package_run_dependencies/iiwa_ros2_gazebo
[2.084s] -- Installing: /workspace/install/iiwa_ros2_gazebo/share/ament_index/resource_index/parent_prefix_path/iiwa_ros2_gazebo
[2.084s] -- Installing: /workspace/install/iiwa_ros2_gazebo/share/iiwa_ros2_gazebo/environment/ament_prefix_path.sh
[2.084s] -- Installing: /workspace/install/iiwa_ros2_gazebo/share/iiwa_ros2_gazebo/environment/ament_prefix_path.dsv
[2.084s] -- Installing: /workspace/install/iiwa_ros2_gazebo/share/iiwa_ros2_gazebo/environment/path.sh
[2.085s] -- Installing: /workspace/install/iiwa_ros2_gazebo/share/iiwa_ros2_gazebo/environment/path.dsv
[2.085s] -- Installing: /workspace/install/iiwa_ros2_gazebo/share/iiwa_ros2_gazebo/local_setup.bash
[2.085s] -- Installing: /workspace/install/iiwa_ros2_gazebo/share/iiwa_ros2_gazebo/local_setup.sh
[2.085s] -- Installing: /workspace/install/iiwa_ros2_gazebo/share/iiwa_ros2_gazebo/local_setup.zsh
[2.086s] -- Installing: /workspace/install/iiwa_ros2_gazebo/share/iiwa_ros2_gazebo/local_setup.dsv
[2.086s] -- Installing: /workspace/install/iiwa_ros2_gazebo/share/iiwa_ros2_gazebo/package.dsv
[2.086s] -- Installing: /workspace/install/iiwa_ros2_gazebo/share/ament_index/resource_index/packages/iiwa_ros2_gazebo
[2.086s] -- Installing: /workspace/install/iiwa_ros2_gazebo/share/iiwa_ros2_gazebo/cmake/iiwa_ros2_gazeboConfig.cmake
[2.086s] -- Installing: /workspace/install/iiwa_ros2_gazebo/share/iiwa_ros2_gazebo/cmake/iiwa_ros2_gazeboConfig-version.cmake
[2.087s] -- Installing: /workspace/install/iiwa_ros2_gazebo/share/iiwa_ros2_gazebo/package.xml
[2.099s] Invoked command in '/workspace/build/iiwa_ros2_gazebo' returned '0': CMAKE_PREFIX_PATH=${CMAKE_PREFIX_PATH}:/workspace/install/srvcli:/workspace/install/pubsub:/workspace/install/my_py_pkg:/workspace/install/inverse_kinematics:/opt/ros/humble /usr/bin/cmake --install /workspace/build/iiwa_ros2_gazebo
