[0.098s] Invoking command in '/workspace/build/irb6640_ros2_gazebo': CMAKE_PREFIX_PATH=${CMAKE_PREFIX_PATH}:/workspace/install/srvcli:/workspace/install/pubsub:/workspace/install/my_py_pkg:/workspace/install/inverse_kinematics:/opt/ros/humble /usr/bin/cmake /workspace/src/ros2_RobotSimulation/ABBRobots/IRB6640/irb6640_ros2_gazebo -DCMAKE_INSTALL_PREFIX=/workspace/install/irb6640_ros2_gazebo
[0.670s] -- The C compiler identification is GNU 11.3.0
[0.671s] -- The CXX compiler identification is GNU 11.3.0
[0.671s] -- Detecting C compiler ABI info
[0.671s] -- Detecting C compiler ABI info - done
[0.672s] -- Check for working C compiler: /usr/bin/cc - skipped
[0.673s] -- Detecting C compile features
[0.673s] -- Detecting C compile features - done
[0.673s] -- Detecting CXX compiler ABI info
[0.814s] -- Detecting CXX compiler ABI info - done
[0.852s] -- Check for working CXX compiler: /usr/bin/c++ - skipped
[0.853s] -- Detecting CXX compile features
[0.857s] -- Detecting CXX compile features - done
[0.869s] -- Found ament_cmake: 1.3.4 (/opt/ros/humble/share/ament_cmake/cmake)
[1.350s] -- Found Python3: /usr/bin/python3.10 (found version "3.10.6") found components: Interpreter 
[1.608s] -- Found ament_lint_auto: 0.12.6 (/opt/ros/humble/share/ament_lint_auto/cmake)
[1.842s] -- Added test 'copyright' to check source files copyright and LICENSE
[1.850s] -- Added test 'flake8' to check Python code syntax and style conventions
[1.854s] -- Added test 'lint_cmake' to check CMake code style
[1.883s] -- Added test 'pep257' to check Python code against some of the docstring style conventions in PEP 257
[1.902s] -- Added test 'xmllint' to check XML markup files
[1.903s] -- Configuring done
[1.905s] -- Generating done
[1.909s] -- Build files have been written to: /workspace/build/irb6640_ros2_gazebo
[1.923s] Invoked command in '/workspace/build/irb6640_ros2_gazebo' returned '0': CMAKE_PREFIX_PATH=${CMAKE_PREFIX_PATH}:/workspace/install/srvcli:/workspace/install/pubsub:/workspace/install/my_py_pkg:/workspace/install/inverse_kinematics:/opt/ros/humble /usr/bin/cmake /workspace/src/ros2_RobotSimulation/ABBRobots/IRB6640/irb6640_ros2_gazebo -DCMAKE_INSTALL_PREFIX=/workspace/install/irb6640_ros2_gazebo
[1.923s] Invoking command in '/workspace/build/irb6640_ros2_gazebo': CMAKE_PREFIX_PATH=${CMAKE_PREFIX_PATH}:/workspace/install/srvcli:/workspace/install/pubsub:/workspace/install/my_py_pkg:/workspace/install/inverse_kinematics:/opt/ros/humble /usr/bin/cmake --build /workspace/build/irb6640_ros2_gazebo -- -j12 -l12
[2.028s] Invoked command in '/workspace/build/irb6640_ros2_gazebo' returned '0': CMAKE_PREFIX_PATH=${CMAKE_PREFIX_PATH}:/workspace/install/srvcli:/workspace/install/pubsub:/workspace/install/my_py_pkg:/workspace/install/inverse_kinematics:/opt/ros/humble /usr/bin/cmake --build /workspace/build/irb6640_ros2_gazebo -- -j12 -l12
[2.155s] Invoking command in '/workspace/build/irb6640_ros2_gazebo': CMAKE_PREFIX_PATH=${CMAKE_PREFIX_PATH}:/workspace/install/srvcli:/workspace/install/pubsub:/workspace/install/my_py_pkg:/workspace/install/inverse_kinematics:/opt/ros/humble /usr/bin/cmake --install /workspace/build/irb6640_ros2_gazebo
[2.197s] -- Install configuration: ""
[2.201s] -- Installing: /workspace/install/irb6640_ros2_gazebo/share/irb6640_ros2_gazebo/config
[2.202s] -- Installing: /workspace/install/irb6640_ros2_gazebo/share/irb6640_ros2_gazebo/config/irb6640_controller.yaml
[2.202s] -- Installing: /workspace/install/irb6640_ros2_gazebo/share/irb6640_ros2_gazebo/launch
[2.203s] -- Installing: /workspace/install/irb6640_ros2_gazebo/share/irb6640_ros2_gazebo/launch/irb6640_simulation.launch.py
[2.204s] -- Installing: /workspace/install/irb6640_ros2_gazebo/share/irb6640_ros2_gazebo/urdf
[2.204s] -- Installing: /workspace/install/irb6640_ros2_gazebo/share/irb6640_ros2_gazebo/urdf/irb6640.urdf.xacro
[2.204s] -- Installing: /workspace/install/irb6640_ros2_gazebo/share/irb6640_ros2_gazebo/urdf/irb6640_macro.urdf.xacro
[2.204s] -- Installing: /workspace/install/irb6640_ros2_gazebo/share/irb6640_ros2_gazebo/urdf/irb6640_transmission.xacro
[2.205s] -- Installing: /workspace/install/irb6640_ros2_gazebo/share/irb6640_ros2_gazebo/urdf/abb_resources
[2.205s] -- Installing: /workspace/install/irb6640_ros2_gazebo/share/irb6640_ros2_gazebo/urdf/abb_resources/common_materials.xacro
[2.205s] -- Installing: /workspace/install/irb6640_ros2_gazebo/share/irb6640_ros2_gazebo/urdf/abb_resources/common_colours.xacro
[2.205s] -- Installing: /workspace/install/irb6640_ros2_gazebo/share/irb6640_ros2_gazebo/urdf/irb6640_ros2control.xacro
[2.206s] -- Installing: /workspace/install/irb6640_ros2_gazebo/share/irb6640_ros2_gazebo/worlds
[2.206s] -- Installing: /workspace/install/irb6640_ros2_gazebo/share/irb6640_ros2_gazebo/worlds/irb6640.world
[2.206s] -- Installing: /workspace/install/irb6640_ros2_gazebo/share/irb6640_ros2_gazebo/meshes
[2.206s] -- Installing: /workspace/install/irb6640_ros2_gazebo/share/irb6640_ros2_gazebo/meshes/collision
[2.206s] -- Installing: /workspace/install/irb6640_ros2_gazebo/share/irb6640_ros2_gazebo/meshes/collision/link_4.stl
[2.207s] -- Installing: /workspace/install/irb6640_ros2_gazebo/share/irb6640_ros2_gazebo/meshes/collision/link_2.stl
[2.207s] -- Installing: /workspace/install/irb6640_ros2_gazebo/share/irb6640_ros2_gazebo/meshes/collision/cylinder_link.stl
[2.207s] -- Installing: /workspace/install/irb6640_ros2_gazebo/share/irb6640_ros2_gazebo/meshes/collision/link_1.stl
[2.207s] -- Installing: /workspace/install/irb6640_ros2_gazebo/share/irb6640_ros2_gazebo/meshes/collision/piston_link.stl
[2.208s] -- Installing: /workspace/install/irb6640_ros2_gazebo/share/irb6640_ros2_gazebo/meshes/collision/base_link.stl
[2.208s] -- Installing: /workspace/install/irb6640_ros2_gazebo/share/irb6640_ros2_gazebo/meshes/collision/link_3.stl
[2.208s] -- Installing: /workspace/install/irb6640_ros2_gazebo/share/irb6640_ros2_gazebo/meshes/collision/link_6.stl
[2.210s] -- Installing: /workspace/install/irb6640_ros2_gazebo/share/irb6640_ros2_gazebo/meshes/collision/link_5.stl
[2.210s] -- Installing: /workspace/install/irb6640_ros2_gazebo/share/irb6640_ros2_gazebo/meshes/visual
[2.211s] -- Installing: /workspace/install/irb6640_ros2_gazebo/share/irb6640_ros2_gazebo/meshes/visual/base_link.dae
[2.211s] -- Installing: /workspace/install/irb6640_ros2_gazebo/share/irb6640_ros2_gazebo/meshes/visual/cylinder_link.dae
[2.211s] -- Installing: /workspace/install/irb6640_ros2_gazebo/share/irb6640_ros2_gazebo/meshes/visual/link_2.dae
[2.212s] -- Installing: /workspace/install/irb6640_ros2_gazebo/share/irb6640_ros2_gazebo/meshes/visual/link_1.dae
[2.212s] -- Installing: /workspace/install/irb6640_ros2_gazebo/share/irb6640_ros2_gazebo/meshes/visual/link_4.dae
[2.214s] -- Installing: /workspace/install/irb6640_ros2_gazebo/share/irb6640_ros2_gazebo/meshes/visual/link_6.dae
[2.214s] -- Installing: /workspace/install/irb6640_ros2_gazebo/share/irb6640_ros2_gazebo/meshes/visual/piston_link.dae
[2.214s] -- Installing: /workspace/install/irb6640_ros2_gazebo/share/irb6640_ros2_gazebo/meshes/visual/link_5.dae
[2.215s] -- Installing: /workspace/install/irb6640_ros2_gazebo/share/irb6640_ros2_gazebo/meshes/visual/link_3.dae
[2.221s] -- Installing: /workspace/install/irb6640_ros2_gazebo/share/ament_index/resource_index/package_run_dependencies/irb6640_ros2_gazebo
[2.222s] -- Installing: /workspace/install/irb6640_ros2_gazebo/share/ament_index/resource_index/parent_prefix_path/irb6640_ros2_gazebo
[2.223s] -- Installing: /workspace/install/irb6640_ros2_gazebo/share/irb6640_ros2_gazebo/environment/ament_prefix_path.sh
[2.224s] -- Installing: /workspace/install/irb6640_ros2_gazebo/share/irb6640_ros2_gazebo/environment/ament_prefix_path.dsv
[2.224s] -- Installing: /workspace/install/irb6640_ros2_gazebo/share/irb6640_ros2_gazebo/environment/path.sh
[2.230s] -- Installing: /workspace/install/irb6640_ros2_gazebo/share/irb6640_ros2_gazebo/environment/path.dsv
[2.230s] -- Installing: /workspace/install/irb6640_ros2_gazebo/share/irb6640_ros2_gazebo/local_setup.bash
[2.230s] -- Installing: /workspace/install/irb6640_ros2_gazebo/share/irb6640_ros2_gazebo/local_setup.sh
[2.231s] -- Installing: /workspace/install/irb6640_ros2_gazebo/share/irb6640_ros2_gazebo/local_setup.zsh
[2.231s] -- Installing: /workspace/install/irb6640_ros2_gazebo/share/irb6640_ros2_gazebo/local_setup.dsv
[2.231s] -- Installing: /workspace/install/irb6640_ros2_gazebo/share/irb6640_ros2_gazebo/package.dsv
[2.231s] -- Installing: /workspace/install/irb6640_ros2_gazebo/share/ament_index/resource_index/packages/irb6640_ros2_gazebo
[2.231s] -- Installing: /workspace/install/irb6640_ros2_gazebo/share/irb6640_ros2_gazebo/cmake/irb6640_ros2_gazeboConfig.cmake
[2.232s] -- Installing: /workspace/install/irb6640_ros2_gazebo/share/irb6640_ros2_gazebo/cmake/irb6640_ros2_gazeboConfig-version.cmake
[2.233s] -- Installing: /workspace/install/irb6640_ros2_gazebo/share/irb6640_ros2_gazebo/package.xml
[2.354s] Invoked command in '/workspace/build/irb6640_ros2_gazebo' returned '0': CMAKE_PREFIX_PATH=${CMAKE_PREFIX_PATH}:/workspace/install/srvcli:/workspace/install/pubsub:/workspace/install/my_py_pkg:/workspace/install/inverse_kinematics:/opt/ros/humble /usr/bin/cmake --install /workspace/build/irb6640_ros2_gazebo
