[0.083s] Invoking command in '/workspace/build/ur10_ros2_moveit2': CMAKE_PREFIX_PATH=/workspace/install/ros2_data:/workspace/install/ur5_ros2_moveit2:/workspace/install/ur5_ros2_gazebo:/workspace/install/ur3_ros2_moveit2:/workspace/install/ur3_ros2_gazebo:/workspace/install/ur10_ros2_moveit2:/workspace/install/ur10_ros2_gazebo:/workspace/install/ros_interfaces:/workspace/install/ros2_mid_actions:/workspace/install/ros2_grasping:/workspace/install/ros2_execution:/workspace/install/ros2_actions:/workspace/install/panda_ros2_moveit2:/workspace/install/irb6640_ros2_moveit2:/workspace/install/irb120_ros2_moveit2:/workspace/install/irb1200_ros2_moveit2:/workspace/install/iiwa_ros2_moveit2:/workspace/install/cr35ia_ros2_moveit2:/workspace/install/panda_ros2_gazebo:/workspace/install/my_robot_package:/workspace/install/irb6640_ros2_gazebo:/workspace/install/irb120_ros2_gazebo:/workspace/install/irb1200_ros2_gazebo:/workspace/install/iiwa_ros2_gazebo:/workspace/install/cr35ia_ros2_gazebo:/workspace/install/bocbot:/workspace/install/articubot_one:/workspace/install/srvcli:/workspace/install/pubsub:/workspace/install/my_py_pkg:/workspace/install/inverse_kinematics:/opt/ros/humble LD_LIBRARY_PATH=/workspace/install/ros2_data/lib:/workspace/install/ros_interfaces/lib:/workspace/install/ros2_mid_actions/lib:/workspace/install/ros2_grasping/lib:/usr/lib/x86_64-linux-gnu/gazebo-11/plugins:/opt/ros/humble/opt/rviz_ogre_vendor/lib:/opt/ros/humble/lib/x86_64-linux-gnu:/opt/ros/humble/lib /usr/bin/cmake /workspace/src/ros2_RobotSimulation/UniversalRobots/UR10/ur10_ros2_moveit2 -DCMAKE_INSTALL_PREFIX=/workspace/install/ur10_ros2_moveit2
[0.286s] -- The C compiler identification is GNU 11.3.0
[0.443s] -- The CXX compiler identification is GNU 11.3.0
[0.462s] -- Detecting C compiler ABI info
[0.624s] -- Detecting C compiler ABI info - done
[0.645s] -- Check for working C compiler: /usr/bin/cc - skipped
[0.646s] -- Detecting C compile features
[0.647s] -- Detecting C compile features - done
[0.653s] -- Detecting CXX compiler ABI info
[0.835s] -- Detecting CXX compiler ABI info - done
[0.860s] -- Check for working CXX compiler: /usr/bin/c++ - skipped
[0.861s] -- Detecting CXX compile features
[0.862s] -- Detecting CXX compile features - done
[0.872s] -- Found ament_cmake: 1.3.4 (/opt/ros/humble/share/ament_cmake/cmake)
[1.624s] -- Found Python3: /usr/bin/python3.10 (found version "3.10.6") found components: Interpreter 
[1.975s] -- Found ament_lint_auto: 0.12.6 (/opt/ros/humble/share/ament_lint_auto/cmake)
[2.329s] -- Added test 'copyright' to check source files copyright and LICENSE
[2.338s] -- Added test 'flake8' to check Python code syntax and style conventions
[2.339s] -- Added test 'lint_cmake' to check CMake code style
[2.339s] -- Added test 'pep257' to check Python code against some of the docstring style conventions in PEP 257
[2.345s] -- Added test 'xmllint' to check XML markup files
[2.361s] -- Configuring done
[2.363s] -- Generating done
[2.364s] -- Build files have been written to: /workspace/build/ur10_ros2_moveit2
[2.381s] Invoked command in '/workspace/build/ur10_ros2_moveit2' returned '0': CMAKE_PREFIX_PATH=/workspace/install/ros2_data:/workspace/install/ur5_ros2_moveit2:/workspace/install/ur5_ros2_gazebo:/workspace/install/ur3_ros2_moveit2:/workspace/install/ur3_ros2_gazebo:/workspace/install/ur10_ros2_moveit2:/workspace/install/ur10_ros2_gazebo:/workspace/install/ros_interfaces:/workspace/install/ros2_mid_actions:/workspace/install/ros2_grasping:/workspace/install/ros2_execution:/workspace/install/ros2_actions:/workspace/install/panda_ros2_moveit2:/workspace/install/irb6640_ros2_moveit2:/workspace/install/irb120_ros2_moveit2:/workspace/install/irb1200_ros2_moveit2:/workspace/install/iiwa_ros2_moveit2:/workspace/install/cr35ia_ros2_moveit2:/workspace/install/panda_ros2_gazebo:/workspace/install/my_robot_package:/workspace/install/irb6640_ros2_gazebo:/workspace/install/irb120_ros2_gazebo:/workspace/install/irb1200_ros2_gazebo:/workspace/install/iiwa_ros2_gazebo:/workspace/install/cr35ia_ros2_gazebo:/workspace/install/bocbot:/workspace/install/articubot_one:/workspace/install/srvcli:/workspace/install/pubsub:/workspace/install/my_py_pkg:/workspace/install/inverse_kinematics:/opt/ros/humble LD_LIBRARY_PATH=/workspace/install/ros2_data/lib:/workspace/install/ros_interfaces/lib:/workspace/install/ros2_mid_actions/lib:/workspace/install/ros2_grasping/lib:/usr/lib/x86_64-linux-gnu/gazebo-11/plugins:/opt/ros/humble/opt/rviz_ogre_vendor/lib:/opt/ros/humble/lib/x86_64-linux-gnu:/opt/ros/humble/lib /usr/bin/cmake /workspace/src/ros2_RobotSimulation/UniversalRobots/UR10/ur10_ros2_moveit2 -DCMAKE_INSTALL_PREFIX=/workspace/install/ur10_ros2_moveit2
[2.388s] Invoking command in '/workspace/build/ur10_ros2_moveit2': CMAKE_PREFIX_PATH=/workspace/install/ros2_data:/workspace/install/ur5_ros2_moveit2:/workspace/install/ur5_ros2_gazebo:/workspace/install/ur3_ros2_moveit2:/workspace/install/ur3_ros2_gazebo:/workspace/install/ur10_ros2_moveit2:/workspace/install/ur10_ros2_gazebo:/workspace/install/ros_interfaces:/workspace/install/ros2_mid_actions:/workspace/install/ros2_grasping:/workspace/install/ros2_execution:/workspace/install/ros2_actions:/workspace/install/panda_ros2_moveit2:/workspace/install/irb6640_ros2_moveit2:/workspace/install/irb120_ros2_moveit2:/workspace/install/irb1200_ros2_moveit2:/workspace/install/iiwa_ros2_moveit2:/workspace/install/cr35ia_ros2_moveit2:/workspace/install/panda_ros2_gazebo:/workspace/install/my_robot_package:/workspace/install/irb6640_ros2_gazebo:/workspace/install/irb120_ros2_gazebo:/workspace/install/irb1200_ros2_gazebo:/workspace/install/iiwa_ros2_gazebo:/workspace/install/cr35ia_ros2_gazebo:/workspace/install/bocbot:/workspace/install/articubot_one:/workspace/install/srvcli:/workspace/install/pubsub:/workspace/install/my_py_pkg:/workspace/install/inverse_kinematics:/opt/ros/humble LD_LIBRARY_PATH=/workspace/install/ros2_data/lib:/workspace/install/ros_interfaces/lib:/workspace/install/ros2_mid_actions/lib:/workspace/install/ros2_grasping/lib:/usr/lib/x86_64-linux-gnu/gazebo-11/plugins:/opt/ros/humble/opt/rviz_ogre_vendor/lib:/opt/ros/humble/lib/x86_64-linux-gnu:/opt/ros/humble/lib /usr/bin/cmake --build /workspace/build/ur10_ros2_moveit2 -- -j12 -l12
[2.496s] Invoked command in '/workspace/build/ur10_ros2_moveit2' returned '0': CMAKE_PREFIX_PATH=/workspace/install/ros2_data:/workspace/install/ur5_ros2_moveit2:/workspace/install/ur5_ros2_gazebo:/workspace/install/ur3_ros2_moveit2:/workspace/install/ur3_ros2_gazebo:/workspace/install/ur10_ros2_moveit2:/workspace/install/ur10_ros2_gazebo:/workspace/install/ros_interfaces:/workspace/install/ros2_mid_actions:/workspace/install/ros2_grasping:/workspace/install/ros2_execution:/workspace/install/ros2_actions:/workspace/install/panda_ros2_moveit2:/workspace/install/irb6640_ros2_moveit2:/workspace/install/irb120_ros2_moveit2:/workspace/install/irb1200_ros2_moveit2:/workspace/install/iiwa_ros2_moveit2:/workspace/install/cr35ia_ros2_moveit2:/workspace/install/panda_ros2_gazebo:/workspace/install/my_robot_package:/workspace/install/irb6640_ros2_gazebo:/workspace/install/irb120_ros2_gazebo:/workspace/install/irb1200_ros2_gazebo:/workspace/install/iiwa_ros2_gazebo:/workspace/install/cr35ia_ros2_gazebo:/workspace/install/bocbot:/workspace/install/articubot_one:/workspace/install/srvcli:/workspace/install/pubsub:/workspace/install/my_py_pkg:/workspace/install/inverse_kinematics:/opt/ros/humble LD_LIBRARY_PATH=/workspace/install/ros2_data/lib:/workspace/install/ros_interfaces/lib:/workspace/install/ros2_mid_actions/lib:/workspace/install/ros2_grasping/lib:/usr/lib/x86_64-linux-gnu/gazebo-11/plugins:/opt/ros/humble/opt/rviz_ogre_vendor/lib:/opt/ros/humble/lib/x86_64-linux-gnu:/opt/ros/humble/lib /usr/bin/cmake --build /workspace/build/ur10_ros2_moveit2 -- -j12 -l12
[2.734s] Invoking command in '/workspace/build/ur10_ros2_moveit2': CMAKE_PREFIX_PATH=/workspace/install/ros2_data:/workspace/install/ur5_ros2_moveit2:/workspace/install/ur5_ros2_gazebo:/workspace/install/ur3_ros2_moveit2:/workspace/install/ur3_ros2_gazebo:/workspace/install/ur10_ros2_moveit2:/workspace/install/ur10_ros2_gazebo:/workspace/install/ros_interfaces:/workspace/install/ros2_mid_actions:/workspace/install/ros2_grasping:/workspace/install/ros2_execution:/workspace/install/ros2_actions:/workspace/install/panda_ros2_moveit2:/workspace/install/irb6640_ros2_moveit2:/workspace/install/irb120_ros2_moveit2:/workspace/install/irb1200_ros2_moveit2:/workspace/install/iiwa_ros2_moveit2:/workspace/install/cr35ia_ros2_moveit2:/workspace/install/panda_ros2_gazebo:/workspace/install/my_robot_package:/workspace/install/irb6640_ros2_gazebo:/workspace/install/irb120_ros2_gazebo:/workspace/install/irb1200_ros2_gazebo:/workspace/install/iiwa_ros2_gazebo:/workspace/install/cr35ia_ros2_gazebo:/workspace/install/bocbot:/workspace/install/articubot_one:/workspace/install/srvcli:/workspace/install/pubsub:/workspace/install/my_py_pkg:/workspace/install/inverse_kinematics:/opt/ros/humble LD_LIBRARY_PATH=/workspace/install/ros2_data/lib:/workspace/install/ros_interfaces/lib:/workspace/install/ros2_mid_actions/lib:/workspace/install/ros2_grasping/lib:/usr/lib/x86_64-linux-gnu/gazebo-11/plugins:/opt/ros/humble/opt/rviz_ogre_vendor/lib:/opt/ros/humble/lib/x86_64-linux-gnu:/opt/ros/humble/lib /usr/bin/cmake --install /workspace/build/ur10_ros2_moveit2
[2.771s] -- Install configuration: ""
[2.771s] -- Installing: /workspace/install/ur10_ros2_moveit2/share/ur10_ros2_moveit2/config
[2.772s] -- Installing: /workspace/install/ur10_ros2_moveit2/share/ur10_ros2_moveit2/config/ur10_controllers.yaml
[2.772s] -- Installing: /workspace/install/ur10_ros2_moveit2/share/ur10_ros2_moveit2/config/ompl_planning.yaml
[2.772s] -- Installing: /workspace/install/ur10_ros2_moveit2/share/ur10_ros2_moveit2/config/ur10_moveit2.rviz
[2.772s] -- Installing: /workspace/install/ur10_ros2_moveit2/share/ur10_ros2_moveit2/config/ur10.srdf
[2.772s] -- Installing: /workspace/install/ur10_ros2_moveit2/share/ur10_ros2_moveit2/config/chomp_planning.yaml
[2.773s] -- Installing: /workspace/install/ur10_ros2_moveit2/share/ur10_ros2_moveit2/config/kinematics.yaml
[2.773s] -- Installing: /workspace/install/ur10_ros2_moveit2/share/ur10_ros2_moveit2/launch
[2.773s] -- Installing: /workspace/install/ur10_ros2_moveit2/share/ur10_ros2_moveit2/launch/ur10.launch.py
[2.773s] -- Installing: /workspace/install/ur10_ros2_moveit2/share/ur10_ros2_moveit2/launch/ur10_interface.launch.py
[2.773s] -- Installing: /workspace/install/ur10_ros2_moveit2/share/ament_index/resource_index/package_run_dependencies/ur10_ros2_moveit2
[2.774s] -- Installing: /workspace/install/ur10_ros2_moveit2/share/ament_index/resource_index/parent_prefix_path/ur10_ros2_moveit2
[2.775s] -- Installing: /workspace/install/ur10_ros2_moveit2/share/ur10_ros2_moveit2/environment/ament_prefix_path.sh
[2.775s] -- Installing: /workspace/install/ur10_ros2_moveit2/share/ur10_ros2_moveit2/environment/ament_prefix_path.dsv
[2.776s] -- Installing: /workspace/install/ur10_ros2_moveit2/share/ur10_ros2_moveit2/environment/path.sh
[2.776s] -- Installing: /workspace/install/ur10_ros2_moveit2/share/ur10_ros2_moveit2/environment/path.dsv
[2.776s] -- Installing: /workspace/install/ur10_ros2_moveit2/share/ur10_ros2_moveit2/local_setup.bash
[2.776s] -- Installing: /workspace/install/ur10_ros2_moveit2/share/ur10_ros2_moveit2/local_setup.sh
[2.776s] -- Installing: /workspace/install/ur10_ros2_moveit2/share/ur10_ros2_moveit2/local_setup.zsh
[2.776s] -- Installing: /workspace/install/ur10_ros2_moveit2/share/ur10_ros2_moveit2/local_setup.dsv
[2.776s] -- Installing: /workspace/install/ur10_ros2_moveit2/share/ur10_ros2_moveit2/package.dsv
[2.781s] -- Installing: /workspace/install/ur10_ros2_moveit2/share/ament_index/resource_index/packages/ur10_ros2_moveit2
[2.781s] -- Installing: /workspace/install/ur10_ros2_moveit2/share/ur10_ros2_moveit2/cmake/ur10_ros2_moveit2Config.cmake
[2.782s] -- Installing: /workspace/install/ur10_ros2_moveit2/share/ur10_ros2_moveit2/cmake/ur10_ros2_moveit2Config-version.cmake
[2.782s] -- Installing: /workspace/install/ur10_ros2_moveit2/share/ur10_ros2_moveit2/package.xml
[2.953s] Invoked command in '/workspace/build/ur10_ros2_moveit2' returned '0': CMAKE_PREFIX_PATH=/workspace/install/ros2_data:/workspace/install/ur5_ros2_moveit2:/workspace/install/ur5_ros2_gazebo:/workspace/install/ur3_ros2_moveit2:/workspace/install/ur3_ros2_gazebo:/workspace/install/ur10_ros2_moveit2:/workspace/install/ur10_ros2_gazebo:/workspace/install/ros_interfaces:/workspace/install/ros2_mid_actions:/workspace/install/ros2_grasping:/workspace/install/ros2_execution:/workspace/install/ros2_actions:/workspace/install/panda_ros2_moveit2:/workspace/install/irb6640_ros2_moveit2:/workspace/install/irb120_ros2_moveit2:/workspace/install/irb1200_ros2_moveit2:/workspace/install/iiwa_ros2_moveit2:/workspace/install/cr35ia_ros2_moveit2:/workspace/install/panda_ros2_gazebo:/workspace/install/my_robot_package:/workspace/install/irb6640_ros2_gazebo:/workspace/install/irb120_ros2_gazebo:/workspace/install/irb1200_ros2_gazebo:/workspace/install/iiwa_ros2_gazebo:/workspace/install/cr35ia_ros2_gazebo:/workspace/install/bocbot:/workspace/install/articubot_one:/workspace/install/srvcli:/workspace/install/pubsub:/workspace/install/my_py_pkg:/workspace/install/inverse_kinematics:/opt/ros/humble LD_LIBRARY_PATH=/workspace/install/ros2_data/lib:/workspace/install/ros_interfaces/lib:/workspace/install/ros2_mid_actions/lib:/workspace/install/ros2_grasping/lib:/usr/lib/x86_64-linux-gnu/gazebo-11/plugins:/opt/ros/humble/opt/rviz_ogre_vendor/lib:/opt/ros/humble/lib/x86_64-linux-gnu:/opt/ros/humble/lib /usr/bin/cmake --install /workspace/build/ur10_ros2_moveit2
