[0.131s] Invoking command in '/workspace/build/cr35ia_ros2_moveit2': CMAKE_PREFIX_PATH=/workspace/install/ros2_data:/workspace/install/ur5_ros2_moveit2:/workspace/install/ur5_ros2_gazebo:/workspace/install/ur3_ros2_moveit2:/workspace/install/ur3_ros2_gazebo:/workspace/install/ur10_ros2_moveit2:/workspace/install/ur10_ros2_gazebo:/workspace/install/ros_interfaces:/workspace/install/ros2_mid_actions:/workspace/install/ros2_grasping:/workspace/install/ros2_execution:/workspace/install/ros2_actions:/workspace/install/panda_ros2_moveit2:/workspace/install/irb6640_ros2_moveit2:/workspace/install/irb120_ros2_moveit2:/workspace/install/irb1200_ros2_moveit2:/workspace/install/iiwa_ros2_moveit2:/workspace/install/cr35ia_ros2_moveit2:/workspace/install/panda_ros2_gazebo:/workspace/install/my_robot_package:/workspace/install/irb6640_ros2_gazebo:/workspace/install/irb120_ros2_gazebo:/workspace/install/irb1200_ros2_gazebo:/workspace/install/iiwa_ros2_gazebo:/workspace/install/cr35ia_ros2_gazebo:/workspace/install/bocbot:/workspace/install/articubot_one:/workspace/install/srvcli:/workspace/install/pubsub:/workspace/install/my_py_pkg:/workspace/install/inverse_kinematics:/opt/ros/humble LD_LIBRARY_PATH=/workspace/install/ros2_data/lib:/workspace/install/ros_interfaces/lib:/workspace/install/ros2_mid_actions/lib:/workspace/install/ros2_grasping/lib:/usr/lib/x86_64-linux-gnu/gazebo-11/plugins:/opt/ros/humble/opt/rviz_ogre_vendor/lib:/opt/ros/humble/lib/x86_64-linux-gnu:/opt/ros/humble/lib /usr/bin/cmake /workspace/src/ros2_RobotSimulation/Fanuc/CR35iA/cr35ia_ros2_moveit2 -DCMAKE_INSTALL_PREFIX=/workspace/install/cr35ia_ros2_moveit2
[0.289s] -- The C compiler identification is GNU 11.3.0
[0.455s] -- The CXX compiler identification is GNU 11.3.0
[0.471s] -- Detecting C compiler ABI info
[0.643s] -- Detecting C compiler ABI info - done
[0.672s] -- Check for working C compiler: /usr/bin/cc - skipped
[0.673s] -- Detecting C compile features
[0.674s] -- Detecting C compile features - done
[0.681s] -- Detecting CXX compiler ABI info
[0.864s] -- Detecting CXX compiler ABI info - done
[0.887s] -- Check for working CXX compiler: /usr/bin/c++ - skipped
[0.888s] -- Detecting CXX compile features
[0.889s] -- Detecting CXX compile features - done
[0.903s] -- Found ament_cmake: 1.3.4 (/opt/ros/humble/share/ament_cmake/cmake)
[1.652s] -- Found Python3: /usr/bin/python3.10 (found version "3.10.6") found components: Interpreter 
[1.988s] -- Found ament_lint_auto: 0.12.6 (/opt/ros/humble/share/ament_lint_auto/cmake)
[2.366s] -- Added test 'copyright' to check source files copyright and LICENSE
[2.372s] -- Added test 'flake8' to check Python code syntax and style conventions
[2.374s] -- Added test 'lint_cmake' to check CMake code style
[2.376s] -- Added test 'pep257' to check Python code against some of the docstring style conventions in PEP 257
[2.379s] -- Added test 'xmllint' to check XML markup files
[2.384s] -- Configuring done
[2.390s] -- Generating done
[2.393s] -- Build files have been written to: /workspace/build/cr35ia_ros2_moveit2
[2.413s] Invoked command in '/workspace/build/cr35ia_ros2_moveit2' returned '0': CMAKE_PREFIX_PATH=/workspace/install/ros2_data:/workspace/install/ur5_ros2_moveit2:/workspace/install/ur5_ros2_gazebo:/workspace/install/ur3_ros2_moveit2:/workspace/install/ur3_ros2_gazebo:/workspace/install/ur10_ros2_moveit2:/workspace/install/ur10_ros2_gazebo:/workspace/install/ros_interfaces:/workspace/install/ros2_mid_actions:/workspace/install/ros2_grasping:/workspace/install/ros2_execution:/workspace/install/ros2_actions:/workspace/install/panda_ros2_moveit2:/workspace/install/irb6640_ros2_moveit2:/workspace/install/irb120_ros2_moveit2:/workspace/install/irb1200_ros2_moveit2:/workspace/install/iiwa_ros2_moveit2:/workspace/install/cr35ia_ros2_moveit2:/workspace/install/panda_ros2_gazebo:/workspace/install/my_robot_package:/workspace/install/irb6640_ros2_gazebo:/workspace/install/irb120_ros2_gazebo:/workspace/install/irb1200_ros2_gazebo:/workspace/install/iiwa_ros2_gazebo:/workspace/install/cr35ia_ros2_gazebo:/workspace/install/bocbot:/workspace/install/articubot_one:/workspace/install/srvcli:/workspace/install/pubsub:/workspace/install/my_py_pkg:/workspace/install/inverse_kinematics:/opt/ros/humble LD_LIBRARY_PATH=/workspace/install/ros2_data/lib:/workspace/install/ros_interfaces/lib:/workspace/install/ros2_mid_actions/lib:/workspace/install/ros2_grasping/lib:/usr/lib/x86_64-linux-gnu/gazebo-11/plugins:/opt/ros/humble/opt/rviz_ogre_vendor/lib:/opt/ros/humble/lib/x86_64-linux-gnu:/opt/ros/humble/lib /usr/bin/cmake /workspace/src/ros2_RobotSimulation/Fanuc/CR35iA/cr35ia_ros2_moveit2 -DCMAKE_INSTALL_PREFIX=/workspace/install/cr35ia_ros2_moveit2
[2.416s] Invoking command in '/workspace/build/cr35ia_ros2_moveit2': CMAKE_PREFIX_PATH=/workspace/install/ros2_data:/workspace/install/ur5_ros2_moveit2:/workspace/install/ur5_ros2_gazebo:/workspace/install/ur3_ros2_moveit2:/workspace/install/ur3_ros2_gazebo:/workspace/install/ur10_ros2_moveit2:/workspace/install/ur10_ros2_gazebo:/workspace/install/ros_interfaces:/workspace/install/ros2_mid_actions:/workspace/install/ros2_grasping:/workspace/install/ros2_execution:/workspace/install/ros2_actions:/workspace/install/panda_ros2_moveit2:/workspace/install/irb6640_ros2_moveit2:/workspace/install/irb120_ros2_moveit2:/workspace/install/irb1200_ros2_moveit2:/workspace/install/iiwa_ros2_moveit2:/workspace/install/cr35ia_ros2_moveit2:/workspace/install/panda_ros2_gazebo:/workspace/install/my_robot_package:/workspace/install/irb6640_ros2_gazebo:/workspace/install/irb120_ros2_gazebo:/workspace/install/irb1200_ros2_gazebo:/workspace/install/iiwa_ros2_gazebo:/workspace/install/cr35ia_ros2_gazebo:/workspace/install/bocbot:/workspace/install/articubot_one:/workspace/install/srvcli:/workspace/install/pubsub:/workspace/install/my_py_pkg:/workspace/install/inverse_kinematics:/opt/ros/humble LD_LIBRARY_PATH=/workspace/install/ros2_data/lib:/workspace/install/ros_interfaces/lib:/workspace/install/ros2_mid_actions/lib:/workspace/install/ros2_grasping/lib:/usr/lib/x86_64-linux-gnu/gazebo-11/plugins:/opt/ros/humble/opt/rviz_ogre_vendor/lib:/opt/ros/humble/lib/x86_64-linux-gnu:/opt/ros/humble/lib /usr/bin/cmake --build /workspace/build/cr35ia_ros2_moveit2 -- -j12 -l12
[2.510s] Invoked command in '/workspace/build/cr35ia_ros2_moveit2' returned '0': CMAKE_PREFIX_PATH=/workspace/install/ros2_data:/workspace/install/ur5_ros2_moveit2:/workspace/install/ur5_ros2_gazebo:/workspace/install/ur3_ros2_moveit2:/workspace/install/ur3_ros2_gazebo:/workspace/install/ur10_ros2_moveit2:/workspace/install/ur10_ros2_gazebo:/workspace/install/ros_interfaces:/workspace/install/ros2_mid_actions:/workspace/install/ros2_grasping:/workspace/install/ros2_execution:/workspace/install/ros2_actions:/workspace/install/panda_ros2_moveit2:/workspace/install/irb6640_ros2_moveit2:/workspace/install/irb120_ros2_moveit2:/workspace/install/irb1200_ros2_moveit2:/workspace/install/iiwa_ros2_moveit2:/workspace/install/cr35ia_ros2_moveit2:/workspace/install/panda_ros2_gazebo:/workspace/install/my_robot_package:/workspace/install/irb6640_ros2_gazebo:/workspace/install/irb120_ros2_gazebo:/workspace/install/irb1200_ros2_gazebo:/workspace/install/iiwa_ros2_gazebo:/workspace/install/cr35ia_ros2_gazebo:/workspace/install/bocbot:/workspace/install/articubot_one:/workspace/install/srvcli:/workspace/install/pubsub:/workspace/install/my_py_pkg:/workspace/install/inverse_kinematics:/opt/ros/humble LD_LIBRARY_PATH=/workspace/install/ros2_data/lib:/workspace/install/ros_interfaces/lib:/workspace/install/ros2_mid_actions/lib:/workspace/install/ros2_grasping/lib:/usr/lib/x86_64-linux-gnu/gazebo-11/plugins:/opt/ros/humble/opt/rviz_ogre_vendor/lib:/opt/ros/humble/lib/x86_64-linux-gnu:/opt/ros/humble/lib /usr/bin/cmake --build /workspace/build/cr35ia_ros2_moveit2 -- -j12 -l12
[2.592s] Invoking command in '/workspace/build/cr35ia_ros2_moveit2': CMAKE_PREFIX_PATH=/workspace/install/ros2_data:/workspace/install/ur5_ros2_moveit2:/workspace/install/ur5_ros2_gazebo:/workspace/install/ur3_ros2_moveit2:/workspace/install/ur3_ros2_gazebo:/workspace/install/ur10_ros2_moveit2:/workspace/install/ur10_ros2_gazebo:/workspace/install/ros_interfaces:/workspace/install/ros2_mid_actions:/workspace/install/ros2_grasping:/workspace/install/ros2_execution:/workspace/install/ros2_actions:/workspace/install/panda_ros2_moveit2:/workspace/install/irb6640_ros2_moveit2:/workspace/install/irb120_ros2_moveit2:/workspace/install/irb1200_ros2_moveit2:/workspace/install/iiwa_ros2_moveit2:/workspace/install/cr35ia_ros2_moveit2:/workspace/install/panda_ros2_gazebo:/workspace/install/my_robot_package:/workspace/install/irb6640_ros2_gazebo:/workspace/install/irb120_ros2_gazebo:/workspace/install/irb1200_ros2_gazebo:/workspace/install/iiwa_ros2_gazebo:/workspace/install/cr35ia_ros2_gazebo:/workspace/install/bocbot:/workspace/install/articubot_one:/workspace/install/srvcli:/workspace/install/pubsub:/workspace/install/my_py_pkg:/workspace/install/inverse_kinematics:/opt/ros/humble LD_LIBRARY_PATH=/workspace/install/ros2_data/lib:/workspace/install/ros_interfaces/lib:/workspace/install/ros2_mid_actions/lib:/workspace/install/ros2_grasping/lib:/usr/lib/x86_64-linux-gnu/gazebo-11/plugins:/opt/ros/humble/opt/rviz_ogre_vendor/lib:/opt/ros/humble/lib/x86_64-linux-gnu:/opt/ros/humble/lib /usr/bin/cmake --install /workspace/build/cr35ia_ros2_moveit2
[2.648s] -- Install configuration: ""
[2.652s] -- Installing: /workspace/install/cr35ia_ros2_moveit2/share/cr35ia_ros2_moveit2/config
[2.656s] -- Installing: /workspace/install/cr35ia_ros2_moveit2/share/cr35ia_ros2_moveit2/config/cr35ia.srdf
[2.656s] -- Installing: /workspace/install/cr35ia_ros2_moveit2/share/cr35ia_ros2_moveit2/config/ompl_planning.yaml
[2.657s] -- Installing: /workspace/install/cr35ia_ros2_moveit2/share/cr35ia_ros2_moveit2/config/cr35ia_moveit2.rviz
[2.657s] -- Installing: /workspace/install/cr35ia_ros2_moveit2/share/cr35ia_ros2_moveit2/config/kinematics.yaml
[2.657s] -- Installing: /workspace/install/cr35ia_ros2_moveit2/share/cr35ia_ros2_moveit2/config/cr35ia_controllers.yaml
[2.657s] -- Installing: /workspace/install/cr35ia_ros2_moveit2/share/cr35ia_ros2_moveit2/launch
[2.658s] -- Installing: /workspace/install/cr35ia_ros2_moveit2/share/cr35ia_ros2_moveit2/launch/cr35ia_interface.launch.py
[2.659s] -- Installing: /workspace/install/cr35ia_ros2_moveit2/share/cr35ia_ros2_moveit2/launch/cr35ia.launch.py
[2.661s] -- Installing: /workspace/install/cr35ia_ros2_moveit2/share/ament_index/resource_index/package_run_dependencies/cr35ia_ros2_moveit2
[2.661s] -- Installing: /workspace/install/cr35ia_ros2_moveit2/share/ament_index/resource_index/parent_prefix_path/cr35ia_ros2_moveit2
[2.662s] -- Installing: /workspace/install/cr35ia_ros2_moveit2/share/cr35ia_ros2_moveit2/environment/ament_prefix_path.sh
[2.662s] -- Installing: /workspace/install/cr35ia_ros2_moveit2/share/cr35ia_ros2_moveit2/environment/ament_prefix_path.dsv
[2.663s] -- Installing: /workspace/install/cr35ia_ros2_moveit2/share/cr35ia_ros2_moveit2/environment/path.sh
[2.663s] -- Installing: /workspace/install/cr35ia_ros2_moveit2/share/cr35ia_ros2_moveit2/environment/path.dsv
[2.663s] -- Installing: /workspace/install/cr35ia_ros2_moveit2/share/cr35ia_ros2_moveit2/local_setup.bash
[2.664s] -- Installing: /workspace/install/cr35ia_ros2_moveit2/share/cr35ia_ros2_moveit2/local_setup.sh
[2.664s] -- Installing: /workspace/install/cr35ia_ros2_moveit2/share/cr35ia_ros2_moveit2/local_setup.zsh
[2.665s] -- Installing: /workspace/install/cr35ia_ros2_moveit2/share/cr35ia_ros2_moveit2/local_setup.dsv
[2.667s] -- Installing: /workspace/install/cr35ia_ros2_moveit2/share/cr35ia_ros2_moveit2/package.dsv
[2.678s] -- Installing: /workspace/install/cr35ia_ros2_moveit2/share/ament_index/resource_index/packages/cr35ia_ros2_moveit2
[2.681s] -- Installing: /workspace/install/cr35ia_ros2_moveit2/share/cr35ia_ros2_moveit2/cmake/cr35ia_ros2_moveit2Config.cmake
[2.692s] -- Installing: /workspace/install/cr35ia_ros2_moveit2/share/cr35ia_ros2_moveit2/cmake/cr35ia_ros2_moveit2Config-version.cmake
[2.692s] -- Installing: /workspace/install/cr35ia_ros2_moveit2/share/cr35ia_ros2_moveit2/package.xml
[2.744s] Invoked command in '/workspace/build/cr35ia_ros2_moveit2' returned '0': CMAKE_PREFIX_PATH=/workspace/install/ros2_data:/workspace/install/ur5_ros2_moveit2:/workspace/install/ur5_ros2_gazebo:/workspace/install/ur3_ros2_moveit2:/workspace/install/ur3_ros2_gazebo:/workspace/install/ur10_ros2_moveit2:/workspace/install/ur10_ros2_gazebo:/workspace/install/ros_interfaces:/workspace/install/ros2_mid_actions:/workspace/install/ros2_grasping:/workspace/install/ros2_execution:/workspace/install/ros2_actions:/workspace/install/panda_ros2_moveit2:/workspace/install/irb6640_ros2_moveit2:/workspace/install/irb120_ros2_moveit2:/workspace/install/irb1200_ros2_moveit2:/workspace/install/iiwa_ros2_moveit2:/workspace/install/cr35ia_ros2_moveit2:/workspace/install/panda_ros2_gazebo:/workspace/install/my_robot_package:/workspace/install/irb6640_ros2_gazebo:/workspace/install/irb120_ros2_gazebo:/workspace/install/irb1200_ros2_gazebo:/workspace/install/iiwa_ros2_gazebo:/workspace/install/cr35ia_ros2_gazebo:/workspace/install/bocbot:/workspace/install/articubot_one:/workspace/install/srvcli:/workspace/install/pubsub:/workspace/install/my_py_pkg:/workspace/install/inverse_kinematics:/opt/ros/humble LD_LIBRARY_PATH=/workspace/install/ros2_data/lib:/workspace/install/ros_interfaces/lib:/workspace/install/ros2_mid_actions/lib:/workspace/install/ros2_grasping/lib:/usr/lib/x86_64-linux-gnu/gazebo-11/plugins:/opt/ros/humble/opt/rviz_ogre_vendor/lib:/opt/ros/humble/lib/x86_64-linux-gnu:/opt/ros/humble/lib /usr/bin/cmake --install /workspace/build/cr35ia_ros2_moveit2
