[1.865s] Invoking command in '/workspace/src/my_py_pkg': PYTHONPATH=/workspace/build/my_py_pkg/prefix_override:/workspace/install/my_py_pkg/lib/python3.10/site-packages:${PYTHONPATH} /usr/bin/python3 setup.py egg_info --egg-base ../../build/my_py_pkg build --build-base /workspace/build/my_py_pkg/build install --record /workspace/build/my_py_pkg/install.log --single-version-externally-managed
[2.431s] running egg_info
[2.432s] creating ../../build/my_py_pkg/my_py_pkg.egg-info
[2.432s] writing ../../build/my_py_pkg/my_py_pkg.egg-info/PKG-INFO
[2.437s] writing dependency_links to ../../build/my_py_pkg/my_py_pkg.egg-info/dependency_links.txt
[2.437s] writing entry points to ../../build/my_py_pkg/my_py_pkg.egg-info/entry_points.txt
[2.438s] writing requirements to ../../build/my_py_pkg/my_py_pkg.egg-info/requires.txt
[2.438s] writing top-level names to ../../build/my_py_pkg/my_py_pkg.egg-info/top_level.txt
[2.438s] writing manifest file '../../build/my_py_pkg/my_py_pkg.egg-info/SOURCES.txt'
[2.438s] reading manifest file '../../build/my_py_pkg/my_py_pkg.egg-info/SOURCES.txt'
[2.439s] writing manifest file '../../build/my_py_pkg/my_py_pkg.egg-info/SOURCES.txt'
[2.439s] running build
[2.439s] running build_py
[2.440s] creating /workspace/build/my_py_pkg/build
[2.440s] creating /workspace/build/my_py_pkg/build/lib
[2.440s] creating /workspace/build/my_py_pkg/build/lib/my_py_pkg
[2.440s] copying my_py_pkg/number_gen.py -> /workspace/build/my_py_pkg/build/lib/my_py_pkg
[2.441s] copying my_py_pkg/add_two_ints_client.py -> /workspace/build/my_py_pkg/build/lib/my_py_pkg
[2.441s] copying my_py_pkg/cam_subs.py -> /workspace/build/my_py_pkg/build/lib/my_py_pkg
[2.441s] copying my_py_pkg/inv_kinematics.py -> /workspace/build/my_py_pkg/build/lib/my_py_pkg
[2.441s] copying my_py_pkg/add_two_ints_server.py -> /workspace/build/my_py_pkg/build/lib/my_py_pkg
[2.442s] copying my_py_pkg/lidar_data.py -> /workspace/build/my_py_pkg/build/lib/my_py_pkg
[2.442s] copying my_py_pkg/yolo_final.py -> /workspace/build/my_py_pkg/build/lib/my_py_pkg
[2.442s] copying my_py_pkg/irb120_simulation.launch.py -> /workspace/build/my_py_pkg/build/lib/my_py_pkg
[2.442s] copying my_py_pkg/__init__.py -> /workspace/build/my_py_pkg/build/lib/my_py_pkg
[2.442s] copying my_py_pkg/num_counter_reset.py -> /workspace/build/my_py_pkg/build/lib/my_py_pkg
[2.442s] copying my_py_pkg/number_counter.py -> /workspace/build/my_py_pkg/build/lib/my_py_pkg
[2.443s] copying my_py_pkg/processs_image.py -> /workspace/build/my_py_pkg/build/lib/my_py_pkg
[2.443s] copying my_py_pkg/endeffector.py -> /workspace/build/my_py_pkg/build/lib/my_py_pkg
[2.443s] running install
[2.443s] /usr/lib/python3/dist-packages/setuptools/command/install.py:34: SetuptoolsDeprecationWarning: setup.py install is deprecated. Use build and pip and other standards-based tools.
[2.443s]   warnings.warn(
[2.445s] running install_lib
[2.448s] creating /workspace/install/my_py_pkg/lib/python3.10/site-packages/my_py_pkg
[2.448s] copying /workspace/build/my_py_pkg/build/lib/my_py_pkg/number_gen.py -> /workspace/install/my_py_pkg/lib/python3.10/site-packages/my_py_pkg
[2.448s] copying /workspace/build/my_py_pkg/build/lib/my_py_pkg/add_two_ints_client.py -> /workspace/install/my_py_pkg/lib/python3.10/site-packages/my_py_pkg
[2.448s] copying /workspace/build/my_py_pkg/build/lib/my_py_pkg/cam_subs.py -> /workspace/install/my_py_pkg/lib/python3.10/site-packages/my_py_pkg
[2.448s] copying /workspace/build/my_py_pkg/build/lib/my_py_pkg/inv_kinematics.py -> /workspace/install/my_py_pkg/lib/python3.10/site-packages/my_py_pkg
[2.449s] copying /workspace/build/my_py_pkg/build/lib/my_py_pkg/add_two_ints_server.py -> /workspace/install/my_py_pkg/lib/python3.10/site-packages/my_py_pkg
[2.449s] copying /workspace/build/my_py_pkg/build/lib/my_py_pkg/lidar_data.py -> /workspace/install/my_py_pkg/lib/python3.10/site-packages/my_py_pkg
[2.449s] copying /workspace/build/my_py_pkg/build/lib/my_py_pkg/yolo_final.py -> /workspace/install/my_py_pkg/lib/python3.10/site-packages/my_py_pkg
[2.449s] copying /workspace/build/my_py_pkg/build/lib/my_py_pkg/irb120_simulation.launch.py -> /workspace/install/my_py_pkg/lib/python3.10/site-packages/my_py_pkg
[2.449s] copying /workspace/build/my_py_pkg/build/lib/my_py_pkg/__init__.py -> /workspace/install/my_py_pkg/lib/python3.10/site-packages/my_py_pkg
[2.450s] copying /workspace/build/my_py_pkg/build/lib/my_py_pkg/num_counter_reset.py -> /workspace/install/my_py_pkg/lib/python3.10/site-packages/my_py_pkg
[2.450s] copying /workspace/build/my_py_pkg/build/lib/my_py_pkg/number_counter.py -> /workspace/install/my_py_pkg/lib/python3.10/site-packages/my_py_pkg
[2.450s] copying /workspace/build/my_py_pkg/build/lib/my_py_pkg/processs_image.py -> /workspace/install/my_py_pkg/lib/python3.10/site-packages/my_py_pkg
[2.450s] copying /workspace/build/my_py_pkg/build/lib/my_py_pkg/endeffector.py -> /workspace/install/my_py_pkg/lib/python3.10/site-packages/my_py_pkg
[2.450s] byte-compiling /workspace/install/my_py_pkg/lib/python3.10/site-packages/my_py_pkg/number_gen.py to number_gen.cpython-310.pyc
[2.451s] byte-compiling /workspace/install/my_py_pkg/lib/python3.10/site-packages/my_py_pkg/add_two_ints_client.py to add_two_ints_client.cpython-310.pyc
[2.451s] byte-compiling /workspace/install/my_py_pkg/lib/python3.10/site-packages/my_py_pkg/cam_subs.py to cam_subs.cpython-310.pyc
[2.453s] byte-compiling /workspace/install/my_py_pkg/lib/python3.10/site-packages/my_py_pkg/inv_kinematics.py to inv_kinematics.cpython-310.pyc
[2.454s] byte-compiling /workspace/install/my_py_pkg/lib/python3.10/site-packages/my_py_pkg/add_two_ints_server.py to add_two_ints_server.cpython-310.pyc
[2.454s] byte-compiling /workspace/install/my_py_pkg/lib/python3.10/site-packages/my_py_pkg/lidar_data.py to lidar_data.cpython-310.pyc
[2.459s] byte-compiling /workspace/install/my_py_pkg/lib/python3.10/site-packages/my_py_pkg/yolo_final.py to yolo_final.cpython-310.pyc
[2.459s] byte-compiling /workspace/install/my_py_pkg/lib/python3.10/site-packages/my_py_pkg/irb120_simulation.launch.py to irb120_simulation.launch.cpython-310.pyc
[2.463s] byte-compiling /workspace/install/my_py_pkg/lib/python3.10/site-packages/my_py_pkg/__init__.py to __init__.cpython-310.pyc
[2.464s] byte-compiling /workspace/install/my_py_pkg/lib/python3.10/site-packages/my_py_pkg/num_counter_reset.py to num_counter_reset.cpython-310.pyc
[2.465s] byte-compiling /workspace/install/my_py_pkg/lib/python3.10/site-packages/my_py_pkg/number_counter.py to number_counter.cpython-310.pyc
[2.465s] byte-compiling /workspace/install/my_py_pkg/lib/python3.10/site-packages/my_py_pkg/processs_image.py to processs_image.cpython-310.pyc
[2.466s] byte-compiling /workspace/install/my_py_pkg/lib/python3.10/site-packages/my_py_pkg/endeffector.py to endeffector.cpython-310.pyc
[2.467s] running install_data
[2.467s] creating /workspace/install/my_py_pkg/share/ament_index
[2.467s] creating /workspace/install/my_py_pkg/share/ament_index/resource_index
[2.467s] creating /workspace/install/my_py_pkg/share/ament_index/resource_index/packages
[2.468s] copying resource/my_py_pkg -> /workspace/install/my_py_pkg/share/ament_index/resource_index/packages
[2.468s] copying package.xml -> /workspace/install/my_py_pkg/share/my_py_pkg
[2.468s] running install_egg_info
[2.471s] Copying ../../build/my_py_pkg/my_py_pkg.egg-info to /workspace/install/my_py_pkg/lib/python3.10/site-packages/my_py_pkg-0.0.0-py3.10.egg-info
[2.472s] running install_scripts
[2.525s] Installing client script to /workspace/install/my_py_pkg/lib/my_py_pkg
[2.525s] Installing lidar script to /workspace/install/my_py_pkg/lib/my_py_pkg
[2.525s] Installing num_count script to /workspace/install/my_py_pkg/lib/my_py_pkg
[2.526s] Installing num_gen script to /workspace/install/my_py_pkg/lib/my_py_pkg
[2.526s] Installing num_reset script to /workspace/install/my_py_pkg/lib/my_py_pkg
[2.526s] Installing ros2_move script to /workspace/install/my_py_pkg/lib/my_py_pkg
[2.527s] Installing server script to /workspace/install/my_py_pkg/lib/my_py_pkg
[2.528s] writing list of installed files to '/workspace/build/my_py_pkg/install.log'
[2.617s] Invoked command in '/workspace/src/my_py_pkg' returned '0': PYTHONPATH=/workspace/build/my_py_pkg/prefix_override:/workspace/install/my_py_pkg/lib/python3.10/site-packages:${PYTHONPATH} /usr/bin/python3 setup.py egg_info --egg-base ../../build/my_py_pkg build --build-base /workspace/build/my_py_pkg/build install --record /workspace/build/my_py_pkg/install.log --single-version-externally-managed
