[0.098s] Invoking command in '/workspace/build/cr35ia_ros2_gazebo': CMAKE_PREFIX_PATH=${CMAKE_PREFIX_PATH}:/workspace/install/srvcli:/workspace/install/pubsub:/workspace/install/my_py_pkg:/workspace/install/inverse_kinematics:/opt/ros/humble /usr/bin/cmake /workspace/src/ros2_RobotSimulation/Fanuc/CR35iA/cr35ia_ros2_gazebo -DCMAKE_INSTALL_PREFIX=/workspace/install/cr35ia_ros2_gazebo
[0.674s] -- The C compiler identification is GNU 11.3.0
[0.675s] -- The CXX compiler identification is GNU 11.3.0
[0.675s] -- Detecting C compiler ABI info
[0.675s] -- Detecting C compiler ABI info - done
[0.675s] -- Check for working C compiler: /usr/bin/cc - skipped
[0.675s] -- Detecting C compile features
[0.675s] -- Detecting C compile features - done
[0.675s] -- Detecting CXX compiler ABI info
[0.815s] -- Detecting CXX compiler ABI info - done
[0.835s] -- Check for working CXX compiler: /usr/bin/c++ - skipped
[0.836s] -- Detecting CXX compile features
[0.837s] -- Detecting CXX compile features - done
[0.857s] -- Found ament_cmake: 1.3.4 (/opt/ros/humble/share/ament_cmake/cmake)
[1.398s] -- Found Python3: /usr/bin/python3.10 (found version "3.10.6") found components: Interpreter 
[1.692s] -- Found ament_lint_auto: 0.12.6 (/opt/ros/humble/share/ament_lint_auto/cmake)
[1.930s] -- Added test 'copyright' to check source files copyright and LICENSE
[1.941s] -- Added test 'flake8' to check Python code syntax and style conventions
[1.946s] -- Added test 'lint_cmake' to check CMake code style
[1.947s] -- Added test 'pep257' to check Python code against some of the docstring style conventions in PEP 257
[1.952s] -- Added test 'xmllint' to check XML markup files
[1.956s] -- Configuring done
[1.962s] -- Generating done
[1.964s] -- Build files have been written to: /workspace/build/cr35ia_ros2_gazebo
[1.977s] Invoked command in '/workspace/build/cr35ia_ros2_gazebo' returned '0': CMAKE_PREFIX_PATH=${CMAKE_PREFIX_PATH}:/workspace/install/srvcli:/workspace/install/pubsub:/workspace/install/my_py_pkg:/workspace/install/inverse_kinematics:/opt/ros/humble /usr/bin/cmake /workspace/src/ros2_RobotSimulation/Fanuc/CR35iA/cr35ia_ros2_gazebo -DCMAKE_INSTALL_PREFIX=/workspace/install/cr35ia_ros2_gazebo
[1.979s] Invoking command in '/workspace/build/cr35ia_ros2_gazebo': CMAKE_PREFIX_PATH=${CMAKE_PREFIX_PATH}:/workspace/install/srvcli:/workspace/install/pubsub:/workspace/install/my_py_pkg:/workspace/install/inverse_kinematics:/opt/ros/humble /usr/bin/cmake --build /workspace/build/cr35ia_ros2_gazebo -- -j12 -l12
[2.087s] Invoked command in '/workspace/build/cr35ia_ros2_gazebo' returned '0': CMAKE_PREFIX_PATH=${CMAKE_PREFIX_PATH}:/workspace/install/srvcli:/workspace/install/pubsub:/workspace/install/my_py_pkg:/workspace/install/inverse_kinematics:/opt/ros/humble /usr/bin/cmake --build /workspace/build/cr35ia_ros2_gazebo -- -j12 -l12
[2.183s] Invoking command in '/workspace/build/cr35ia_ros2_gazebo': CMAKE_PREFIX_PATH=${CMAKE_PREFIX_PATH}:/workspace/install/srvcli:/workspace/install/pubsub:/workspace/install/my_py_pkg:/workspace/install/inverse_kinematics:/opt/ros/humble /usr/bin/cmake --install /workspace/build/cr35ia_ros2_gazebo
[2.321s] -- Install configuration: ""
[2.322s] -- Installing: /workspace/install/cr35ia_ros2_gazebo/share/cr35ia_ros2_gazebo/config
[2.322s] -- Installing: /workspace/install/cr35ia_ros2_gazebo/share/cr35ia_ros2_gazebo/config/cr35ia_controller.yaml
[2.322s] -- Installing: /workspace/install/cr35ia_ros2_gazebo/share/cr35ia_ros2_gazebo/launch
[2.322s] -- Installing: /workspace/install/cr35ia_ros2_gazebo/share/cr35ia_ros2_gazebo/launch/cr35ia_simulation.launch.py
[2.322s] -- Installing: /workspace/install/cr35ia_ros2_gazebo/share/cr35ia_ros2_gazebo/urdf
[2.323s] -- Installing: /workspace/install/cr35ia_ros2_gazebo/share/cr35ia_ros2_gazebo/urdf/fanuc_resources
[2.323s] -- Installing: /workspace/install/cr35ia_ros2_gazebo/share/cr35ia_ros2_gazebo/urdf/fanuc_resources/common_materials.xacro
[2.323s] -- Installing: /workspace/install/cr35ia_ros2_gazebo/share/cr35ia_ros2_gazebo/urdf/fanuc_resources/common_colours.xacro
[2.323s] -- Installing: /workspace/install/cr35ia_ros2_gazebo/share/cr35ia_ros2_gazebo/urdf/cr35ia_macro.urdf.xacro
[2.323s] -- Installing: /workspace/install/cr35ia_ros2_gazebo/share/cr35ia_ros2_gazebo/urdf/cr35ia_transmission.xacro
[2.324s] -- Installing: /workspace/install/cr35ia_ros2_gazebo/share/cr35ia_ros2_gazebo/urdf/cr35ia.urdf.xacro
[2.324s] -- Installing: /workspace/install/cr35ia_ros2_gazebo/share/cr35ia_ros2_gazebo/urdf/cr35ia_ros2control.xacro
[2.324s] -- Installing: /workspace/install/cr35ia_ros2_gazebo/share/cr35ia_ros2_gazebo/worlds
[2.324s] -- Installing: /workspace/install/cr35ia_ros2_gazebo/share/cr35ia_ros2_gazebo/worlds/cr35ia.world
[2.324s] -- Installing: /workspace/install/cr35ia_ros2_gazebo/share/cr35ia_ros2_gazebo/meshes
[2.324s] -- Installing: /workspace/install/cr35ia_ros2_gazebo/share/cr35ia_ros2_gazebo/meshes/collision
[2.325s] -- Installing: /workspace/install/cr35ia_ros2_gazebo/share/cr35ia_ros2_gazebo/meshes/collision/link_4.stl
[2.325s] -- Installing: /workspace/install/cr35ia_ros2_gazebo/share/cr35ia_ros2_gazebo/meshes/collision/link_2.stl
[2.325s] -- Installing: /workspace/install/cr35ia_ros2_gazebo/share/cr35ia_ros2_gazebo/meshes/collision/link_1.stl
[2.325s] -- Installing: /workspace/install/cr35ia_ros2_gazebo/share/cr35ia_ros2_gazebo/meshes/collision/base_link.stl
[2.325s] -- Installing: /workspace/install/cr35ia_ros2_gazebo/share/cr35ia_ros2_gazebo/meshes/collision/link_3.stl
[2.326s] -- Installing: /workspace/install/cr35ia_ros2_gazebo/share/cr35ia_ros2_gazebo/meshes/collision/link_6.stl
[2.326s] -- Installing: /workspace/install/cr35ia_ros2_gazebo/share/cr35ia_ros2_gazebo/meshes/collision/link_5.stl
[2.326s] -- Installing: /workspace/install/cr35ia_ros2_gazebo/share/cr35ia_ros2_gazebo/meshes/visual
[2.326s] -- Installing: /workspace/install/cr35ia_ros2_gazebo/share/cr35ia_ros2_gazebo/meshes/visual/link_4.stl
[2.327s] -- Installing: /workspace/install/cr35ia_ros2_gazebo/share/cr35ia_ros2_gazebo/meshes/visual/link_2.stl
[2.327s] -- Installing: /workspace/install/cr35ia_ros2_gazebo/share/cr35ia_ros2_gazebo/meshes/visual/link_1.stl
[2.328s] -- Installing: /workspace/install/cr35ia_ros2_gazebo/share/cr35ia_ros2_gazebo/meshes/visual/base_link.stl
[2.328s] -- Installing: /workspace/install/cr35ia_ros2_gazebo/share/cr35ia_ros2_gazebo/meshes/visual/link_3.stl
[2.328s] -- Installing: /workspace/install/cr35ia_ros2_gazebo/share/cr35ia_ros2_gazebo/meshes/visual/link_6.stl
[2.328s] -- Installing: /workspace/install/cr35ia_ros2_gazebo/share/cr35ia_ros2_gazebo/meshes/visual/link_5.stl
[2.329s] -- Installing: /workspace/install/cr35ia_ros2_gazebo/share/ament_index/resource_index/package_run_dependencies/cr35ia_ros2_gazebo
[2.329s] -- Installing: /workspace/install/cr35ia_ros2_gazebo/share/ament_index/resource_index/parent_prefix_path/cr35ia_ros2_gazebo
[2.329s] -- Installing: /workspace/install/cr35ia_ros2_gazebo/share/cr35ia_ros2_gazebo/environment/ament_prefix_path.sh
[2.329s] -- Installing: /workspace/install/cr35ia_ros2_gazebo/share/cr35ia_ros2_gazebo/environment/ament_prefix_path.dsv
[2.330s] -- Installing: /workspace/install/cr35ia_ros2_gazebo/share/cr35ia_ros2_gazebo/environment/path.sh
[2.330s] -- Installing: /workspace/install/cr35ia_ros2_gazebo/share/cr35ia_ros2_gazebo/environment/path.dsv
[2.330s] -- Installing: /workspace/install/cr35ia_ros2_gazebo/share/cr35ia_ros2_gazebo/local_setup.bash
[2.330s] -- Installing: /workspace/install/cr35ia_ros2_gazebo/share/cr35ia_ros2_gazebo/local_setup.sh
[2.331s] -- Installing: /workspace/install/cr35ia_ros2_gazebo/share/cr35ia_ros2_gazebo/local_setup.zsh
[2.332s] -- Installing: /workspace/install/cr35ia_ros2_gazebo/share/cr35ia_ros2_gazebo/local_setup.dsv
[2.332s] -- Installing: /workspace/install/cr35ia_ros2_gazebo/share/cr35ia_ros2_gazebo/package.dsv
[2.333s] -- Installing: /workspace/install/cr35ia_ros2_gazebo/share/ament_index/resource_index/packages/cr35ia_ros2_gazebo
[2.333s] -- Installing: /workspace/install/cr35ia_ros2_gazebo/share/cr35ia_ros2_gazebo/cmake/cr35ia_ros2_gazeboConfig.cmake
[2.333s] -- Installing: /workspace/install/cr35ia_ros2_gazebo/share/cr35ia_ros2_gazebo/cmake/cr35ia_ros2_gazeboConfig-version.cmake
[2.333s] -- Installing: /workspace/install/cr35ia_ros2_gazebo/share/cr35ia_ros2_gazebo/package.xml
[2.339s] Invoked command in '/workspace/build/cr35ia_ros2_gazebo' returned '0': CMAKE_PREFIX_PATH=${CMAKE_PREFIX_PATH}:/workspace/install/srvcli:/workspace/install/pubsub:/workspace/install/my_py_pkg:/workspace/install/inverse_kinematics:/opt/ros/humble /usr/bin/cmake --install /workspace/build/cr35ia_ros2_gazebo
