[0.104s] Invoking command in '/workspace/build/irb6640_ros2_moveit2': CMAKE_PREFIX_PATH=/workspace/install/ros2_data:/workspace/install/ur5_ros2_moveit2:/workspace/install/ur5_ros2_gazebo:/workspace/install/ur3_ros2_moveit2:/workspace/install/ur3_ros2_gazebo:/workspace/install/ur10_ros2_moveit2:/workspace/install/ur10_ros2_gazebo:/workspace/install/ros_interfaces:/workspace/install/ros2_mid_actions:/workspace/install/ros2_grasping:/workspace/install/ros2_execution:/workspace/install/ros2_actions:/workspace/install/panda_ros2_moveit2:/workspace/install/irb6640_ros2_moveit2:/workspace/install/irb120_ros2_moveit2:/workspace/install/irb1200_ros2_moveit2:/workspace/install/iiwa_ros2_moveit2:/workspace/install/cr35ia_ros2_moveit2:/workspace/install/panda_ros2_gazebo:/workspace/install/my_robot_package:/workspace/install/irb6640_ros2_gazebo:/workspace/install/irb120_ros2_gazebo:/workspace/install/irb1200_ros2_gazebo:/workspace/install/iiwa_ros2_gazebo:/workspace/install/cr35ia_ros2_gazebo:/workspace/install/bocbot:/workspace/install/articubot_one:/workspace/install/srvcli:/workspace/install/pubsub:/workspace/install/my_py_pkg:/workspace/install/inverse_kinematics:/opt/ros/humble LD_LIBRARY_PATH=/workspace/install/ros2_data/lib:/workspace/install/ros_interfaces/lib:/workspace/install/ros2_mid_actions/lib:/workspace/install/ros2_grasping/lib:/usr/lib/x86_64-linux-gnu/gazebo-11/plugins:/opt/ros/humble/opt/rviz_ogre_vendor/lib:/opt/ros/humble/lib/x86_64-linux-gnu:/opt/ros/humble/lib /usr/bin/cmake /workspace/src/ros2_RobotSimulation/ABBRobots/IRB6640/irb6640_ros2_moveit2 -DCMAKE_INSTALL_PREFIX=/workspace/install/irb6640_ros2_moveit2
[0.303s] -- The C compiler identification is GNU 11.3.0
[0.474s] -- The CXX compiler identification is GNU 11.3.0
[0.495s] -- Detecting C compiler ABI info
[0.664s] -- Detecting C compiler ABI info - done
[0.686s] -- Check for working C compiler: /usr/bin/cc - skipped
[0.687s] -- Detecting C compile features
[0.688s] -- Detecting C compile features - done
[0.696s] -- Detecting CXX compiler ABI info
[0.873s] -- Detecting CXX compiler ABI info - done
[0.899s] -- Check for working CXX compiler: /usr/bin/c++ - skipped
[0.900s] -- Detecting CXX compile features
[0.901s] -- Detecting CXX compile features - done
[0.921s] -- Found ament_cmake: 1.3.4 (/opt/ros/humble/share/ament_cmake/cmake)
[1.621s] -- Found Python3: /usr/bin/python3.10 (found version "3.10.6") found components: Interpreter 
[1.955s] -- Found ament_lint_auto: 0.12.6 (/opt/ros/humble/share/ament_lint_auto/cmake)
[2.307s] -- Added test 'copyright' to check source files copyright and LICENSE
[2.313s] -- Added test 'flake8' to check Python code syntax and style conventions
[2.316s] -- Added test 'lint_cmake' to check CMake code style
[2.319s] -- Added test 'pep257' to check Python code against some of the docstring style conventions in PEP 257
[2.323s] -- Added test 'xmllint' to check XML markup files
[2.328s] -- Configuring done
[2.334s] -- Generating done
[2.336s] -- Build files have been written to: /workspace/build/irb6640_ros2_moveit2
[2.349s] Invoked command in '/workspace/build/irb6640_ros2_moveit2' returned '0': CMAKE_PREFIX_PATH=/workspace/install/ros2_data:/workspace/install/ur5_ros2_moveit2:/workspace/install/ur5_ros2_gazebo:/workspace/install/ur3_ros2_moveit2:/workspace/install/ur3_ros2_gazebo:/workspace/install/ur10_ros2_moveit2:/workspace/install/ur10_ros2_gazebo:/workspace/install/ros_interfaces:/workspace/install/ros2_mid_actions:/workspace/install/ros2_grasping:/workspace/install/ros2_execution:/workspace/install/ros2_actions:/workspace/install/panda_ros2_moveit2:/workspace/install/irb6640_ros2_moveit2:/workspace/install/irb120_ros2_moveit2:/workspace/install/irb1200_ros2_moveit2:/workspace/install/iiwa_ros2_moveit2:/workspace/install/cr35ia_ros2_moveit2:/workspace/install/panda_ros2_gazebo:/workspace/install/my_robot_package:/workspace/install/irb6640_ros2_gazebo:/workspace/install/irb120_ros2_gazebo:/workspace/install/irb1200_ros2_gazebo:/workspace/install/iiwa_ros2_gazebo:/workspace/install/cr35ia_ros2_gazebo:/workspace/install/bocbot:/workspace/install/articubot_one:/workspace/install/srvcli:/workspace/install/pubsub:/workspace/install/my_py_pkg:/workspace/install/inverse_kinematics:/opt/ros/humble LD_LIBRARY_PATH=/workspace/install/ros2_data/lib:/workspace/install/ros_interfaces/lib:/workspace/install/ros2_mid_actions/lib:/workspace/install/ros2_grasping/lib:/usr/lib/x86_64-linux-gnu/gazebo-11/plugins:/opt/ros/humble/opt/rviz_ogre_vendor/lib:/opt/ros/humble/lib/x86_64-linux-gnu:/opt/ros/humble/lib /usr/bin/cmake /workspace/src/ros2_RobotSimulation/ABBRobots/IRB6640/irb6640_ros2_moveit2 -DCMAKE_INSTALL_PREFIX=/workspace/install/irb6640_ros2_moveit2
[2.353s] Invoking command in '/workspace/build/irb6640_ros2_moveit2': CMAKE_PREFIX_PATH=/workspace/install/ros2_data:/workspace/install/ur5_ros2_moveit2:/workspace/install/ur5_ros2_gazebo:/workspace/install/ur3_ros2_moveit2:/workspace/install/ur3_ros2_gazebo:/workspace/install/ur10_ros2_moveit2:/workspace/install/ur10_ros2_gazebo:/workspace/install/ros_interfaces:/workspace/install/ros2_mid_actions:/workspace/install/ros2_grasping:/workspace/install/ros2_execution:/workspace/install/ros2_actions:/workspace/install/panda_ros2_moveit2:/workspace/install/irb6640_ros2_moveit2:/workspace/install/irb120_ros2_moveit2:/workspace/install/irb1200_ros2_moveit2:/workspace/install/iiwa_ros2_moveit2:/workspace/install/cr35ia_ros2_moveit2:/workspace/install/panda_ros2_gazebo:/workspace/install/my_robot_package:/workspace/install/irb6640_ros2_gazebo:/workspace/install/irb120_ros2_gazebo:/workspace/install/irb1200_ros2_gazebo:/workspace/install/iiwa_ros2_gazebo:/workspace/install/cr35ia_ros2_gazebo:/workspace/install/bocbot:/workspace/install/articubot_one:/workspace/install/srvcli:/workspace/install/pubsub:/workspace/install/my_py_pkg:/workspace/install/inverse_kinematics:/opt/ros/humble LD_LIBRARY_PATH=/workspace/install/ros2_data/lib:/workspace/install/ros_interfaces/lib:/workspace/install/ros2_mid_actions/lib:/workspace/install/ros2_grasping/lib:/usr/lib/x86_64-linux-gnu/gazebo-11/plugins:/opt/ros/humble/opt/rviz_ogre_vendor/lib:/opt/ros/humble/lib/x86_64-linux-gnu:/opt/ros/humble/lib /usr/bin/cmake --build /workspace/build/irb6640_ros2_moveit2 -- -j12 -l12
[2.435s] Invoked command in '/workspace/build/irb6640_ros2_moveit2' returned '0': CMAKE_PREFIX_PATH=/workspace/install/ros2_data:/workspace/install/ur5_ros2_moveit2:/workspace/install/ur5_ros2_gazebo:/workspace/install/ur3_ros2_moveit2:/workspace/install/ur3_ros2_gazebo:/workspace/install/ur10_ros2_moveit2:/workspace/install/ur10_ros2_gazebo:/workspace/install/ros_interfaces:/workspace/install/ros2_mid_actions:/workspace/install/ros2_grasping:/workspace/install/ros2_execution:/workspace/install/ros2_actions:/workspace/install/panda_ros2_moveit2:/workspace/install/irb6640_ros2_moveit2:/workspace/install/irb120_ros2_moveit2:/workspace/install/irb1200_ros2_moveit2:/workspace/install/iiwa_ros2_moveit2:/workspace/install/cr35ia_ros2_moveit2:/workspace/install/panda_ros2_gazebo:/workspace/install/my_robot_package:/workspace/install/irb6640_ros2_gazebo:/workspace/install/irb120_ros2_gazebo:/workspace/install/irb1200_ros2_gazebo:/workspace/install/iiwa_ros2_gazebo:/workspace/install/cr35ia_ros2_gazebo:/workspace/install/bocbot:/workspace/install/articubot_one:/workspace/install/srvcli:/workspace/install/pubsub:/workspace/install/my_py_pkg:/workspace/install/inverse_kinematics:/opt/ros/humble LD_LIBRARY_PATH=/workspace/install/ros2_data/lib:/workspace/install/ros_interfaces/lib:/workspace/install/ros2_mid_actions/lib:/workspace/install/ros2_grasping/lib:/usr/lib/x86_64-linux-gnu/gazebo-11/plugins:/opt/ros/humble/opt/rviz_ogre_vendor/lib:/opt/ros/humble/lib/x86_64-linux-gnu:/opt/ros/humble/lib /usr/bin/cmake --build /workspace/build/irb6640_ros2_moveit2 -- -j12 -l12
[2.537s] Invoking command in '/workspace/build/irb6640_ros2_moveit2': CMAKE_PREFIX_PATH=/workspace/install/ros2_data:/workspace/install/ur5_ros2_moveit2:/workspace/install/ur5_ros2_gazebo:/workspace/install/ur3_ros2_moveit2:/workspace/install/ur3_ros2_gazebo:/workspace/install/ur10_ros2_moveit2:/workspace/install/ur10_ros2_gazebo:/workspace/install/ros_interfaces:/workspace/install/ros2_mid_actions:/workspace/install/ros2_grasping:/workspace/install/ros2_execution:/workspace/install/ros2_actions:/workspace/install/panda_ros2_moveit2:/workspace/install/irb6640_ros2_moveit2:/workspace/install/irb120_ros2_moveit2:/workspace/install/irb1200_ros2_moveit2:/workspace/install/iiwa_ros2_moveit2:/workspace/install/cr35ia_ros2_moveit2:/workspace/install/panda_ros2_gazebo:/workspace/install/my_robot_package:/workspace/install/irb6640_ros2_gazebo:/workspace/install/irb120_ros2_gazebo:/workspace/install/irb1200_ros2_gazebo:/workspace/install/iiwa_ros2_gazebo:/workspace/install/cr35ia_ros2_gazebo:/workspace/install/bocbot:/workspace/install/articubot_one:/workspace/install/srvcli:/workspace/install/pubsub:/workspace/install/my_py_pkg:/workspace/install/inverse_kinematics:/opt/ros/humble LD_LIBRARY_PATH=/workspace/install/ros2_data/lib:/workspace/install/ros_interfaces/lib:/workspace/install/ros2_mid_actions/lib:/workspace/install/ros2_grasping/lib:/usr/lib/x86_64-linux-gnu/gazebo-11/plugins:/opt/ros/humble/opt/rviz_ogre_vendor/lib:/opt/ros/humble/lib/x86_64-linux-gnu:/opt/ros/humble/lib /usr/bin/cmake --install /workspace/build/irb6640_ros2_moveit2
[2.555s] -- Install configuration: ""
[2.556s] -- Installing: /workspace/install/irb6640_ros2_moveit2/share/irb6640_ros2_moveit2/config
[2.557s] -- Installing: /workspace/install/irb6640_ros2_moveit2/share/irb6640_ros2_moveit2/config/ompl_planning.yaml
[2.557s] -- Installing: /workspace/install/irb6640_ros2_moveit2/share/irb6640_ros2_moveit2/config/irb6640_controllers.yaml
[2.559s] -- Installing: /workspace/install/irb6640_ros2_moveit2/share/irb6640_ros2_moveit2/config/irb6640_moveit2.rviz
[2.561s] -- Installing: /workspace/install/irb6640_ros2_moveit2/share/irb6640_ros2_moveit2/config/irb6640.srdf
[2.573s] -- Installing: /workspace/install/irb6640_ros2_moveit2/share/irb6640_ros2_moveit2/config/kinematics.yaml
[2.581s] -- Installing: /workspace/install/irb6640_ros2_moveit2/share/irb6640_ros2_moveit2/launch
[2.582s] -- Installing: /workspace/install/irb6640_ros2_moveit2/share/irb6640_ros2_moveit2/launch/irb6640_interface.launch.py
[2.582s] -- Installing: /workspace/install/irb6640_ros2_moveit2/share/irb6640_ros2_moveit2/launch/irb6640.launch.py
[2.582s] -- Installing: /workspace/install/irb6640_ros2_moveit2/share/ament_index/resource_index/package_run_dependencies/irb6640_ros2_moveit2
[2.583s] -- Installing: /workspace/install/irb6640_ros2_moveit2/share/ament_index/resource_index/parent_prefix_path/irb6640_ros2_moveit2
[2.583s] -- Installing: /workspace/install/irb6640_ros2_moveit2/share/irb6640_ros2_moveit2/environment/ament_prefix_path.sh
[2.583s] -- Installing: /workspace/install/irb6640_ros2_moveit2/share/irb6640_ros2_moveit2/environment/ament_prefix_path.dsv
[2.583s] -- Installing: /workspace/install/irb6640_ros2_moveit2/share/irb6640_ros2_moveit2/environment/path.sh
[2.584s] -- Installing: /workspace/install/irb6640_ros2_moveit2/share/irb6640_ros2_moveit2/environment/path.dsv
[2.584s] -- Installing: /workspace/install/irb6640_ros2_moveit2/share/irb6640_ros2_moveit2/local_setup.bash
[2.584s] -- Installing: /workspace/install/irb6640_ros2_moveit2/share/irb6640_ros2_moveit2/local_setup.sh
[2.584s] -- Installing: /workspace/install/irb6640_ros2_moveit2/share/irb6640_ros2_moveit2/local_setup.zsh
[2.585s] -- Installing: /workspace/install/irb6640_ros2_moveit2/share/irb6640_ros2_moveit2/local_setup.dsv
[2.585s] -- Installing: /workspace/install/irb6640_ros2_moveit2/share/irb6640_ros2_moveit2/package.dsv
[2.595s] -- Installing: /workspace/install/irb6640_ros2_moveit2/share/ament_index/resource_index/packages/irb6640_ros2_moveit2
[2.597s] -- Installing: /workspace/install/irb6640_ros2_moveit2/share/irb6640_ros2_moveit2/cmake/irb6640_ros2_moveit2Config.cmake
[2.598s] -- Installing: /workspace/install/irb6640_ros2_moveit2/share/irb6640_ros2_moveit2/cmake/irb6640_ros2_moveit2Config-version.cmake
[2.599s] -- Installing: /workspace/install/irb6640_ros2_moveit2/share/irb6640_ros2_moveit2/package.xml
[2.655s] Invoked command in '/workspace/build/irb6640_ros2_moveit2' returned '0': CMAKE_PREFIX_PATH=/workspace/install/ros2_data:/workspace/install/ur5_ros2_moveit2:/workspace/install/ur5_ros2_gazebo:/workspace/install/ur3_ros2_moveit2:/workspace/install/ur3_ros2_gazebo:/workspace/install/ur10_ros2_moveit2:/workspace/install/ur10_ros2_gazebo:/workspace/install/ros_interfaces:/workspace/install/ros2_mid_actions:/workspace/install/ros2_grasping:/workspace/install/ros2_execution:/workspace/install/ros2_actions:/workspace/install/panda_ros2_moveit2:/workspace/install/irb6640_ros2_moveit2:/workspace/install/irb120_ros2_moveit2:/workspace/install/irb1200_ros2_moveit2:/workspace/install/iiwa_ros2_moveit2:/workspace/install/cr35ia_ros2_moveit2:/workspace/install/panda_ros2_gazebo:/workspace/install/my_robot_package:/workspace/install/irb6640_ros2_gazebo:/workspace/install/irb120_ros2_gazebo:/workspace/install/irb1200_ros2_gazebo:/workspace/install/iiwa_ros2_gazebo:/workspace/install/cr35ia_ros2_gazebo:/workspace/install/bocbot:/workspace/install/articubot_one:/workspace/install/srvcli:/workspace/install/pubsub:/workspace/install/my_py_pkg:/workspace/install/inverse_kinematics:/opt/ros/humble LD_LIBRARY_PATH=/workspace/install/ros2_data/lib:/workspace/install/ros_interfaces/lib:/workspace/install/ros2_mid_actions/lib:/workspace/install/ros2_grasping/lib:/usr/lib/x86_64-linux-gnu/gazebo-11/plugins:/opt/ros/humble/opt/rviz_ogre_vendor/lib:/opt/ros/humble/lib/x86_64-linux-gnu:/opt/ros/humble/lib /usr/bin/cmake --install /workspace/build/irb6640_ros2_moveit2
