[0.603s] Invoking command in '/workspace/build/ur10_ros2_gazebo': CMAKE_PREFIX_PATH=${CMAKE_PREFIX_PATH}:/workspace/install/srvcli:/workspace/install/pubsub:/workspace/install/my_py_pkg:/workspace/install/inverse_kinematics:/opt/ros/humble /usr/bin/cmake /workspace/src/ros2_RobotSimulation/UniversalRobots/UR10/ur10_ros2_gazebo -DCMAKE_INSTALL_PREFIX=/workspace/install/ur10_ros2_gazebo
[1.832s] -- The C compiler identification is GNU 11.3.0
[1.832s] -- The CXX compiler identification is GNU 11.3.0
[1.832s] -- Detecting C compiler ABI info
[1.832s] -- Detecting C compiler ABI info - done
[1.833s] -- Check for working C compiler: /usr/bin/cc - skipped
[1.833s] -- Detecting C compile features
[1.833s] -- Detecting C compile features - done
[1.833s] -- Detecting CXX compiler ABI info
[1.834s] -- Detecting CXX compiler ABI info - done
[1.834s] -- Check for working CXX compiler: /usr/bin/c++ - skipped
[1.834s] -- Detecting CXX compile features
[1.834s] -- Detecting CXX compile features - done
[1.834s] -- Found ament_cmake: 1.3.4 (/opt/ros/humble/share/ament_cmake/cmake)
[1.870s] -- Found Python3: /usr/bin/python3.10 (found version "3.10.6") found components: Interpreter 
[2.135s] -- Found ament_lint_auto: 0.12.6 (/opt/ros/humble/share/ament_lint_auto/cmake)
[2.368s] -- Added test 'copyright' to check source files copyright and LICENSE
[2.379s] -- Added test 'flake8' to check Python code syntax and style conventions
[2.381s] -- Added test 'lint_cmake' to check CMake code style
[2.384s] -- Added test 'pep257' to check Python code against some of the docstring style conventions in PEP 257
[2.390s] -- Added test 'xmllint' to check XML markup files
[2.400s] -- Configuring done
[2.402s] -- Generating done
[2.404s] -- Build files have been written to: /workspace/build/ur10_ros2_gazebo
[2.431s] Invoked command in '/workspace/build/ur10_ros2_gazebo' returned '0': CMAKE_PREFIX_PATH=${CMAKE_PREFIX_PATH}:/workspace/install/srvcli:/workspace/install/pubsub:/workspace/install/my_py_pkg:/workspace/install/inverse_kinematics:/opt/ros/humble /usr/bin/cmake /workspace/src/ros2_RobotSimulation/UniversalRobots/UR10/ur10_ros2_gazebo -DCMAKE_INSTALL_PREFIX=/workspace/install/ur10_ros2_gazebo
[2.433s] Invoking command in '/workspace/build/ur10_ros2_gazebo': CMAKE_PREFIX_PATH=${CMAKE_PREFIX_PATH}:/workspace/install/srvcli:/workspace/install/pubsub:/workspace/install/my_py_pkg:/workspace/install/inverse_kinematics:/opt/ros/humble /usr/bin/cmake --build /workspace/build/ur10_ros2_gazebo -- -j12 -l12
[2.516s] Invoked command in '/workspace/build/ur10_ros2_gazebo' returned '0': CMAKE_PREFIX_PATH=${CMAKE_PREFIX_PATH}:/workspace/install/srvcli:/workspace/install/pubsub:/workspace/install/my_py_pkg:/workspace/install/inverse_kinematics:/opt/ros/humble /usr/bin/cmake --build /workspace/build/ur10_ros2_gazebo -- -j12 -l12
[2.601s] Invoking command in '/workspace/build/ur10_ros2_gazebo': CMAKE_PREFIX_PATH=${CMAKE_PREFIX_PATH}:/workspace/install/srvcli:/workspace/install/pubsub:/workspace/install/my_py_pkg:/workspace/install/inverse_kinematics:/opt/ros/humble /usr/bin/cmake --install /workspace/build/ur10_ros2_gazebo
[2.618s] -- Install configuration: ""
[2.630s] -- Installing: /workspace/install/ur10_ros2_gazebo/share/ur10_ros2_gazebo/config
[2.631s] -- Installing: /workspace/install/ur10_ros2_gazebo/share/ur10_ros2_gazebo/config/physical_parameters.yaml
[2.631s] -- Installing: /workspace/install/ur10_ros2_gazebo/share/ur10_ros2_gazebo/config/default_kinematics.yaml
[2.631s] -- Installing: /workspace/install/ur10_ros2_gazebo/share/ur10_ros2_gazebo/config/visual_parameters.yaml
[2.631s] -- Installing: /workspace/install/ur10_ros2_gazebo/share/ur10_ros2_gazebo/config/joint_limits.yaml
[2.632s] -- Installing: /workspace/install/ur10_ros2_gazebo/share/ur10_ros2_gazebo/config/initial_positions.yaml
[2.632s] -- Installing: /workspace/install/ur10_ros2_gazebo/share/ur10_ros2_gazebo/config/ur10_controller.yaml
[2.632s] -- Installing: /workspace/install/ur10_ros2_gazebo/share/ur10_ros2_gazebo/launch
[2.632s] -- Installing: /workspace/install/ur10_ros2_gazebo/share/ur10_ros2_gazebo/launch/ur10_simulation.launch.py
[2.633s] -- Installing: /workspace/install/ur10_ros2_gazebo/share/ur10_ros2_gazebo/urdf
[2.633s] -- Installing: /workspace/install/ur10_ros2_gazebo/share/ur10_ros2_gazebo/urdf/ur10_transmission.xacro
[2.634s] -- Installing: /workspace/install/ur10_ros2_gazebo/share/ur10_ros2_gazebo/urdf/ur10.urdf.xacro
[2.635s] -- Installing: /workspace/install/ur10_ros2_gazebo/share/ur10_ros2_gazebo/urdf/ur10_common.xacro
[2.635s] -- Installing: /workspace/install/ur10_ros2_gazebo/share/ur10_ros2_gazebo/urdf/ur10_ros2control.xacro
[2.635s] -- Installing: /workspace/install/ur10_ros2_gazebo/share/ur10_ros2_gazebo/urdf/ur10_macro.urdf.xacro
[2.636s] -- Installing: /workspace/install/ur10_ros2_gazebo/share/ur10_ros2_gazebo/worlds
[2.636s] -- Installing: /workspace/install/ur10_ros2_gazebo/share/ur10_ros2_gazebo/worlds/ur10.world
[2.636s] -- Installing: /workspace/install/ur10_ros2_gazebo/share/ur10_ros2_gazebo/meshes
[2.637s] -- Installing: /workspace/install/ur10_ros2_gazebo/share/ur10_ros2_gazebo/meshes/collision
[2.637s] -- Installing: /workspace/install/ur10_ros2_gazebo/share/ur10_ros2_gazebo/meshes/collision/shoulder.stl
[2.637s] -- Installing: /workspace/install/ur10_ros2_gazebo/share/ur10_ros2_gazebo/meshes/collision/forearm.stl
[2.637s] -- Installing: /workspace/install/ur10_ros2_gazebo/share/ur10_ros2_gazebo/meshes/collision/wrist1.stl
[2.643s] -- Installing: /workspace/install/ur10_ros2_gazebo/share/ur10_ros2_gazebo/meshes/collision/base.stl
[2.644s] -- Installing: /workspace/install/ur10_ros2_gazebo/share/ur10_ros2_gazebo/meshes/collision/upperarm.stl
[2.644s] -- Installing: /workspace/install/ur10_ros2_gazebo/share/ur10_ros2_gazebo/meshes/collision/wrist2.stl
[2.645s] -- Installing: /workspace/install/ur10_ros2_gazebo/share/ur10_ros2_gazebo/meshes/collision/wrist3.stl
[2.645s] -- Installing: /workspace/install/ur10_ros2_gazebo/share/ur10_ros2_gazebo/meshes/visual
[2.646s] -- Installing: /workspace/install/ur10_ros2_gazebo/share/ur10_ros2_gazebo/meshes/visual/base.dae
[2.646s] -- Installing: /workspace/install/ur10_ros2_gazebo/share/ur10_ros2_gazebo/meshes/visual/upperarm.dae
[2.648s] -- Installing: /workspace/install/ur10_ros2_gazebo/share/ur10_ros2_gazebo/meshes/visual/forearm.dae
[2.649s] -- Installing: /workspace/install/ur10_ros2_gazebo/share/ur10_ros2_gazebo/meshes/visual/wrist1.dae
[2.650s] -- Installing: /workspace/install/ur10_ros2_gazebo/share/ur10_ros2_gazebo/meshes/visual/shoulder.dae
[2.651s] -- Installing: /workspace/install/ur10_ros2_gazebo/share/ur10_ros2_gazebo/meshes/visual/wrist3.dae
[2.655s] -- Installing: /workspace/install/ur10_ros2_gazebo/share/ur10_ros2_gazebo/meshes/visual/wrist2.dae
[2.656s] -- Installing: /workspace/install/ur10_ros2_gazebo/share/ament_index/resource_index/package_run_dependencies/ur10_ros2_gazebo
[2.659s] -- Installing: /workspace/install/ur10_ros2_gazebo/share/ament_index/resource_index/parent_prefix_path/ur10_ros2_gazebo
[2.660s] -- Installing: /workspace/install/ur10_ros2_gazebo/share/ur10_ros2_gazebo/environment/ament_prefix_path.sh
[2.660s] -- Installing: /workspace/install/ur10_ros2_gazebo/share/ur10_ros2_gazebo/environment/ament_prefix_path.dsv
[2.661s] -- Installing: /workspace/install/ur10_ros2_gazebo/share/ur10_ros2_gazebo/environment/path.sh
[2.661s] -- Installing: /workspace/install/ur10_ros2_gazebo/share/ur10_ros2_gazebo/environment/path.dsv
[2.662s] -- Installing: /workspace/install/ur10_ros2_gazebo/share/ur10_ros2_gazebo/local_setup.bash
[2.663s] -- Installing: /workspace/install/ur10_ros2_gazebo/share/ur10_ros2_gazebo/local_setup.sh
[2.664s] -- Installing: /workspace/install/ur10_ros2_gazebo/share/ur10_ros2_gazebo/local_setup.zsh
[2.665s] -- Installing: /workspace/install/ur10_ros2_gazebo/share/ur10_ros2_gazebo/local_setup.dsv
[2.665s] -- Installing: /workspace/install/ur10_ros2_gazebo/share/ur10_ros2_gazebo/package.dsv
[2.665s] -- Installing: /workspace/install/ur10_ros2_gazebo/share/ament_index/resource_index/packages/ur10_ros2_gazebo
[2.667s] -- Installing: /workspace/install/ur10_ros2_gazebo/share/ur10_ros2_gazebo/cmake/ur10_ros2_gazeboConfig.cmake
[2.671s] -- Installing: /workspace/install/ur10_ros2_gazebo/share/ur10_ros2_gazebo/cmake/ur10_ros2_gazeboConfig-version.cmake
[2.671s] -- Installing: /workspace/install/ur10_ros2_gazebo/share/ur10_ros2_gazebo/package.xml
[2.682s] Invoked command in '/workspace/build/ur10_ros2_gazebo' returned '0': CMAKE_PREFIX_PATH=${CMAKE_PREFIX_PATH}:/workspace/install/srvcli:/workspace/install/pubsub:/workspace/install/my_py_pkg:/workspace/install/inverse_kinematics:/opt/ros/humble /usr/bin/cmake --install /workspace/build/ur10_ros2_gazebo
