[0.093s] Invoking command in '/workspace/build/irb120_ros2_gazebo': CMAKE_PREFIX_PATH=${CMAKE_PREFIX_PATH}:/workspace/install/srvcli:/workspace/install/pubsub:/workspace/install/my_py_pkg:/workspace/install/inverse_kinematics:/opt/ros/humble /usr/bin/cmake /workspace/src/ros2_RobotSimulation/ABBRobots/IRB120/irb120_ros2_gazebo -DCMAKE_INSTALL_PREFIX=/workspace/install/irb120_ros2_gazebo
[0.672s] -- The C compiler identification is GNU 11.3.0
[0.672s] -- The CXX compiler identification is GNU 11.3.0
[0.673s] -- Detecting C compiler ABI info
[0.673s] -- Detecting C compiler ABI info - done
[0.673s] -- Check for working C compiler: /usr/bin/cc - skipped
[0.673s] -- Detecting C compile features
[0.673s] -- Detecting C compile features - done
[0.674s] -- Detecting CXX compiler ABI info
[0.805s] -- Detecting CXX compiler ABI info - done
[0.838s] -- Check for working CXX compiler: /usr/bin/c++ - skipped
[0.838s] -- Detecting CXX compile features
[0.844s] -- Detecting CXX compile features - done
[0.857s] -- Found ament_cmake: 1.3.4 (/opt/ros/humble/share/ament_cmake/cmake)
[1.337s] -- Found Python3: /usr/bin/python3.10 (found version "3.10.6") found components: Interpreter 
[1.590s] -- Found ament_lint_auto: 0.12.6 (/opt/ros/humble/share/ament_lint_auto/cmake)
[1.827s] -- Added test 'copyright' to check source files copyright and LICENSE
[1.839s] -- Added test 'flake8' to check Python code syntax and style conventions
[1.848s] -- Added test 'lint_cmake' to check CMake code style
[1.851s] -- Added test 'pep257' to check Python code against some of the docstring style conventions in PEP 257
[1.859s] -- Added test 'xmllint' to check XML markup files
[1.865s] -- Configuring done
[1.871s] -- Generating done
[1.877s] -- Build files have been written to: /workspace/build/irb120_ros2_gazebo
[1.886s] Invoked command in '/workspace/build/irb120_ros2_gazebo' returned '0': CMAKE_PREFIX_PATH=${CMAKE_PREFIX_PATH}:/workspace/install/srvcli:/workspace/install/pubsub:/workspace/install/my_py_pkg:/workspace/install/inverse_kinematics:/opt/ros/humble /usr/bin/cmake /workspace/src/ros2_RobotSimulation/ABBRobots/IRB120/irb120_ros2_gazebo -DCMAKE_INSTALL_PREFIX=/workspace/install/irb120_ros2_gazebo
[1.887s] Invoking command in '/workspace/build/irb120_ros2_gazebo': CMAKE_PREFIX_PATH=${CMAKE_PREFIX_PATH}:/workspace/install/srvcli:/workspace/install/pubsub:/workspace/install/my_py_pkg:/workspace/install/inverse_kinematics:/opt/ros/humble /usr/bin/cmake --build /workspace/build/irb120_ros2_gazebo -- -j12 -l12
[2.001s] Invoked command in '/workspace/build/irb120_ros2_gazebo' returned '0': CMAKE_PREFIX_PATH=${CMAKE_PREFIX_PATH}:/workspace/install/srvcli:/workspace/install/pubsub:/workspace/install/my_py_pkg:/workspace/install/inverse_kinematics:/opt/ros/humble /usr/bin/cmake --build /workspace/build/irb120_ros2_gazebo -- -j12 -l12
[2.054s] Invoking command in '/workspace/build/irb120_ros2_gazebo': CMAKE_PREFIX_PATH=${CMAKE_PREFIX_PATH}:/workspace/install/srvcli:/workspace/install/pubsub:/workspace/install/my_py_pkg:/workspace/install/inverse_kinematics:/opt/ros/humble /usr/bin/cmake --install /workspace/build/irb120_ros2_gazebo
[2.080s] -- Install configuration: ""
[2.080s] -- Installing: /workspace/install/irb120_ros2_gazebo/share/irb120_ros2_gazebo/config
[2.080s] -- Installing: /workspace/install/irb120_ros2_gazebo/share/irb120_ros2_gazebo/config/irb120_controller.yaml
[2.080s] -- Installing: /workspace/install/irb120_ros2_gazebo/share/irb120_ros2_gazebo/config/irb120egp64_controller.yaml
[2.080s] -- Installing: /workspace/install/irb120_ros2_gazebo/share/irb120_ros2_gazebo/launch
[2.081s] -- Installing: /workspace/install/irb120_ros2_gazebo/share/irb120_ros2_gazebo/launch/irb120_simulation.launch.py
[2.081s] -- Installing: /workspace/install/irb120_ros2_gazebo/share/irb120_ros2_gazebo/urdf
[2.081s] -- Installing: /workspace/install/irb120_ros2_gazebo/share/irb120_ros2_gazebo/urdf/abb_resources
[2.081s] -- Installing: /workspace/install/irb120_ros2_gazebo/share/irb120_ros2_gazebo/urdf/abb_resources/common_materials.xacro
[2.081s] -- Installing: /workspace/install/irb120_ros2_gazebo/share/irb120_ros2_gazebo/urdf/abb_resources/common_colours.xacro
[2.082s] -- Installing: /workspace/install/irb120_ros2_gazebo/share/irb120_ros2_gazebo/urdf/irb120.urdf.xacro
[2.082s] -- Installing: /workspace/install/irb120_ros2_gazebo/share/irb120_ros2_gazebo/urdf/irb120_ros2control.xacro
[2.082s] -- Installing: /workspace/install/irb120_ros2_gazebo/share/irb120_ros2_gazebo/urdf/irb120_transmission.xacro
[2.082s] -- Installing: /workspace/install/irb120_ros2_gazebo/share/irb120_ros2_gazebo/urdf/irb120_macro.urdf.xacro
[2.082s] -- Installing: /workspace/install/irb120_ros2_gazebo/share/irb120_ros2_gazebo/worlds
[2.083s] -- Installing: /workspace/install/irb120_ros2_gazebo/share/irb120_ros2_gazebo/worlds/irb120.world
[2.083s] -- Installing: /workspace/install/irb120_ros2_gazebo/share/irb120_ros2_gazebo/meshes
[2.083s] -- Installing: /workspace/install/irb120_ros2_gazebo/share/irb120_ros2_gazebo/meshes/irb120_cell.dae
[2.083s] -- Installing: /workspace/install/irb120_ros2_gazebo/share/irb120_ros2_gazebo/meshes/collision
[2.084s] -- Installing: /workspace/install/irb120_ros2_gazebo/share/irb120_ros2_gazebo/meshes/collision/link_4.stl
[2.084s] -- Installing: /workspace/install/irb120_ros2_gazebo/share/irb120_ros2_gazebo/meshes/collision/link_2.stl
[2.084s] -- Installing: /workspace/install/irb120_ros2_gazebo/share/irb120_ros2_gazebo/meshes/collision/link_1.stl
[2.084s] -- Installing: /workspace/install/irb120_ros2_gazebo/share/irb120_ros2_gazebo/meshes/collision/base_link.stl
[2.084s] -- Installing: /workspace/install/irb120_ros2_gazebo/share/irb120_ros2_gazebo/meshes/collision/link_3.stl
[2.085s] -- Installing: /workspace/install/irb120_ros2_gazebo/share/irb120_ros2_gazebo/meshes/collision/link_6.stl
[2.085s] -- Installing: /workspace/install/irb120_ros2_gazebo/share/irb120_ros2_gazebo/meshes/collision/link_5.stl
[2.085s] -- Installing: /workspace/install/irb120_ros2_gazebo/share/irb120_ros2_gazebo/meshes/visual
[2.086s] -- Installing: /workspace/install/irb120_ros2_gazebo/share/irb120_ros2_gazebo/meshes/visual/base_link.dae
[2.087s] -- Installing: /workspace/install/irb120_ros2_gazebo/share/irb120_ros2_gazebo/meshes/visual/link_2.dae
[2.088s] -- Installing: /workspace/install/irb120_ros2_gazebo/share/irb120_ros2_gazebo/meshes/visual/link_1.dae
[2.088s] -- Installing: /workspace/install/irb120_ros2_gazebo/share/irb120_ros2_gazebo/meshes/visual/link_4.dae
[2.091s] -- Installing: /workspace/install/irb120_ros2_gazebo/share/irb120_ros2_gazebo/meshes/visual/link_6.dae
[2.091s] -- Installing: /workspace/install/irb120_ros2_gazebo/share/irb120_ros2_gazebo/meshes/visual/link_5.dae
[2.092s] -- Installing: /workspace/install/irb120_ros2_gazebo/share/irb120_ros2_gazebo/meshes/visual/link_3.dae
[2.092s] -- Installing: /workspace/install/irb120_ros2_gazebo/share/irb120_ros2_gazebo/meshes/egp64
[2.095s] -- Installing: /workspace/install/irb120_ros2_gazebo/share/irb120_ros2_gazebo/meshes/egp64/00. Schunk Gripper - Component POSES
[2.096s] -- Installing: /workspace/install/irb120_ros2_gazebo/share/irb120_ros2_gazebo/meshes/egp64/egp64_RightFingerBase.dae
[2.096s] -- Installing: /workspace/install/irb120_ros2_gazebo/share/irb120_ros2_gazebo/meshes/egp64/egp64_RightFinger.dae
[2.096s] -- Installing: /workspace/install/irb120_ros2_gazebo/share/irb120_ros2_gazebo/meshes/egp64/egp64_Adapter.dae
[2.096s] -- Installing: /workspace/install/irb120_ros2_gazebo/share/irb120_ros2_gazebo/meshes/egp64/egp64_LeftFingerBase.dae
[2.096s] -- Installing: /workspace/install/irb120_ros2_gazebo/share/irb120_ros2_gazebo/meshes/egp64/egp64_BaseNoAdapter.dae
[2.096s] -- Installing: /workspace/install/irb120_ros2_gazebo/share/irb120_ros2_gazebo/meshes/egp64/egp64_LeftFinger.dae
[2.097s] -- Installing: /workspace/install/irb120_ros2_gazebo/share/ament_index/resource_index/package_run_dependencies/irb120_ros2_gazebo
[2.099s] -- Installing: /workspace/install/irb120_ros2_gazebo/share/ament_index/resource_index/parent_prefix_path/irb120_ros2_gazebo
[2.099s] -- Installing: /workspace/install/irb120_ros2_gazebo/share/irb120_ros2_gazebo/environment/ament_prefix_path.sh
[2.099s] -- Installing: /workspace/install/irb120_ros2_gazebo/share/irb120_ros2_gazebo/environment/ament_prefix_path.dsv
[2.099s] -- Installing: /workspace/install/irb120_ros2_gazebo/share/irb120_ros2_gazebo/environment/path.sh
[2.100s] -- Installing: /workspace/install/irb120_ros2_gazebo/share/irb120_ros2_gazebo/environment/path.dsv
[2.100s] -- Installing: /workspace/install/irb120_ros2_gazebo/share/irb120_ros2_gazebo/local_setup.bash
[2.100s] -- Installing: /workspace/install/irb120_ros2_gazebo/share/irb120_ros2_gazebo/local_setup.sh
[2.100s] -- Installing: /workspace/install/irb120_ros2_gazebo/share/irb120_ros2_gazebo/local_setup.zsh
[2.100s] -- Installing: /workspace/install/irb120_ros2_gazebo/share/irb120_ros2_gazebo/local_setup.dsv
[2.100s] -- Installing: /workspace/install/irb120_ros2_gazebo/share/irb120_ros2_gazebo/package.dsv
[2.100s] -- Installing: /workspace/install/irb120_ros2_gazebo/share/ament_index/resource_index/packages/irb120_ros2_gazebo
[2.101s] -- Installing: /workspace/install/irb120_ros2_gazebo/share/irb120_ros2_gazebo/cmake/irb120_ros2_gazeboConfig.cmake
[2.101s] -- Installing: /workspace/install/irb120_ros2_gazebo/share/irb120_ros2_gazebo/cmake/irb120_ros2_gazeboConfig-version.cmake
[2.101s] -- Installing: /workspace/install/irb120_ros2_gazebo/share/irb120_ros2_gazebo/package.xml
[2.137s] Invoked command in '/workspace/build/irb120_ros2_gazebo' returned '0': CMAKE_PREFIX_PATH=${CMAKE_PREFIX_PATH}:/workspace/install/srvcli:/workspace/install/pubsub:/workspace/install/my_py_pkg:/workspace/install/inverse_kinematics:/opt/ros/humble /usr/bin/cmake --install /workspace/build/irb120_ros2_gazebo
