[0.101s] Invoking command in '/workspace/build/ros2_data': CMAKE_PREFIX_PATH=${CMAKE_PREFIX_PATH}:/workspace/install/srvcli:/workspace/install/pubsub:/workspace/install/my_py_pkg:/workspace/install/inverse_kinematics:/opt/ros/humble /usr/bin/cmake /workspace/src/ros2_RobotSimulation/ros2_data -DCMAKE_INSTALL_PREFIX=/workspace/install/ros2_data
[0.682s] -- The C compiler identification is GNU 11.3.0
[0.682s] -- The CXX compiler identification is GNU 11.3.0
[0.682s] -- Detecting C compiler ABI info
[0.683s] -- Detecting C compiler ABI info - done
[0.683s] -- Check for working C compiler: /usr/bin/cc - skipped
[0.683s] -- Detecting C compile features
[0.683s] -- Detecting C compile features - done
[0.683s] -- Detecting CXX compiler ABI info
[0.815s] -- Detecting CXX compiler ABI info - done
[0.848s] -- Check for working CXX compiler: /usr/bin/c++ - skipped
[0.848s] -- Detecting CXX compile features
[0.849s] -- Detecting CXX compile features - done
[0.866s] -- Found ament_cmake: 1.3.4 (/opt/ros/humble/share/ament_cmake/cmake)
[1.339s] -- Found Python3: /usr/bin/python3.10 (found version "3.10.6") found components: Interpreter 
[1.593s] -- Found rosidl_default_generators: 1.2.0 (/opt/ros/humble/share/rosidl_default_generators/cmake)
[1.615s] -- Using all available rosidl_typesupport_c: rosidl_typesupport_fastrtps_c;rosidl_typesupport_introspection_c
[1.647s] -- Found rosidl_adapter: 3.1.4 (/opt/ros/humble/share/rosidl_adapter/cmake)
[1.801s] -- Using all available rosidl_typesupport_cpp: rosidl_typesupport_fastrtps_cpp;rosidl_typesupport_introspection_cpp
[3.007s] -- Found ament_cmake_ros: 0.10.0 (/opt/ros/humble/share/ament_cmake_ros/cmake)
[3.246s] -- Using all available rosidl_typesupport_c: rosidl_typesupport_fastrtps_c;rosidl_typesupport_introspection_c
[3.548s] -- Using all available rosidl_typesupport_cpp: rosidl_typesupport_fastrtps_cpp;rosidl_typesupport_introspection_cpp
[3.582s] -- Found PythonInterp: /usr/bin/python3 (found suitable version "3.10.6", minimum required is "3.6") 
[3.587s] -- Found python_cmake_module: 0.10.0 (/opt/ros/humble/share/python_cmake_module/cmake)
[3.617s] -- Found PythonLibs: /usr/lib/x86_64-linux-gnu/libpython3.10.so (found suitable version "3.10.6", minimum required is "3.5") 
[3.617s] -- Using PYTHON_EXECUTABLE: /usr/bin/python3
[3.617s] -- Using PYTHON_INCLUDE_DIRS: /usr/include/python3.10
[3.617s] -- Using PYTHON_LIBRARIES: /usr/lib/x86_64-linux-gnu/libpython3.10.so
[3.641s] -- Found PythonExtra: .so  
[3.727s] -- Found ament_lint_auto: 0.12.6 (/opt/ros/humble/share/ament_lint_auto/cmake)
[3.783s] -- Added test 'copyright' to check source files copyright and LICENSE
[3.786s] -- Added test 'lint_cmake' to check CMake code style
[3.787s] -- Added test 'xmllint' to check XML markup files
[3.791s] -- Configuring done
[3.854s] -- Generating done
[3.857s] -- Build files have been written to: /workspace/build/ros2_data
[3.865s] Invoked command in '/workspace/build/ros2_data' returned '0': CMAKE_PREFIX_PATH=${CMAKE_PREFIX_PATH}:/workspace/install/srvcli:/workspace/install/pubsub:/workspace/install/my_py_pkg:/workspace/install/inverse_kinematics:/opt/ros/humble /usr/bin/cmake /workspace/src/ros2_RobotSimulation/ros2_data -DCMAKE_INSTALL_PREFIX=/workspace/install/ros2_data
[3.867s] Invoking command in '/workspace/build/ros2_data': CMAKE_PREFIX_PATH=${CMAKE_PREFIX_PATH}:/workspace/install/srvcli:/workspace/install/pubsub:/workspace/install/my_py_pkg:/workspace/install/inverse_kinematics:/opt/ros/humble /usr/bin/cmake --build /workspace/build/ros2_data -- -j12 -l12
[3.909s] [  1%] [34m[1mGenerating C code for ROS interfaces[0m
[3.920s] [  1%] [34m[1mGenerating C++ code for ROS interfaces[0m
[3.930s] [  1%] Built target ament_cmake_python_copy_ros2_data
[4.228s] running egg_info
[4.228s] creating ros2_data.egg-info
[4.229s] writing ros2_data.egg-info/PKG-INFO
[4.229s] writing dependency_links to ros2_data.egg-info/dependency_links.txt
[4.229s] writing top-level names to ros2_data.egg-info/top_level.txt
[4.229s] writing manifest file 'ros2_data.egg-info/SOURCES.txt'
[4.231s] reading manifest file 'ros2_data.egg-info/SOURCES.txt'
[4.232s] writing manifest file 'ros2_data.egg-info/SOURCES.txt'
[4.266s] [  1%] Built target ament_cmake_python_build_ros2_data_egg
[7.398s] [  1%] Built target ros2_data__cpp
[7.410s] [  2%] [34m[1mGenerating C++ type support for eProsima Fast-RTPS[0m
[7.410s] [  2%] [34m[1mGenerating C++ type support dispatch for ROS interfaces[0m
[7.415s] [  3%] [34m[1mGenerating C++ introspection for ROS interfaces[0m
[7.734s] [  4%] [32mBuilding C object CMakeFiles/ros2_data__rosidl_generator_c.dir/rosidl_generator_c/ros2_data/msg/detail/joint_pose_s__functions.c.o[0m
[7.734s] [  5%] [32mBuilding C object CMakeFiles/ros2_data__rosidl_generator_c.dir/rosidl_generator_c/ros2_data/action/detail/move_j__functions.c.o[0m
[7.735s] [  7%] [32mBuilding C object CMakeFiles/ros2_data__rosidl_generator_c.dir/rosidl_generator_c/ros2_data/action/detail/move_g__functions.c.o[0m
[7.735s] [  6%] [32mBuilding C object CMakeFiles/ros2_data__rosidl_generator_c.dir/rosidl_generator_c/ros2_data/action/detail/move_js__functions.c.o[0m
[7.735s] [  7%] [32mBuilding C object CMakeFiles/ros2_data__rosidl_generator_c.dir/rosidl_generator_c/ros2_data/msg/detail/joint_pose__functions.c.o[0m
[7.735s] [  8%] [32mBuilding C object CMakeFiles/ros2_data__rosidl_generator_c.dir/rosidl_generator_c/ros2_data/action/detail/move_xyzw__functions.c.o[0m
[7.736s] [  9%] [32mBuilding C object CMakeFiles/ros2_data__rosidl_generator_c.dir/rosidl_generator_c/ros2_data/action/detail/move_r__functions.c.o[0m
[7.737s] [ 10%] [32mBuilding C object CMakeFiles/ros2_data__rosidl_generator_c.dir/rosidl_generator_c/ros2_data/action/detail/move_l__functions.c.o[0m
[7.762s] [ 11%] [32mBuilding C object CMakeFiles/ros2_data__rosidl_generator_c.dir/rosidl_generator_c/ros2_data/action/detail/move_xyz__functions.c.o[0m
[7.863s] [ 11%] [32mBuilding C object CMakeFiles/ros2_data__rosidl_generator_c.dir/rosidl_generator_c/ros2_data/action/detail/move_ypr__functions.c.o[0m
[7.883s] [ 12%] [32mBuilding C object CMakeFiles/ros2_data__rosidl_generator_c.dir/rosidl_generator_c/ros2_data/action/detail/move_rot__functions.c.o[0m
[8.023s] [ 13%] [32mBuilding C object CMakeFiles/ros2_data__rosidl_generator_c.dir/rosidl_generator_c/ros2_data/action/detail/move_rp__functions.c.o[0m
[8.226s] [ 14%] [32m[1mLinking C shared library libros2_data__rosidl_generator_c.so[0m
[8.292s] [ 14%] Built target ros2_data__rosidl_generator_c
[8.304s] [ 16%] [34m[1mGenerating C type support dispatch for ROS interfaces[0m
[8.304s] [ 16%] [34m[1mGenerating C type support for eProsima Fast-RTPS[0m
[8.306s] [ 17%] [34m[1mGenerating C introspection for ROS interfaces[0m
[9.186s] [ 19%] [32mBuilding CXX object CMakeFiles/ros2_data__rosidl_typesupport_cpp.dir/rosidl_typesupport_cpp/ros2_data/msg/joint_pose_s__type_support.cpp.o[0m
[9.186s] [ 19%] [32mBuilding CXX object CMakeFiles/ros2_data__rosidl_typesupport_cpp.dir/rosidl_typesupport_cpp/ros2_data/action/move_j__type_support.cpp.o[0m
[9.186s] [ 19%] [32mBuilding CXX object CMakeFiles/ros2_data__rosidl_typesupport_cpp.dir/rosidl_typesupport_cpp/ros2_data/action/move_g__type_support.cpp.o[0m
[9.186s] [ 20%] [32mBuilding CXX object CMakeFiles/ros2_data__rosidl_typesupport_cpp.dir/rosidl_typesupport_cpp/ros2_data/action/move_l__type_support.cpp.o[0m
[9.191s] [ 22%] [32mBuilding CXX object CMakeFiles/ros2_data__rosidl_typesupport_cpp.dir/rosidl_typesupport_cpp/ros2_data/action/move_js__type_support.cpp.o[0m
[9.191s] [ 22%] [32mBuilding CXX object CMakeFiles/ros2_data__rosidl_typesupport_cpp.dir/rosidl_typesupport_cpp/ros2_data/msg/joint_pose__type_support.cpp.o[0m
[9.196s] [ 23%] [32mBuilding CXX object CMakeFiles/ros2_data__rosidl_typesupport_cpp.dir/rosidl_typesupport_cpp/ros2_data/action/move_xyzw__type_support.cpp.o[0m
[9.811s] [ 24%] [32mBuilding CXX object CMakeFiles/ros2_data__rosidl_typesupport_cpp.dir/rosidl_typesupport_cpp/ros2_data/action/move_r__type_support.cpp.o[0m
[9.817s] [ 25%] [32mBuilding CXX object CMakeFiles/ros2_data__rosidl_typesupport_cpp.dir/rosidl_typesupport_cpp/ros2_data/action/move_xyz__type_support.cpp.o[0m
[10.146s] [ 26%] [32mBuilding CXX object CMakeFiles/ros2_data__rosidl_typesupport_cpp.dir/rosidl_typesupport_cpp/ros2_data/action/move_ypr__type_support.cpp.o[0m
[10.187s] [ 26%] [32mBuilding CXX object CMakeFiles/ros2_data__rosidl_typesupport_cpp.dir/rosidl_typesupport_cpp/ros2_data/action/move_rot__type_support.cpp.o[0m
[10.220s] [ 27%] [32mBuilding CXX object CMakeFiles/ros2_data__rosidl_typesupport_cpp.dir/rosidl_typesupport_cpp/ros2_data/action/move_rp__type_support.cpp.o[0m
[10.383s] [ 28%] [32mBuilding CXX object CMakeFiles/ros2_data__rosidl_typesupport_c.dir/rosidl_typesupport_c/ros2_data/msg/joint_pose__type_support.cpp.o[0m
[10.384s] [ 29%] [32mBuilding CXX object CMakeFiles/ros2_data__rosidl_typesupport_c.dir/rosidl_typesupport_c/ros2_data/action/move_j__type_support.cpp.o[0m
[10.384s] [ 29%] [32mBuilding CXX object CMakeFiles/ros2_data__rosidl_typesupport_c.dir/rosidl_typesupport_c/ros2_data/msg/joint_pose_s__type_support.cpp.o[0m
[10.448s] [ 30%] [32mBuilding CXX object CMakeFiles/ros2_data__rosidl_typesupport_c.dir/rosidl_typesupport_c/ros2_data/action/move_js__type_support.cpp.o[0m
[10.450s] [ 31%] [32mBuilding CXX object CMakeFiles/ros2_data__rosidl_typesupport_c.dir/rosidl_typesupport_c/ros2_data/action/move_g__type_support.cpp.o[0m
[10.502s] [ 32%] [32mBuilding CXX object CMakeFiles/ros2_data__rosidl_typesupport_c.dir/rosidl_typesupport_c/ros2_data/action/move_xyzw__type_support.cpp.o[0m
[10.563s] [ 33%] [32mBuilding CXX object CMakeFiles/ros2_data__rosidl_typesupport_c.dir/rosidl_typesupport_c/ros2_data/action/move_l__type_support.cpp.o[0m
[10.574s] [ 33%] [32mBuilding CXX object CMakeFiles/ros2_data__rosidl_typesupport_c.dir/rosidl_typesupport_c/ros2_data/action/move_r__type_support.cpp.o[0m
[10.653s] [ 34%] [32mBuilding CXX object CMakeFiles/ros2_data__rosidl_typesupport_c.dir/rosidl_typesupport_c/ros2_data/action/move_xyz__type_support.cpp.o[0m
[10.707s] [ 35%] [32mBuilding CXX object CMakeFiles/ros2_data__rosidl_typesupport_c.dir/rosidl_typesupport_c/ros2_data/action/move_ypr__type_support.cpp.o[0m
[10.710s] [ 36%] [32mBuilding CXX object CMakeFiles/ros2_data__rosidl_typesupport_c.dir/rosidl_typesupport_c/ros2_data/action/move_rot__type_support.cpp.o[0m
[10.785s] [ 37%] [32mBuilding CXX object CMakeFiles/ros2_data__rosidl_typesupport_c.dir/rosidl_typesupport_c/ros2_data/action/move_rp__type_support.cpp.o[0m
[10.892s] [ 38%] [32m[1mLinking CXX shared library libros2_data__rosidl_typesupport_c.so[0m
[10.907s] [ 39%] [32mBuilding CXX object CMakeFiles/ros2_data__rosidl_typesupport_introspection_cpp.dir/rosidl_typesupport_introspection_cpp/ros2_data/msg/detail/joint_pose_s__type_support.cpp.o[0m
[10.907s] [ 40%] [32mBuilding CXX object CMakeFiles/ros2_data__rosidl_typesupport_introspection_cpp.dir/rosidl_typesupport_introspection_cpp/ros2_data/action/detail/move_g__type_support.cpp.o[0m
[10.908s] [ 40%] [32mBuilding CXX object CMakeFiles/ros2_data__rosidl_typesupport_introspection_cpp.dir/rosidl_typesupport_introspection_cpp/ros2_data/msg/detail/joint_pose__type_support.cpp.o[0m
[10.909s] [ 41%] [32mBuilding CXX object CMakeFiles/ros2_data__rosidl_typesupport_introspection_cpp.dir/rosidl_typesupport_introspection_cpp/ros2_data/action/detail/move_j__type_support.cpp.o[0m
[10.910s] [ 42%] [32mBuilding CXX object CMakeFiles/ros2_data__rosidl_typesupport_introspection_cpp.dir/rosidl_typesupport_introspection_cpp/ros2_data/action/detail/move_js__type_support.cpp.o[0m
[11.010s] [ 42%] Built target ros2_data__rosidl_typesupport_c
[11.028s] [ 43%] [32mBuilding CXX object CMakeFiles/ros2_data__rosidl_typesupport_introspection_cpp.dir/rosidl_typesupport_introspection_cpp/ros2_data/action/detail/move_xyzw__type_support.cpp.o[0m
[11.089s] [ 43%] [32mBuilding CXX object CMakeFiles/ros2_data__rosidl_typesupport_introspection_cpp.dir/rosidl_typesupport_introspection_cpp/ros2_data/action/detail/move_l__type_support.cpp.o[0m
[11.162s] [ 44%] [32mBuilding CXX object CMakeFiles/ros2_data__rosidl_typesupport_introspection_cpp.dir/rosidl_typesupport_introspection_cpp/ros2_data/action/detail/move_r__type_support.cpp.o[0m
[11.228s] [ 45%] [32m[1mLinking CXX shared library libros2_data__rosidl_typesupport_cpp.so[0m
[11.323s] [ 45%] Built target ros2_data__rosidl_typesupport_cpp
[11.340s] [ 46%] [32mBuilding CXX object CMakeFiles/ros2_data__rosidl_typesupport_introspection_cpp.dir/rosidl_typesupport_introspection_cpp/ros2_data/action/detail/move_xyz__type_support.cpp.o[0m
[11.736s] [ 47%] [32mBuilding CXX object CMakeFiles/ros2_data__rosidl_typesupport_introspection_cpp.dir/rosidl_typesupport_introspection_cpp/ros2_data/action/detail/move_ypr__type_support.cpp.o[0m
[11.796s] [ 48%] [32mBuilding CXX object CMakeFiles/ros2_data__rosidl_typesupport_introspection_cpp.dir/rosidl_typesupport_introspection_cpp/ros2_data/action/detail/move_rot__type_support.cpp.o[0m
[12.236s] [ 49%] [32mBuilding CXX object CMakeFiles/ros2_data__rosidl_typesupport_fastrtps_cpp.dir/rosidl_typesupport_fastrtps_cpp/ros2_data/msg/detail/dds_fastrtps/joint_pose__type_support.cpp.o[0m
[12.262s] [ 50%] [32mBuilding CXX object CMakeFiles/ros2_data__rosidl_typesupport_fastrtps_cpp.dir/rosidl_typesupport_fastrtps_cpp/ros2_data/msg/detail/dds_fastrtps/joint_pose_s__type_support.cpp.o[0m
[12.325s] [ 51%] [32mBuilding CXX object CMakeFiles/ros2_data__rosidl_typesupport_fastrtps_cpp.dir/rosidl_typesupport_fastrtps_cpp/ros2_data/action/detail/dds_fastrtps/move_j__type_support.cpp.o[0m
[12.352s] [ 52%] [32mBuilding CXX object CMakeFiles/ros2_data__rosidl_typesupport_fastrtps_cpp.dir/rosidl_typesupport_fastrtps_cpp/ros2_data/action/detail/dds_fastrtps/move_js__type_support.cpp.o[0m
[12.366s] [ 53%] [32mBuilding CXX object CMakeFiles/ros2_data__rosidl_typesupport_introspection_cpp.dir/rosidl_typesupport_introspection_cpp/ros2_data/action/detail/move_rp__type_support.cpp.o[0m
[12.366s] [ 54%] [32mBuilding CXX object CMakeFiles/ros2_data__rosidl_typesupport_fastrtps_cpp.dir/rosidl_typesupport_fastrtps_cpp/ros2_data/action/detail/dds_fastrtps/move_g__type_support.cpp.o[0m
[12.535s] [ 54%] [32mBuilding CXX object CMakeFiles/ros2_data__rosidl_typesupport_fastrtps_cpp.dir/rosidl_typesupport_fastrtps_cpp/ros2_data/action/detail/dds_fastrtps/move_xyzw__type_support.cpp.o[0m
[12.577s] [ 55%] [32mBuilding C object CMakeFiles/ros2_data__rosidl_typesupport_introspection_c.dir/rosidl_typesupport_introspection_c/ros2_data/msg/detail/joint_pose__type_support.c.o[0m
[12.659s] [ 56%] [32mBuilding C object CMakeFiles/ros2_data__rosidl_typesupport_introspection_c.dir/rosidl_typesupport_introspection_c/ros2_data/msg/detail/joint_pose_s__type_support.c.o[0m
[12.777s] [ 57%] [32mBuilding C object CMakeFiles/ros2_data__rosidl_typesupport_introspection_c.dir/rosidl_typesupport_introspection_c/ros2_data/action/detail/move_j__type_support.c.o[0m
[12.850s] [ 58%] [32mBuilding CXX object CMakeFiles/ros2_data__rosidl_typesupport_fastrtps_cpp.dir/rosidl_typesupport_fastrtps_cpp/ros2_data/action/detail/dds_fastrtps/move_l__type_support.cpp.o[0m
[12.926s] [ 58%] [32mBuilding C object CMakeFiles/ros2_data__rosidl_typesupport_introspection_c.dir/rosidl_typesupport_introspection_c/ros2_data/action/detail/move_js__type_support.c.o[0m
[13.039s] [ 59%] [32mBuilding C object CMakeFiles/ros2_data__rosidl_typesupport_introspection_c.dir/rosidl_typesupport_introspection_c/ros2_data/action/detail/move_g__type_support.c.o[0m
[13.100s] [ 60%] [32mBuilding CXX object CMakeFiles/ros2_data__rosidl_typesupport_fastrtps_cpp.dir/rosidl_typesupport_fastrtps_cpp/ros2_data/action/detail/dds_fastrtps/move_r__type_support.cpp.o[0m
[13.129s] [ 61%] [32mBuilding CXX object CMakeFiles/ros2_data__rosidl_typesupport_fastrtps_cpp.dir/rosidl_typesupport_fastrtps_cpp/ros2_data/action/detail/dds_fastrtps/move_xyz__type_support.cpp.o[0m
[13.151s] [ 62%] [32mBuilding CXX object CMakeFiles/ros2_data__rosidl_typesupport_fastrtps_cpp.dir/rosidl_typesupport_fastrtps_cpp/ros2_data/action/detail/dds_fastrtps/move_ypr__type_support.cpp.o[0m
[13.153s] [ 63%] [32mBuilding C object CMakeFiles/ros2_data__rosidl_typesupport_introspection_c.dir/rosidl_typesupport_introspection_c/ros2_data/action/detail/move_xyzw__type_support.c.o[0m
[13.159s] [ 64%] [32mBuilding C object CMakeFiles/ros2_data__rosidl_typesupport_introspection_c.dir/rosidl_typesupport_introspection_c/ros2_data/action/detail/move_l__type_support.c.o[0m
[13.270s] [ 65%] [32mBuilding C object CMakeFiles/ros2_data__rosidl_typesupport_introspection_c.dir/rosidl_typesupport_introspection_c/ros2_data/action/detail/move_r__type_support.c.o[0m
[13.293s] [ 66%] [32mBuilding C object CMakeFiles/ros2_data__rosidl_typesupport_introspection_c.dir/rosidl_typesupport_introspection_c/ros2_data/action/detail/move_xyz__type_support.c.o[0m
[13.388s] [ 67%] [32mBuilding CXX object CMakeFiles/ros2_data__rosidl_typesupport_fastrtps_c.dir/rosidl_typesupport_fastrtps_c/ros2_data/msg/detail/joint_pose__type_support_c.cpp.o[0m
[13.389s] [ 68%] [32mBuilding C object CMakeFiles/ros2_data__rosidl_typesupport_introspection_c.dir/rosidl_typesupport_introspection_c/ros2_data/action/detail/move_ypr__type_support.c.o[0m
[13.405s] [ 69%] [32mBuilding CXX object CMakeFiles/ros2_data__rosidl_typesupport_fastrtps_c.dir/rosidl_typesupport_fastrtps_c/ros2_data/msg/detail/joint_pose_s__type_support_c.cpp.o[0m
[13.503s] [ 69%] [32mBuilding C object CMakeFiles/ros2_data__rosidl_typesupport_introspection_c.dir/rosidl_typesupport_introspection_c/ros2_data/action/detail/move_rot__type_support.c.o[0m
[13.615s] [ 70%] [32mBuilding C object CMakeFiles/ros2_data__rosidl_typesupport_introspection_c.dir/rosidl_typesupport_introspection_c/ros2_data/action/detail/move_rp__type_support.c.o[0m
[13.643s] [ 70%] [32mBuilding CXX object CMakeFiles/ros2_data__rosidl_typesupport_fastrtps_c.dir/rosidl_typesupport_fastrtps_c/ros2_data/action/detail/move_j__type_support_c.cpp.o[0m
[13.648s] [ 71%] [32mBuilding CXX object CMakeFiles/ros2_data__rosidl_typesupport_fastrtps_cpp.dir/rosidl_typesupport_fastrtps_cpp/ros2_data/action/detail/dds_fastrtps/move_rot__type_support.cpp.o[0m
[13.720s] [ 72%] [32m[1mLinking C shared library libros2_data__rosidl_typesupport_introspection_c.so[0m
[13.730s] [ 73%] [32m[1mLinking CXX shared library libros2_data__rosidl_typesupport_introspection_cpp.so[0m
[13.760s] [ 73%] [32mBuilding CXX object CMakeFiles/ros2_data__rosidl_typesupport_fastrtps_cpp.dir/rosidl_typesupport_fastrtps_cpp/ros2_data/action/detail/dds_fastrtps/move_rp__type_support.cpp.o[0m
[13.820s] [ 74%] [32mBuilding CXX object CMakeFiles/ros2_data__rosidl_typesupport_fastrtps_c.dir/rosidl_typesupport_fastrtps_c/ros2_data/action/detail/move_js__type_support_c.cpp.o[0m
[13.836s] [ 74%] Built target ros2_data__rosidl_typesupport_introspection_c
[13.854s] [ 75%] [32mBuilding CXX object CMakeFiles/ros2_data__rosidl_typesupport_fastrtps_c.dir/rosidl_typesupport_fastrtps_c/ros2_data/action/detail/move_g__type_support_c.cpp.o[0m
[13.948s] [ 75%] Built target ros2_data__rosidl_typesupport_introspection_cpp
[13.965s] [ 76%] [32mBuilding CXX object CMakeFiles/ros2_data__rosidl_typesupport_fastrtps_c.dir/rosidl_typesupport_fastrtps_c/ros2_data/action/detail/move_xyzw__type_support_c.cpp.o[0m
[14.124s] [ 77%] [32mBuilding CXX object CMakeFiles/ros2_data__rosidl_typesupport_fastrtps_c.dir/rosidl_typesupport_fastrtps_c/ros2_data/action/detail/move_l__type_support_c.cpp.o[0m
[14.155s] [ 78%] [32mBuilding CXX object CMakeFiles/ros2_data__rosidl_typesupport_fastrtps_c.dir/rosidl_typesupport_fastrtps_c/ros2_data/action/detail/move_r__type_support_c.cpp.o[0m
[14.206s] [ 78%] [32mBuilding CXX object CMakeFiles/ros2_data__rosidl_typesupport_fastrtps_c.dir/rosidl_typesupport_fastrtps_c/ros2_data/action/detail/move_xyz__type_support_c.cpp.o[0m
[14.335s] [ 79%] [32mBuilding CXX object CMakeFiles/ros2_data__rosidl_typesupport_fastrtps_c.dir/rosidl_typesupport_fastrtps_c/ros2_data/action/detail/move_ypr__type_support_c.cpp.o[0m
[14.374s] [ 80%] [32mBuilding CXX object CMakeFiles/ros2_data__rosidl_typesupport_fastrtps_c.dir/rosidl_typesupport_fastrtps_c/ros2_data/action/detail/move_rot__type_support_c.cpp.o[0m
[14.445s] [ 81%] [32mBuilding CXX object CMakeFiles/ros2_data__rosidl_typesupport_fastrtps_c.dir/rosidl_typesupport_fastrtps_c/ros2_data/action/detail/move_rp__type_support_c.cpp.o[0m
[14.910s] [ 82%] [32m[1mLinking CXX shared library libros2_data__rosidl_typesupport_fastrtps_cpp.so[0m
[15.020s] [ 82%] Built target ros2_data__rosidl_typesupport_fastrtps_cpp
[15.112s] [ 83%] [32m[1mLinking CXX shared library libros2_data__rosidl_typesupport_fastrtps_c.so[0m
[15.181s] [ 83%] Built target ros2_data__rosidl_typesupport_fastrtps_c
[15.200s] [ 83%] Built target ros2_data
[15.220s] [ 84%] [34m[1mGenerating Python code for ROS interfaces[0m
[21.354s] [ 84%] Built target ros2_data__py
[21.385s] [ 85%] [32mBuilding C object CMakeFiles/ros2_data__rosidl_generator_py.dir/rosidl_generator_py/ros2_data/msg/_joint_pose_s_s.c.o[0m
[21.386s] [ 87%] [32mBuilding C object CMakeFiles/ros2_data__rosidl_generator_py.dir/rosidl_generator_py/ros2_data/action/_move_g_s.c.o[0m
[21.386s] [ 87%] [32mBuilding C object CMakeFiles/ros2_data__rosidl_generator_py.dir/rosidl_generator_py/ros2_data/action/_move_j_s.c.o[0m
[21.387s] [ 87%] [32mBuilding C object CMakeFiles/ros2_data__rosidl_generator_py.dir/rosidl_generator_py/ros2_data/action/_move_ypr_s.c.o[0m
[21.389s] [ 90%] [32mBuilding C object CMakeFiles/ros2_data__rosidl_generator_py.dir/rosidl_generator_py/ros2_data/action/_move_xyz_s.c.o[0m
[21.389s] [ 90%] [32mBuilding C object CMakeFiles/ros2_data__rosidl_generator_py.dir/rosidl_generator_py/ros2_data/action/_move_xyzw_s.c.o[0m
[21.389s] [ 87%] [32mBuilding C object CMakeFiles/ros2_data__rosidl_generator_py.dir/rosidl_generator_py/ros2_data/msg/_joint_pose_s.c.o[0m
[21.393s] [ 90%] [32mBuilding C object CMakeFiles/ros2_data__rosidl_generator_py.dir/rosidl_generator_py/ros2_data/action/_move_js_s.c.o[0m
[21.393s] [ 91%] [32mBuilding C object CMakeFiles/ros2_data__rosidl_generator_py.dir/rosidl_generator_py/ros2_data/action/_move_r_s.c.o[0m
[21.393s] [ 92%] [32mBuilding C object CMakeFiles/ros2_data__rosidl_generator_py.dir/rosidl_generator_py/ros2_data/action/_move_l_s.c.o[0m
[21.393s] [ 93%] [32mBuilding C object CMakeFiles/ros2_data__rosidl_generator_py.dir/rosidl_generator_py/ros2_data/action/_move_rot_s.c.o[0m
[21.407s] [ 94%] [32mBuilding C object CMakeFiles/ros2_data__rosidl_generator_py.dir/rosidl_generator_py/ros2_data/action/_move_rp_s.c.o[0m
[21.927s] [ 95%] [32m[1mLinking C shared library rosidl_generator_py/ros2_data/libros2_data__rosidl_generator_py.so[0m
[21.999s] [ 95%] Built target ros2_data__rosidl_generator_py
[22.028s] [ 97%] [32mBuilding C object CMakeFiles/ros2_data__rosidl_typesupport_introspection_c__pyext.dir/rosidl_generator_py/ros2_data/_ros2_data_s.ep.rosidl_typesupport_introspection_c.c.o[0m
[22.028s] [ 97%] [32mBuilding C object CMakeFiles/ros2_data__rosidl_typesupport_fastrtps_c__pyext.dir/rosidl_generator_py/ros2_data/_ros2_data_s.ep.rosidl_typesupport_fastrtps_c.c.o[0m
[22.029s] [ 97%] [32mBuilding C object CMakeFiles/ros2_data__rosidl_typesupport_c__pyext.dir/rosidl_generator_py/ros2_data/_ros2_data_s.ep.rosidl_typesupport_c.c.o[0m
[22.516s] [ 98%] [32m[1mLinking C shared library rosidl_generator_py/ros2_data/ros2_data_s__rosidl_typesupport_introspection_c.cpython-310-x86_64-linux-gnu.so[0m
[22.531s] [ 99%] [32m[1mLinking C shared library rosidl_generator_py/ros2_data/ros2_data_s__rosidl_typesupport_c.cpython-310-x86_64-linux-gnu.so[0m
[22.539s] [100%] [32m[1mLinking C shared library rosidl_generator_py/ros2_data/ros2_data_s__rosidl_typesupport_fastrtps_c.cpython-310-x86_64-linux-gnu.so[0m
[22.581s] [100%] Built target ros2_data__rosidl_typesupport_introspection_c__pyext
[22.594s] [100%] Built target ros2_data__rosidl_typesupport_c__pyext
[22.606s] [100%] Built target ros2_data__rosidl_typesupport_fastrtps_c__pyext
[22.623s] Invoked command in '/workspace/build/ros2_data' returned '0': CMAKE_PREFIX_PATH=${CMAKE_PREFIX_PATH}:/workspace/install/srvcli:/workspace/install/pubsub:/workspace/install/my_py_pkg:/workspace/install/inverse_kinematics:/opt/ros/humble /usr/bin/cmake --build /workspace/build/ros2_data -- -j12 -l12
[23.058s] Invoking command in '/workspace/build/ros2_data': CMAKE_PREFIX_PATH=${CMAKE_PREFIX_PATH}:/workspace/install/srvcli:/workspace/install/pubsub:/workspace/install/my_py_pkg:/workspace/install/inverse_kinematics:/opt/ros/humble /usr/bin/cmake --install /workspace/build/ros2_data
[23.066s] -- Install configuration: ""
[23.066s] -- Installing: /workspace/install/ros2_data/share/ament_index/resource_index/rosidl_interfaces/ros2_data
[23.066s] -- Installing: /workspace/install/ros2_data/include/ros2_data/ros2_data
[23.067s] -- Installing: /workspace/install/ros2_data/include/ros2_data/ros2_data/action
[23.067s] -- Installing: /workspace/install/ros2_data/include/ros2_data/ros2_data/action/move_xyzw.h
[23.067s] -- Installing: /workspace/install/ros2_data/include/ros2_data/ros2_data/action/move_g.h
[23.067s] -- Installing: /workspace/install/ros2_data/include/ros2_data/ros2_data/action/detail
[23.068s] -- Installing: /workspace/install/ros2_data/include/ros2_data/ros2_data/action/detail/move_l__functions.c
[23.068s] -- Installing: /workspace/install/ros2_data/include/ros2_data/ros2_data/action/detail/move_r__struct.h
[23.068s] -- Installing: /workspace/install/ros2_data/include/ros2_data/ros2_data/action/detail/move_js__functions.h
[23.068s] -- Installing: /workspace/install/ros2_data/include/ros2_data/ros2_data/action/detail/move_j__functions.h
[23.069s] -- Installing: /workspace/install/ros2_data/include/ros2_data/ros2_data/action/detail/move_g__functions.c
[23.069s] -- Installing: /workspace/install/ros2_data/include/ros2_data/ros2_data/action/detail/move_j__type_support.h
[23.069s] -- Installing: /workspace/install/ros2_data/include/ros2_data/ros2_data/action/detail/move_js__functions.c
[23.069s] -- Installing: /workspace/install/ros2_data/include/ros2_data/ros2_data/action/detail/move_xyz__struct.h
[23.070s] -- Installing: /workspace/install/ros2_data/include/ros2_data/ros2_data/action/detail/move_j__functions.c
[23.070s] -- Installing: /workspace/install/ros2_data/include/ros2_data/ros2_data/action/detail/move_xyzw__type_support.h
[23.070s] -- Installing: /workspace/install/ros2_data/include/ros2_data/ros2_data/action/detail/move_ypr__functions.h
[23.070s] -- Installing: /workspace/install/ros2_data/include/ros2_data/ros2_data/action/detail/move_r__functions.c
[23.070s] -- Installing: /workspace/install/ros2_data/include/ros2_data/ros2_data/action/detail/move_rot__struct.h
[23.071s] -- Installing: /workspace/install/ros2_data/include/ros2_data/ros2_data/action/detail/move_r__type_support.h
[23.071s] -- Installing: /workspace/install/ros2_data/include/ros2_data/ros2_data/action/detail/move_g__struct.h
[23.071s] -- Installing: /workspace/install/ros2_data/include/ros2_data/ros2_data/action/detail/move_rp__type_support.h
[23.071s] -- Installing: /workspace/install/ros2_data/include/ros2_data/ros2_data/action/detail/move_g__type_support.h
[23.071s] -- Installing: /workspace/install/ros2_data/include/ros2_data/ros2_data/action/detail/move_rot__functions.c
[23.071s] -- Installing: /workspace/install/ros2_data/include/ros2_data/ros2_data/action/detail/move_rot__functions.h
[23.072s] -- Installing: /workspace/install/ros2_data/include/ros2_data/ros2_data/action/detail/move_rp__struct.h
[23.072s] -- Installing: /workspace/install/ros2_data/include/ros2_data/ros2_data/action/detail/move_rot__type_support.h
[23.072s] -- Installing: /workspace/install/ros2_data/include/ros2_data/ros2_data/action/detail/move_l__functions.h
[23.072s] -- Installing: /workspace/install/ros2_data/include/ros2_data/ros2_data/action/detail/move_ypr__struct.h
[23.072s] -- Installing: /workspace/install/ros2_data/include/ros2_data/ros2_data/action/detail/move_ypr__type_support.h
[23.072s] -- Installing: /workspace/install/ros2_data/include/ros2_data/ros2_data/action/detail/move_xyz__functions.h
[23.073s] -- Installing: /workspace/install/ros2_data/include/ros2_data/ros2_data/action/detail/move_js__struct.h
[23.073s] -- Installing: /workspace/install/ros2_data/include/ros2_data/ros2_data/action/detail/move_l__struct.h
[23.073s] -- Installing: /workspace/install/ros2_data/include/ros2_data/ros2_data/action/detail/move_ypr__functions.c
[23.073s] -- Installing: /workspace/install/ros2_data/include/ros2_data/ros2_data/action/detail/move_js__type_support.h
[23.073s] -- Installing: /workspace/install/ros2_data/include/ros2_data/ros2_data/action/detail/move_g__functions.h
[23.074s] -- Installing: /workspace/install/ros2_data/include/ros2_data/ros2_data/action/detail/move_l__type_support.h
[23.074s] -- Installing: /workspace/install/ros2_data/include/ros2_data/ros2_data/action/detail/move_xyzw__functions.c
[23.074s] -- Installing: /workspace/install/ros2_data/include/ros2_data/ros2_data/action/detail/move_xyzw__struct.h
[23.074s] -- Installing: /workspace/install/ros2_data/include/ros2_data/ros2_data/action/detail/move_j__struct.h
[23.075s] -- Installing: /workspace/install/ros2_data/include/ros2_data/ros2_data/action/detail/move_rp__functions.c
[23.075s] -- Installing: /workspace/install/ros2_data/include/ros2_data/ros2_data/action/detail/move_xyz__functions.c
[23.075s] -- Installing: /workspace/install/ros2_data/include/ros2_data/ros2_data/action/detail/move_xyzw__functions.h
[23.075s] -- Installing: /workspace/install/ros2_data/include/ros2_data/ros2_data/action/detail/move_rp__functions.h
[23.076s] -- Installing: /workspace/install/ros2_data/include/ros2_data/ros2_data/action/detail/move_r__functions.h
[23.076s] -- Installing: /workspace/install/ros2_data/include/ros2_data/ros2_data/action/detail/move_xyz__type_support.h
[23.076s] -- Installing: /workspace/install/ros2_data/include/ros2_data/ros2_data/action/move_j.h
[23.076s] -- Installing: /workspace/install/ros2_data/include/ros2_data/ros2_data/action/move_rot.h
[23.077s] -- Installing: /workspace/install/ros2_data/include/ros2_data/ros2_data/action/move_l.h
[23.077s] -- Installing: /workspace/install/ros2_data/include/ros2_data/ros2_data/action/move_xyz.h
[23.077s] -- Installing: /workspace/install/ros2_data/include/ros2_data/ros2_data/action/move_r.h
[23.077s] -- Installing: /workspace/install/ros2_data/include/ros2_data/ros2_data/action/move_rp.h
[23.077s] -- Installing: /workspace/install/ros2_data/include/ros2_data/ros2_data/action/move_ypr.h
[23.077s] -- Installing: /workspace/install/ros2_data/include/ros2_data/ros2_data/action/move_js.h
[23.077s] -- Installing: /workspace/install/ros2_data/include/ros2_data/ros2_data/msg
[23.078s] -- Installing: /workspace/install/ros2_data/include/ros2_data/ros2_data/msg/detail
[23.078s] -- Installing: /workspace/install/ros2_data/include/ros2_data/ros2_data/msg/detail/joint_pose_s__functions.h
[23.078s] -- Installing: /workspace/install/ros2_data/include/ros2_data/ros2_data/msg/detail/joint_pose_s__struct.h
[23.078s] -- Installing: /workspace/install/ros2_data/include/ros2_data/ros2_data/msg/detail/joint_pose__struct.h
[23.078s] -- Installing: /workspace/install/ros2_data/include/ros2_data/ros2_data/msg/detail/joint_pose_s__functions.c
[23.078s] -- Installing: /workspace/install/ros2_data/include/ros2_data/ros2_data/msg/detail/joint_pose__functions.c
[23.079s] -- Installing: /workspace/install/ros2_data/include/ros2_data/ros2_data/msg/detail/joint_pose__type_support.h
[23.079s] -- Installing: /workspace/install/ros2_data/include/ros2_data/ros2_data/msg/detail/joint_pose_s__type_support.h
[23.079s] -- Installing: /workspace/install/ros2_data/include/ros2_data/ros2_data/msg/detail/joint_pose__functions.h
[23.079s] -- Installing: /workspace/install/ros2_data/include/ros2_data/ros2_data/msg/rosidl_generator_c__visibility_control.h
[23.079s] -- Installing: /workspace/install/ros2_data/include/ros2_data/ros2_data/msg/joint_pose.h
[23.079s] -- Installing: /workspace/install/ros2_data/include/ros2_data/ros2_data/msg/joint_pose_s.h
[23.079s] -- Installing: /workspace/install/ros2_data/share/ros2_data/environment/library_path.sh
[23.080s] -- Installing: /workspace/install/ros2_data/share/ros2_data/environment/library_path.dsv
[23.080s] -- Installing: /workspace/install/ros2_data/lib/libros2_data__rosidl_generator_c.so
[23.081s] -- Set runtime path of "/workspace/install/ros2_data/lib/libros2_data__rosidl_generator_c.so" to ""
[23.081s] -- Up-to-date: /workspace/install/ros2_data/include/ros2_data/ros2_data
[23.081s] -- Up-to-date: /workspace/install/ros2_data/include/ros2_data/ros2_data/action
[23.081s] -- Up-to-date: /workspace/install/ros2_data/include/ros2_data/ros2_data/action/detail
[23.081s] -- Installing: /workspace/install/ros2_data/include/ros2_data/ros2_data/action/detail/move_xyzw__rosidl_typesupport_fastrtps_c.h
[23.082s] -- Installing: /workspace/install/ros2_data/include/ros2_data/ros2_data/action/detail/move_r__rosidl_typesupport_fastrtps_c.h
[23.082s] -- Installing: /workspace/install/ros2_data/include/ros2_data/ros2_data/action/detail/move_js__rosidl_typesupport_fastrtps_c.h
[23.082s] -- Installing: /workspace/install/ros2_data/include/ros2_data/ros2_data/action/detail/move_rp__rosidl_typesupport_fastrtps_c.h
[23.082s] -- Installing: /workspace/install/ros2_data/include/ros2_data/ros2_data/action/detail/move_g__rosidl_typesupport_fastrtps_c.h
[23.082s] -- Installing: /workspace/install/ros2_data/include/ros2_data/ros2_data/action/detail/move_ypr__rosidl_typesupport_fastrtps_c.h
[23.082s] -- Installing: /workspace/install/ros2_data/include/ros2_data/ros2_data/action/detail/move_xyz__rosidl_typesupport_fastrtps_c.h
[23.082s] -- Installing: /workspace/install/ros2_data/include/ros2_data/ros2_data/action/detail/move_l__rosidl_typesupport_fastrtps_c.h
[23.083s] -- Installing: /workspace/install/ros2_data/include/ros2_data/ros2_data/action/detail/move_j__rosidl_typesupport_fastrtps_c.h
[23.083s] -- Installing: /workspace/install/ros2_data/include/ros2_data/ros2_data/action/detail/move_rot__rosidl_typesupport_fastrtps_c.h
[23.083s] -- Up-to-date: /workspace/install/ros2_data/include/ros2_data/ros2_data/msg
[23.083s] -- Up-to-date: /workspace/install/ros2_data/include/ros2_data/ros2_data/msg/detail
[23.083s] -- Installing: /workspace/install/ros2_data/include/ros2_data/ros2_data/msg/detail/joint_pose_s__rosidl_typesupport_fastrtps_c.h
[23.083s] -- Installing: /workspace/install/ros2_data/include/ros2_data/ros2_data/msg/detail/joint_pose__rosidl_typesupport_fastrtps_c.h
[23.083s] -- Installing: /workspace/install/ros2_data/include/ros2_data/ros2_data/msg/rosidl_typesupport_fastrtps_c__visibility_control.h
[23.083s] -- Installing: /workspace/install/ros2_data/lib/libros2_data__rosidl_typesupport_fastrtps_c.so
[23.085s] -- Set runtime path of "/workspace/install/ros2_data/lib/libros2_data__rosidl_typesupport_fastrtps_c.so" to ""
[23.085s] -- Up-to-date: /workspace/install/ros2_data/include/ros2_data/ros2_data
[23.085s] -- Up-to-date: /workspace/install/ros2_data/include/ros2_data/ros2_data/action
[23.085s] -- Up-to-date: /workspace/install/ros2_data/include/ros2_data/ros2_data/action/detail
[23.086s] -- Installing: /workspace/install/ros2_data/include/ros2_data/ros2_data/action/detail/move_xyz__rosidl_typesupport_introspection_c.h
[23.086s] -- Installing: /workspace/install/ros2_data/include/ros2_data/ros2_data/action/detail/move_rp__rosidl_typesupport_introspection_c.h
[23.086s] -- Installing: /workspace/install/ros2_data/include/ros2_data/ros2_data/action/detail/move_g__type_support.c
[23.086s] -- Installing: /workspace/install/ros2_data/include/ros2_data/ros2_data/action/detail/move_xyzw__rosidl_typesupport_introspection_c.h
[23.086s] -- Installing: /workspace/install/ros2_data/include/ros2_data/ros2_data/action/detail/move_rot__type_support.c
[23.086s] -- Installing: /workspace/install/ros2_data/include/ros2_data/ros2_data/action/detail/move_ypr__rosidl_typesupport_introspection_c.h
[23.087s] -- Installing: /workspace/install/ros2_data/include/ros2_data/ros2_data/action/detail/move_r__rosidl_typesupport_introspection_c.h
[23.087s] -- Installing: /workspace/install/ros2_data/include/ros2_data/ros2_data/action/detail/move_rp__type_support.c
[23.087s] -- Installing: /workspace/install/ros2_data/include/ros2_data/ros2_data/action/detail/move_r__type_support.c
[23.087s] -- Installing: /workspace/install/ros2_data/include/ros2_data/ros2_data/action/detail/move_l__type_support.c
[23.087s] -- Installing: /workspace/install/ros2_data/include/ros2_data/ros2_data/action/detail/move_js__type_support.c
[23.087s] -- Installing: /workspace/install/ros2_data/include/ros2_data/ros2_data/action/detail/move_rot__rosidl_typesupport_introspection_c.h
[23.088s] -- Installing: /workspace/install/ros2_data/include/ros2_data/ros2_data/action/detail/move_l__rosidl_typesupport_introspection_c.h
[23.088s] -- Installing: /workspace/install/ros2_data/include/ros2_data/ros2_data/action/detail/move_ypr__type_support.c
[23.088s] -- Installing: /workspace/install/ros2_data/include/ros2_data/ros2_data/action/detail/move_j__rosidl_typesupport_introspection_c.h
[23.088s] -- Installing: /workspace/install/ros2_data/include/ros2_data/ros2_data/action/detail/move_xyzw__type_support.c
[23.088s] -- Installing: /workspace/install/ros2_data/include/ros2_data/ros2_data/action/detail/move_g__rosidl_typesupport_introspection_c.h
[23.089s] -- Installing: /workspace/install/ros2_data/include/ros2_data/ros2_data/action/detail/move_j__type_support.c
[23.089s] -- Installing: /workspace/install/ros2_data/include/ros2_data/ros2_data/action/detail/move_xyz__type_support.c
[23.089s] -- Installing: /workspace/install/ros2_data/include/ros2_data/ros2_data/action/detail/move_js__rosidl_typesupport_introspection_c.h
[23.089s] -- Up-to-date: /workspace/install/ros2_data/include/ros2_data/ros2_data/msg
[23.089s] -- Installing: /workspace/install/ros2_data/include/ros2_data/ros2_data/msg/rosidl_typesupport_introspection_c__visibility_control.h
[23.089s] -- Up-to-date: /workspace/install/ros2_data/include/ros2_data/ros2_data/msg/detail
[23.090s] -- Installing: /workspace/install/ros2_data/include/ros2_data/ros2_data/msg/detail/joint_pose__type_support.c
[23.090s] -- Installing: /workspace/install/ros2_data/include/ros2_data/ros2_data/msg/detail/joint_pose__rosidl_typesupport_introspection_c.h
[23.090s] -- Installing: /workspace/install/ros2_data/include/ros2_data/ros2_data/msg/detail/joint_pose_s__rosidl_typesupport_introspection_c.h
[23.090s] -- Installing: /workspace/install/ros2_data/include/ros2_data/ros2_data/msg/detail/joint_pose_s__type_support.c
[23.090s] -- Installing: /workspace/install/ros2_data/lib/libros2_data__rosidl_typesupport_introspection_c.so
[23.092s] -- Set runtime path of "/workspace/install/ros2_data/lib/libros2_data__rosidl_typesupport_introspection_c.so" to ""
[23.092s] -- Installing: /workspace/install/ros2_data/lib/libros2_data__rosidl_typesupport_c.so
[23.093s] -- Set runtime path of "/workspace/install/ros2_data/lib/libros2_data__rosidl_typesupport_c.so" to ""
[23.094s] -- Up-to-date: /workspace/install/ros2_data/include/ros2_data/ros2_data
[23.094s] -- Up-to-date: /workspace/install/ros2_data/include/ros2_data/ros2_data/action
[23.094s] -- Installing: /workspace/install/ros2_data/include/ros2_data/ros2_data/action/move_j.hpp
[23.094s] -- Installing: /workspace/install/ros2_data/include/ros2_data/ros2_data/action/move_rot.hpp
[23.094s] -- Installing: /workspace/install/ros2_data/include/ros2_data/ros2_data/action/move_js.hpp
[23.094s] -- Up-to-date: /workspace/install/ros2_data/include/ros2_data/ros2_data/action/detail
[23.094s] -- Installing: /workspace/install/ros2_data/include/ros2_data/ros2_data/action/detail/move_js__struct.hpp
[23.094s] -- Installing: /workspace/install/ros2_data/include/ros2_data/ros2_data/action/detail/move_l__traits.hpp
[23.095s] -- Installing: /workspace/install/ros2_data/include/ros2_data/ros2_data/action/detail/move_g__traits.hpp
[23.095s] -- Installing: /workspace/install/ros2_data/include/ros2_data/ros2_data/action/detail/move_rot__builder.hpp
[23.095s] -- Installing: /workspace/install/ros2_data/include/ros2_data/ros2_data/action/detail/move_g__builder.hpp
[23.095s] -- Installing: /workspace/install/ros2_data/include/ros2_data/ros2_data/action/detail/move_ypr__struct.hpp
[23.095s] -- Installing: /workspace/install/ros2_data/include/ros2_data/ros2_data/action/detail/move_r__struct.hpp
[23.095s] -- Installing: /workspace/install/ros2_data/include/ros2_data/ros2_data/action/detail/move_js__builder.hpp
[23.096s] -- Installing: /workspace/install/ros2_data/include/ros2_data/ros2_data/action/detail/move_xyz__builder.hpp
[23.096s] -- Installing: /workspace/install/ros2_data/include/ros2_data/ros2_data/action/detail/move_js__traits.hpp
[23.096s] -- Installing: /workspace/install/ros2_data/include/ros2_data/ros2_data/action/detail/move_xyzw__traits.hpp
[23.096s] -- Installing: /workspace/install/ros2_data/include/ros2_data/ros2_data/action/detail/move_j__traits.hpp
[23.096s] -- Installing: /workspace/install/ros2_data/include/ros2_data/ros2_data/action/detail/move_xyz__struct.hpp
[23.096s] -- Installing: /workspace/install/ros2_data/include/ros2_data/ros2_data/action/detail/move_l__builder.hpp
[23.096s] -- Installing: /workspace/install/ros2_data/include/ros2_data/ros2_data/action/detail/move_xyzw__builder.hpp
[23.096s] -- Installing: /workspace/install/ros2_data/include/ros2_data/ros2_data/action/detail/move_r__builder.hpp
[23.096s] -- Installing: /workspace/install/ros2_data/include/ros2_data/ros2_data/action/detail/move_rot__struct.hpp
[23.097s] -- Installing: /workspace/install/ros2_data/include/ros2_data/ros2_data/action/detail/move_rp__struct.hpp
[23.097s] -- Installing: /workspace/install/ros2_data/include/ros2_data/ros2_data/action/detail/move_xyzw__struct.hpp
[23.097s] -- Installing: /workspace/install/ros2_data/include/ros2_data/ros2_data/action/detail/move_xyz__traits.hpp
[23.097s] -- Installing: /workspace/install/ros2_data/include/ros2_data/ros2_data/action/detail/move_rot__traits.hpp
[23.097s] -- Installing: /workspace/install/ros2_data/include/ros2_data/ros2_data/action/detail/move_l__struct.hpp
[23.097s] -- Installing: /workspace/install/ros2_data/include/ros2_data/ros2_data/action/detail/move_rp__traits.hpp
[23.098s] -- Installing: /workspace/install/ros2_data/include/ros2_data/ros2_data/action/detail/move_r__traits.hpp
[23.098s] -- Installing: /workspace/install/ros2_data/include/ros2_data/ros2_data/action/detail/move_ypr__traits.hpp
[23.098s] -- Installing: /workspace/install/ros2_data/include/ros2_data/ros2_data/action/detail/move_g__struct.hpp
[23.098s] -- Installing: /workspace/install/ros2_data/include/ros2_data/ros2_data/action/detail/move_j__struct.hpp
[23.098s] -- Installing: /workspace/install/ros2_data/include/ros2_data/ros2_data/action/detail/move_j__builder.hpp
[23.098s] -- Installing: /workspace/install/ros2_data/include/ros2_data/ros2_data/action/detail/move_ypr__builder.hpp
[23.098s] -- Installing: /workspace/install/ros2_data/include/ros2_data/ros2_data/action/detail/move_rp__builder.hpp
[23.099s] -- Installing: /workspace/install/ros2_data/include/ros2_data/ros2_data/action/move_xyz.hpp
[23.099s] -- Installing: /workspace/install/ros2_data/include/ros2_data/ros2_data/action/move_g.hpp
[23.099s] -- Installing: /workspace/install/ros2_data/include/ros2_data/ros2_data/action/move_r.hpp
[23.099s] -- Installing: /workspace/install/ros2_data/include/ros2_data/ros2_data/action/move_l.hpp
[23.099s] -- Installing: /workspace/install/ros2_data/include/ros2_data/ros2_data/action/move_xyzw.hpp
[23.099s] -- Installing: /workspace/install/ros2_data/include/ros2_data/ros2_data/action/move_rp.hpp
[23.100s] -- Installing: /workspace/install/ros2_data/include/ros2_data/ros2_data/action/move_ypr.hpp
[23.100s] -- Up-to-date: /workspace/install/ros2_data/include/ros2_data/ros2_data/msg
[23.100s] -- Up-to-date: /workspace/install/ros2_data/include/ros2_data/ros2_data/msg/detail
[23.100s] -- Installing: /workspace/install/ros2_data/include/ros2_data/ros2_data/msg/detail/joint_pose_s__struct.hpp
[23.101s] -- Installing: /workspace/install/ros2_data/include/ros2_data/ros2_data/msg/detail/joint_pose__builder.hpp
[23.101s] -- Installing: /workspace/install/ros2_data/include/ros2_data/ros2_data/msg/detail/joint_pose_s__builder.hpp
[23.102s] -- Installing: /workspace/install/ros2_data/include/ros2_data/ros2_data/msg/detail/joint_pose_s__traits.hpp
[23.102s] -- Installing: /workspace/install/ros2_data/include/ros2_data/ros2_data/msg/detail/joint_pose__traits.hpp
[23.102s] -- Installing: /workspace/install/ros2_data/include/ros2_data/ros2_data/msg/detail/joint_pose__struct.hpp
[23.102s] -- Installing: /workspace/install/ros2_data/include/ros2_data/ros2_data/msg/joint_pose.hpp
[23.103s] -- Installing: /workspace/install/ros2_data/include/ros2_data/ros2_data/msg/joint_pose_s.hpp
[23.103s] -- Up-to-date: /workspace/install/ros2_data/include/ros2_data/ros2_data
[23.103s] -- Up-to-date: /workspace/install/ros2_data/include/ros2_data/ros2_data/action
[23.103s] -- Up-to-date: /workspace/install/ros2_data/include/ros2_data/ros2_data/action/detail
[23.104s] -- Installing: /workspace/install/ros2_data/include/ros2_data/ros2_data/action/detail/move_ypr__rosidl_typesupport_fastrtps_cpp.hpp
[23.104s] -- Installing: /workspace/install/ros2_data/include/ros2_data/ros2_data/action/detail/move_l__rosidl_typesupport_fastrtps_cpp.hpp
[23.104s] -- Installing: /workspace/install/ros2_data/include/ros2_data/ros2_data/action/detail/move_rp__rosidl_typesupport_fastrtps_cpp.hpp
[23.104s] -- Installing: /workspace/install/ros2_data/include/ros2_data/ros2_data/action/detail/move_r__rosidl_typesupport_fastrtps_cpp.hpp
[23.104s] -- Installing: /workspace/install/ros2_data/include/ros2_data/ros2_data/action/detail/move_j__rosidl_typesupport_fastrtps_cpp.hpp
[23.104s] -- Installing: /workspace/install/ros2_data/include/ros2_data/ros2_data/action/detail/move_xyz__rosidl_typesupport_fastrtps_cpp.hpp
[23.104s] -- Installing: /workspace/install/ros2_data/include/ros2_data/ros2_data/action/detail/move_rot__rosidl_typesupport_fastrtps_cpp.hpp
[23.104s] -- Installing: /workspace/install/ros2_data/include/ros2_data/ros2_data/action/detail/dds_fastrtps
[23.105s] -- Installing: /workspace/install/ros2_data/include/ros2_data/ros2_data/action/detail/move_js__rosidl_typesupport_fastrtps_cpp.hpp
[23.105s] -- Installing: /workspace/install/ros2_data/include/ros2_data/ros2_data/action/detail/move_xyzw__rosidl_typesupport_fastrtps_cpp.hpp
[23.105s] -- Installing: /workspace/install/ros2_data/include/ros2_data/ros2_data/action/detail/move_g__rosidl_typesupport_fastrtps_cpp.hpp
[23.105s] -- Up-to-date: /workspace/install/ros2_data/include/ros2_data/ros2_data/msg
[23.105s] -- Up-to-date: /workspace/install/ros2_data/include/ros2_data/ros2_data/msg/detail
[23.105s] -- Installing: /workspace/install/ros2_data/include/ros2_data/ros2_data/msg/detail/joint_pose_s__rosidl_typesupport_fastrtps_cpp.hpp
[23.105s] -- Installing: /workspace/install/ros2_data/include/ros2_data/ros2_data/msg/detail/dds_fastrtps
[23.105s] -- Installing: /workspace/install/ros2_data/include/ros2_data/ros2_data/msg/detail/joint_pose__rosidl_typesupport_fastrtps_cpp.hpp
[23.105s] -- Installing: /workspace/install/ros2_data/include/ros2_data/ros2_data/msg/rosidl_typesupport_fastrtps_cpp__visibility_control.h
[23.106s] -- Installing: /workspace/install/ros2_data/lib/libros2_data__rosidl_typesupport_fastrtps_cpp.so
[23.106s] -- Set runtime path of "/workspace/install/ros2_data/lib/libros2_data__rosidl_typesupport_fastrtps_cpp.so" to ""
[23.106s] -- Up-to-date: /workspace/install/ros2_data/include/ros2_data/ros2_data
[23.106s] -- Up-to-date: /workspace/install/ros2_data/include/ros2_data/ros2_data/action
[23.106s] -- Up-to-date: /workspace/install/ros2_data/include/ros2_data/ros2_data/action/detail
[23.106s] -- Installing: /workspace/install/ros2_data/include/ros2_data/ros2_data/action/detail/move_js__type_support.cpp
[23.106s] -- Installing: /workspace/install/ros2_data/include/ros2_data/ros2_data/action/detail/move_ypr__rosidl_typesupport_introspection_cpp.hpp
[23.106s] -- Installing: /workspace/install/ros2_data/include/ros2_data/ros2_data/action/detail/move_l__type_support.cpp
[23.106s] -- Installing: /workspace/install/ros2_data/include/ros2_data/ros2_data/action/detail/move_g__type_support.cpp
[23.106s] -- Installing: /workspace/install/ros2_data/include/ros2_data/ros2_data/action/detail/move_l__rosidl_typesupport_introspection_cpp.hpp
[23.107s] -- Installing: /workspace/install/ros2_data/include/ros2_data/ros2_data/action/detail/move_ypr__type_support.cpp
[23.107s] -- Installing: /workspace/install/ros2_data/include/ros2_data/ros2_data/action/detail/move_r__rosidl_typesupport_introspection_cpp.hpp
[23.107s] -- Installing: /workspace/install/ros2_data/include/ros2_data/ros2_data/action/detail/move_xyz__rosidl_typesupport_introspection_cpp.hpp
[23.107s] -- Installing: /workspace/install/ros2_data/include/ros2_data/ros2_data/action/detail/move_xyzw__rosidl_typesupport_introspection_cpp.hpp
[23.107s] -- Installing: /workspace/install/ros2_data/include/ros2_data/ros2_data/action/detail/move_j__type_support.cpp
[23.107s] -- Installing: /workspace/install/ros2_data/include/ros2_data/ros2_data/action/detail/move_js__rosidl_typesupport_introspection_cpp.hpp
[23.108s] -- Installing: /workspace/install/ros2_data/include/ros2_data/ros2_data/action/detail/move_rp__rosidl_typesupport_introspection_cpp.hpp
[23.108s] -- Installing: /workspace/install/ros2_data/include/ros2_data/ros2_data/action/detail/move_xyz__type_support.cpp
[23.108s] -- Installing: /workspace/install/ros2_data/include/ros2_data/ros2_data/action/detail/move_j__rosidl_typesupport_introspection_cpp.hpp
[23.108s] -- Installing: /workspace/install/ros2_data/include/ros2_data/ros2_data/action/detail/move_xyzw__type_support.cpp
[23.108s] -- Installing: /workspace/install/ros2_data/include/ros2_data/ros2_data/action/detail/move_rp__type_support.cpp
[23.108s] -- Installing: /workspace/install/ros2_data/include/ros2_data/ros2_data/action/detail/move_rot__type_support.cpp
[23.109s] -- Installing: /workspace/install/ros2_data/include/ros2_data/ros2_data/action/detail/move_r__type_support.cpp
[23.109s] -- Installing: /workspace/install/ros2_data/include/ros2_data/ros2_data/action/detail/move_g__rosidl_typesupport_introspection_cpp.hpp
[23.109s] -- Installing: /workspace/install/ros2_data/include/ros2_data/ros2_data/action/detail/move_rot__rosidl_typesupport_introspection_cpp.hpp
[23.109s] -- Up-to-date: /workspace/install/ros2_data/include/ros2_data/ros2_data/msg
[23.110s] -- Up-to-date: /workspace/install/ros2_data/include/ros2_data/ros2_data/msg/detail
[23.110s] -- Installing: /workspace/install/ros2_data/include/ros2_data/ros2_data/msg/detail/joint_pose__type_support.cpp
[23.110s] -- Installing: /workspace/install/ros2_data/include/ros2_data/ros2_data/msg/detail/joint_pose_s__type_support.cpp
[23.110s] -- Installing: /workspace/install/ros2_data/include/ros2_data/ros2_data/msg/detail/joint_pose__rosidl_typesupport_introspection_cpp.hpp
[23.110s] -- Installing: /workspace/install/ros2_data/include/ros2_data/ros2_data/msg/detail/joint_pose_s__rosidl_typesupport_introspection_cpp.hpp
[23.111s] -- Installing: /workspace/install/ros2_data/lib/libros2_data__rosidl_typesupport_introspection_cpp.so
[23.112s] -- Set runtime path of "/workspace/install/ros2_data/lib/libros2_data__rosidl_typesupport_introspection_cpp.so" to ""
[23.113s] -- Installing: /workspace/install/ros2_data/lib/libros2_data__rosidl_typesupport_cpp.so
[23.113s] -- Set runtime path of "/workspace/install/ros2_data/lib/libros2_data__rosidl_typesupport_cpp.so" to ""
[23.113s] -- Installing: /workspace/install/ros2_data/share/ros2_data/environment/pythonpath.sh
[23.113s] -- Installing: /workspace/install/ros2_data/share/ros2_data/environment/pythonpath.dsv
[23.114s] -- Installing: /workspace/install/ros2_data/local/lib/python3.10/dist-packages/ros2_data-0.0.0-py3.10.egg-info
[23.114s] -- Installing: /workspace/install/ros2_data/local/lib/python3.10/dist-packages/ros2_data-0.0.0-py3.10.egg-info/SOURCES.txt
[23.114s] -- Installing: /workspace/install/ros2_data/local/lib/python3.10/dist-packages/ros2_data-0.0.0-py3.10.egg-info/dependency_links.txt
[23.114s] -- Installing: /workspace/install/ros2_data/local/lib/python3.10/dist-packages/ros2_data-0.0.0-py3.10.egg-info/top_level.txt
[23.115s] -- Installing: /workspace/install/ros2_data/local/lib/python3.10/dist-packages/ros2_data-0.0.0-py3.10.egg-info/PKG-INFO
[23.115s] -- Installing: /workspace/install/ros2_data/local/lib/python3.10/dist-packages/ros2_data
[23.115s] -- Installing: /workspace/install/ros2_data/local/lib/python3.10/dist-packages/ros2_data/action
[23.115s] -- Installing: /workspace/install/ros2_data/local/lib/python3.10/dist-packages/ros2_data/action/_move_g.py
[23.115s] -- Installing: /workspace/install/ros2_data/local/lib/python3.10/dist-packages/ros2_data/action/_move_j_s.c
[23.116s] -- Installing: /workspace/install/ros2_data/local/lib/python3.10/dist-packages/ros2_data/action/_move_ypr_s.c
[23.116s] -- Installing: /workspace/install/ros2_data/local/lib/python3.10/dist-packages/ros2_data/action/_move_rot_s.c
[23.116s] -- Installing: /workspace/install/ros2_data/local/lib/python3.10/dist-packages/ros2_data/action/_move_js_s.c
[23.116s] -- Installing: /workspace/install/ros2_data/local/lib/python3.10/dist-packages/ros2_data/action/_move_r.py
[23.116s] -- Installing: /workspace/install/ros2_data/local/lib/python3.10/dist-packages/ros2_data/action/_move_g_s.c
[23.116s] -- Installing: /workspace/install/ros2_data/local/lib/python3.10/dist-packages/ros2_data/action/_move_js.py
[23.117s] -- Installing: /workspace/install/ros2_data/local/lib/python3.10/dist-packages/ros2_data/action/_move_xyzw_s.c
[23.117s] -- Installing: /workspace/install/ros2_data/local/lib/python3.10/dist-packages/ros2_data/action/_move_xyz_s.c
[23.117s] -- Installing: /workspace/install/ros2_data/local/lib/python3.10/dist-packages/ros2_data/action/_move_l.py
[23.117s] -- Installing: /workspace/install/ros2_data/local/lib/python3.10/dist-packages/ros2_data/action/_move_rp_s.c
[23.117s] -- Installing: /workspace/install/ros2_data/local/lib/python3.10/dist-packages/ros2_data/action/_move_l_s.c
[23.118s] -- Installing: /workspace/install/ros2_data/local/lib/python3.10/dist-packages/ros2_data/action/_move_r_s.c
[23.118s] -- Installing: /workspace/install/ros2_data/local/lib/python3.10/dist-packages/ros2_data/action/__init__.py
[23.118s] -- Installing: /workspace/install/ros2_data/local/lib/python3.10/dist-packages/ros2_data/action/_move_xyzw.py
[23.119s] -- Installing: /workspace/install/ros2_data/local/lib/python3.10/dist-packages/ros2_data/action/_move_xyz.py
[23.119s] -- Installing: /workspace/install/ros2_data/local/lib/python3.10/dist-packages/ros2_data/action/_move_rot.py
[23.119s] -- Installing: /workspace/install/ros2_data/local/lib/python3.10/dist-packages/ros2_data/action/_move_j.py
[23.120s] -- Installing: /workspace/install/ros2_data/local/lib/python3.10/dist-packages/ros2_data/action/_move_ypr.py
[23.120s] -- Installing: /workspace/install/ros2_data/local/lib/python3.10/dist-packages/ros2_data/action/_move_rp.py
[23.120s] -- Installing: /workspace/install/ros2_data/local/lib/python3.10/dist-packages/ros2_data/_ros2_data_s.ep.rosidl_typesupport_c.c
[23.121s] -- Installing: /workspace/install/ros2_data/local/lib/python3.10/dist-packages/ros2_data/_ros2_data_s.ep.rosidl_typesupport_fastrtps_c.c
[23.121s] -- Installing: /workspace/install/ros2_data/local/lib/python3.10/dist-packages/ros2_data/libros2_data__rosidl_generator_py.so
[23.122s] -- Installing: /workspace/install/ros2_data/local/lib/python3.10/dist-packages/ros2_data/ros2_data_s__rosidl_typesupport_fastrtps_c.cpython-310-x86_64-linux-gnu.so
[23.123s] -- Installing: /workspace/install/ros2_data/local/lib/python3.10/dist-packages/ros2_data/ros2_data_s__rosidl_typesupport_introspection_c.cpython-310-x86_64-linux-gnu.so
[23.123s] -- Installing: /workspace/install/ros2_data/local/lib/python3.10/dist-packages/ros2_data/msg
[23.124s] -- Installing: /workspace/install/ros2_data/local/lib/python3.10/dist-packages/ros2_data/msg/_joint_pose_s_s.c
[23.124s] -- Installing: /workspace/install/ros2_data/local/lib/python3.10/dist-packages/ros2_data/msg/_joint_pose_s.c
[23.124s] -- Installing: /workspace/install/ros2_data/local/lib/python3.10/dist-packages/ros2_data/msg/_joint_pose_s.py
[23.124s] -- Installing: /workspace/install/ros2_data/local/lib/python3.10/dist-packages/ros2_data/msg/_joint_pose.py
[23.124s] -- Installing: /workspace/install/ros2_data/local/lib/python3.10/dist-packages/ros2_data/msg/__init__.py
[23.124s] -- Installing: /workspace/install/ros2_data/local/lib/python3.10/dist-packages/ros2_data/__init__.py
[23.125s] -- Installing: /workspace/install/ros2_data/local/lib/python3.10/dist-packages/ros2_data/ros2_data_s__rosidl_typesupport_c.cpython-310-x86_64-linux-gnu.so
[23.125s] -- Installing: /workspace/install/ros2_data/local/lib/python3.10/dist-packages/ros2_data/_ros2_data_s.ep.rosidl_typesupport_introspection_c.c
[23.211s] Listing '/workspace/install/ros2_data/local/lib/python3.10/dist-packages/ros2_data'...
[23.211s] Compiling '/workspace/install/ros2_data/local/lib/python3.10/dist-packages/ros2_data/__init__.py'...
[23.211s] Listing '/workspace/install/ros2_data/local/lib/python3.10/dist-packages/ros2_data/action'...
[23.211s] Compiling '/workspace/install/ros2_data/local/lib/python3.10/dist-packages/ros2_data/action/__init__.py'...
[23.211s] Compiling '/workspace/install/ros2_data/local/lib/python3.10/dist-packages/ros2_data/action/_move_g.py'...
[23.211s] Compiling '/workspace/install/ros2_data/local/lib/python3.10/dist-packages/ros2_data/action/_move_j.py'...
[23.211s] Compiling '/workspace/install/ros2_data/local/lib/python3.10/dist-packages/ros2_data/action/_move_js.py'...
[23.211s] Compiling '/workspace/install/ros2_data/local/lib/python3.10/dist-packages/ros2_data/action/_move_l.py'...
[23.211s] Compiling '/workspace/install/ros2_data/local/lib/python3.10/dist-packages/ros2_data/action/_move_r.py'...
[23.211s] Compiling '/workspace/install/ros2_data/local/lib/python3.10/dist-packages/ros2_data/action/_move_rot.py'...
[23.211s] Compiling '/workspace/install/ros2_data/local/lib/python3.10/dist-packages/ros2_data/action/_move_rp.py'...
[23.211s] Compiling '/workspace/install/ros2_data/local/lib/python3.10/dist-packages/ros2_data/action/_move_xyz.py'...
[23.211s] Compiling '/workspace/install/ros2_data/local/lib/python3.10/dist-packages/ros2_data/action/_move_xyzw.py'...
[23.212s] Compiling '/workspace/install/ros2_data/local/lib/python3.10/dist-packages/ros2_data/action/_move_ypr.py'...
[23.212s] Listing '/workspace/install/ros2_data/local/lib/python3.10/dist-packages/ros2_data/msg'...
[23.212s] Compiling '/workspace/install/ros2_data/local/lib/python3.10/dist-packages/ros2_data/msg/__init__.py'...
[23.212s] Compiling '/workspace/install/ros2_data/local/lib/python3.10/dist-packages/ros2_data/msg/_joint_pose.py'...
[23.212s] Compiling '/workspace/install/ros2_data/local/lib/python3.10/dist-packages/ros2_data/msg/_joint_pose_s.py'...
[23.215s] -- Installing: /workspace/install/ros2_data/local/lib/python3.10/dist-packages/ros2_data/ros2_data_s__rosidl_typesupport_fastrtps_c.cpython-310-x86_64-linux-gnu.so
[23.215s] -- Set runtime path of "/workspace/install/ros2_data/local/lib/python3.10/dist-packages/ros2_data/ros2_data_s__rosidl_typesupport_fastrtps_c.cpython-310-x86_64-linux-gnu.so" to ""
[23.216s] -- Installing: /workspace/install/ros2_data/local/lib/python3.10/dist-packages/ros2_data/ros2_data_s__rosidl_typesupport_introspection_c.cpython-310-x86_64-linux-gnu.so
[23.216s] -- Set runtime path of "/workspace/install/ros2_data/local/lib/python3.10/dist-packages/ros2_data/ros2_data_s__rosidl_typesupport_introspection_c.cpython-310-x86_64-linux-gnu.so" to ""
[23.216s] -- Installing: /workspace/install/ros2_data/local/lib/python3.10/dist-packages/ros2_data/ros2_data_s__rosidl_typesupport_c.cpython-310-x86_64-linux-gnu.so
[23.217s] -- Set runtime path of "/workspace/install/ros2_data/local/lib/python3.10/dist-packages/ros2_data/ros2_data_s__rosidl_typesupport_c.cpython-310-x86_64-linux-gnu.so" to ""
[23.217s] -- Installing: /workspace/install/ros2_data/lib/libros2_data__rosidl_generator_py.so
[23.218s] -- Set runtime path of "/workspace/install/ros2_data/lib/libros2_data__rosidl_generator_py.so" to ""
[23.218s] -- Installing: /workspace/install/ros2_data/share/ros2_data/msg/JointPose.idl
[23.218s] -- Installing: /workspace/install/ros2_data/share/ros2_data/msg/JointPoseS.idl
[23.218s] -- Installing: /workspace/install/ros2_data/share/ros2_data/action/MoveJ.idl
[23.218s] -- Installing: /workspace/install/ros2_data/share/ros2_data/action/MoveJs.idl
[23.218s] -- Installing: /workspace/install/ros2_data/share/ros2_data/action/MoveG.idl
[23.218s] -- Installing: /workspace/install/ros2_data/share/ros2_data/action/MoveXYZW.idl
[23.218s] -- Installing: /workspace/install/ros2_data/share/ros2_data/action/MoveL.idl
[23.218s] -- Installing: /workspace/install/ros2_data/share/ros2_data/action/MoveR.idl
[23.219s] -- Installing: /workspace/install/ros2_data/share/ros2_data/action/MoveXYZ.idl
[23.219s] -- Installing: /workspace/install/ros2_data/share/ros2_data/action/MoveYPR.idl
[23.219s] -- Installing: /workspace/install/ros2_data/share/ros2_data/action/MoveROT.idl
[23.219s] -- Installing: /workspace/install/ros2_data/share/ros2_data/action/MoveRP.idl
[23.219s] -- Installing: /workspace/install/ros2_data/share/ros2_data/msg/JointPose.msg
[23.219s] -- Installing: /workspace/install/ros2_data/share/ros2_data/msg/JointPoseS.msg
[23.219s] -- Installing: /workspace/install/ros2_data/share/ros2_data/action/MoveJ.action
[23.219s] -- Installing: /workspace/install/ros2_data/share/ros2_data/action/MoveJs.action
[23.219s] -- Installing: /workspace/install/ros2_data/share/ros2_data/action/MoveG.action
[23.220s] -- Installing: /workspace/install/ros2_data/share/ros2_data/action/MoveXYZW.action
[23.220s] -- Installing: /workspace/install/ros2_data/share/ros2_data/action/MoveL.action
[23.220s] -- Installing: /workspace/install/ros2_data/share/ros2_data/action/MoveR.action
[23.220s] -- Installing: /workspace/install/ros2_data/share/ros2_data/action/MoveXYZ.action
[23.220s] -- Installing: /workspace/install/ros2_data/share/ros2_data/action/MoveYPR.action
[23.220s] -- Installing: /workspace/install/ros2_data/share/ros2_data/action/MoveROT.action
[23.220s] -- Installing: /workspace/install/ros2_data/share/ros2_data/action/MoveRP.action
[23.220s] -- Installing: /workspace/install/ros2_data/share/ament_index/resource_index/package_run_dependencies/ros2_data
[23.220s] -- Installing: /workspace/install/ros2_data/share/ament_index/resource_index/parent_prefix_path/ros2_data
[23.221s] -- Installing: /workspace/install/ros2_data/share/ros2_data/environment/ament_prefix_path.sh
[23.221s] -- Installing: /workspace/install/ros2_data/share/ros2_data/environment/ament_prefix_path.dsv
[23.221s] -- Installing: /workspace/install/ros2_data/share/ros2_data/environment/path.sh
[23.221s] -- Installing: /workspace/install/ros2_data/share/ros2_data/environment/path.dsv
[23.221s] -- Installing: /workspace/install/ros2_data/share/ros2_data/local_setup.bash
[23.221s] -- Installing: /workspace/install/ros2_data/share/ros2_data/local_setup.sh
[23.221s] -- Installing: /workspace/install/ros2_data/share/ros2_data/local_setup.zsh
[23.221s] -- Installing: /workspace/install/ros2_data/share/ros2_data/local_setup.dsv
[23.221s] -- Installing: /workspace/install/ros2_data/share/ros2_data/package.dsv
[23.222s] -- Installing: /workspace/install/ros2_data/share/ament_index/resource_index/packages/ros2_data
[23.222s] -- Installing: /workspace/install/ros2_data/share/ros2_data/cmake/export_ros2_data__rosidl_generator_cExport.cmake
[23.222s] -- Installing: /workspace/install/ros2_data/share/ros2_data/cmake/export_ros2_data__rosidl_generator_cExport-noconfig.cmake
[23.222s] -- Installing: /workspace/install/ros2_data/share/ros2_data/cmake/export_ros2_data__rosidl_typesupport_fastrtps_cExport.cmake
[23.222s] -- Installing: /workspace/install/ros2_data/share/ros2_data/cmake/export_ros2_data__rosidl_typesupport_fastrtps_cExport-noconfig.cmake
[23.222s] -- Installing: /workspace/install/ros2_data/share/ros2_data/cmake/ros2_data__rosidl_typesupport_introspection_cExport.cmake
[23.222s] -- Installing: /workspace/install/ros2_data/share/ros2_data/cmake/ros2_data__rosidl_typesupport_introspection_cExport-noconfig.cmake
[23.223s] -- Installing: /workspace/install/ros2_data/share/ros2_data/cmake/ros2_data__rosidl_typesupport_cExport.cmake
[23.223s] -- Installing: /workspace/install/ros2_data/share/ros2_data/cmake/ros2_data__rosidl_typesupport_cExport-noconfig.cmake
[23.223s] -- Installing: /workspace/install/ros2_data/share/ros2_data/cmake/export_ros2_data__rosidl_generator_cppExport.cmake
[23.223s] -- Installing: /workspace/install/ros2_data/share/ros2_data/cmake/export_ros2_data__rosidl_typesupport_fastrtps_cppExport.cmake
[23.223s] -- Installing: /workspace/install/ros2_data/share/ros2_data/cmake/export_ros2_data__rosidl_typesupport_fastrtps_cppExport-noconfig.cmake
[23.223s] -- Installing: /workspace/install/ros2_data/share/ros2_data/cmake/ros2_data__rosidl_typesupport_introspection_cppExport.cmake
[23.223s] -- Installing: /workspace/install/ros2_data/share/ros2_data/cmake/ros2_data__rosidl_typesupport_introspection_cppExport-noconfig.cmake
[23.223s] -- Installing: /workspace/install/ros2_data/share/ros2_data/cmake/ros2_data__rosidl_typesupport_cppExport.cmake
[23.224s] -- Installing: /workspace/install/ros2_data/share/ros2_data/cmake/ros2_data__rosidl_typesupport_cppExport-noconfig.cmake
[23.224s] -- Installing: /workspace/install/ros2_data/share/ros2_data/cmake/export_ros2_data__rosidl_generator_pyExport.cmake
[23.224s] -- Installing: /workspace/install/ros2_data/share/ros2_data/cmake/export_ros2_data__rosidl_generator_pyExport-noconfig.cmake
[23.224s] -- Installing: /workspace/install/ros2_data/share/ros2_data/cmake/rosidl_cmake-extras.cmake
[23.224s] -- Installing: /workspace/install/ros2_data/share/ros2_data/cmake/ament_cmake_export_dependencies-extras.cmake
[23.224s] -- Installing: /workspace/install/ros2_data/share/ros2_data/cmake/ament_cmake_export_include_directories-extras.cmake
[23.224s] -- Installing: /workspace/install/ros2_data/share/ros2_data/cmake/ament_cmake_export_libraries-extras.cmake
[23.224s] -- Installing: /workspace/install/ros2_data/share/ros2_data/cmake/ament_cmake_export_targets-extras.cmake
[23.224s] -- Installing: /workspace/install/ros2_data/share/ros2_data/cmake/rosidl_cmake_export_typesupport_targets-extras.cmake
[23.225s] -- Installing: /workspace/install/ros2_data/share/ros2_data/cmake/rosidl_cmake_export_typesupport_libraries-extras.cmake
[23.225s] -- Installing: /workspace/install/ros2_data/share/ros2_data/cmake/ros2_dataConfig.cmake
[23.225s] -- Installing: /workspace/install/ros2_data/share/ros2_data/cmake/ros2_dataConfig-version.cmake
[23.225s] -- Installing: /workspace/install/ros2_data/share/ros2_data/package.xml
[23.230s] Invoked command in '/workspace/build/ros2_data' returned '0': CMAKE_PREFIX_PATH=${CMAKE_PREFIX_PATH}:/workspace/install/srvcli:/workspace/install/pubsub:/workspace/install/my_py_pkg:/workspace/install/inverse_kinematics:/opt/ros/humble /usr/bin/cmake --install /workspace/build/ros2_data
